2019-02-12T13:04:30.748 +0000 INFO  - FeatureCollection added = FeatureCollectionConfig name ='HYCOM_124_3DTS-forecast' collectionName='HYCOM_124_3DTS-forecast' type='FMRC'
  spec='/usr/local/tds/datasets/remo/hycom124forecast/**/HYCOM_SE24_3DT_#yyyyMMdd#\.nc$'
  olderThan =10 min
  timePartition =directory
  updateConfig =UpdateConfig{userDefined=true, recheckAfter='null', rescan='0 0/5 * * * ? *', triggerOk=true, updateType=test}
  tdmConfig =UpdateConfig{userDefined=false, recheckAfter='null', rescan='null', triggerOk=true, updateType=test}
  ProtoConfig{choice=Penultimate, change='null', param='null', outerNcml='null', cacheAll=true}
  hasInnerNcml =true
  fmrcConfig =FmrcConfig: regularize=false datasetTypes=[Best, Files]

2019-02-12T13:04:30.748 +0000 WARN  - MFileCollectionManager parse error =  Directory /usr/local/tds/datasets/remo/hycom124forecast does not exist 
 
2019-02-12T13:04:30.748 +0000 INFO  - scheduleJob startup scan force=test for 'HYCOM_124_3DTS-forecast' at 2019-02-12T13:04:33.748+0000
2019-02-12T13:04:30.749 +0000 INFO  - scheduleJob recurring scan for 'HYCOM_124_3DTS-forecast' cronExpr=0 0/5 * * * ? *
2019-02-12T13:04:33.748 +0000 ERROR - HYCOM_124_3DTS-forecast: Invalid collection= MCollection{name='/usr/local/tds/datasets/remo/hycom124forecast', dirName='/usr/local/tds/datasets/remo/hycom124forecast', wantSubdirs=true, filter=WildcardMatchOnPath{wildcard=null regexp=HYCOM_SE24_3DT_........\.nc$}}
2019-02-12T13:04:33.748 +0000 WARN  - MFileCollectionManager: No files found for HYCOM_124_3DTS-forecast
2019-02-12T13:05:00.004 +0000 ERROR - HYCOM_124_3DTS-forecast: Invalid collection= MCollection{name='/usr/local/tds/datasets/remo/hycom124forecast', dirName='/usr/local/tds/datasets/remo/hycom124forecast', wantSubdirs=true, filter=WildcardMatchOnPath{wildcard=null regexp=HYCOM_SE24_3DT_........\.nc$}}
2019-02-12T13:05:00.004 +0000 WARN  - MFileCollectionManager: No files found for HYCOM_124_3DTS-forecast
2019-02-12T13:10:00.003 +0000 ERROR - HYCOM_124_3DTS-forecast: Invalid collection= MCollection{name='/usr/local/tds/datasets/remo/hycom124forecast', dirName='/usr/local/tds/datasets/remo/hycom124forecast', wantSubdirs=true, filter=WildcardMatchOnPath{wildcard=null regexp=HYCOM_SE24_3DT_........\.nc$}}
2019-02-12T13:10:00.003 +0000 WARN  - MFileCollectionManager: No files found for HYCOM_124_3DTS-forecast
2019-02-12T13:11:49.974 +0000 INFO  - FeatureCollection added = FeatureCollectionConfig name ='HYCOM_124_3DTS-forecast' collectionName='HYCOM_124_3DTS-forecast' type='FMRC'
  spec='/usr/local/tds/datasets/remo/hycom124forecast/**/HYCOM_SE24_3DT_#yyyyMMdd#\.nc$'
  olderThan =10 min
  timePartition =directory
  updateConfig =UpdateConfig{userDefined=true, recheckAfter='null', rescan='0 0/5 * * * ? *', triggerOk=true, updateType=test}
  tdmConfig =UpdateConfig{userDefined=false, recheckAfter='null', rescan='null', triggerOk=true, updateType=test}
  ProtoConfig{choice=Penultimate, change='null', param='null', outerNcml='null', cacheAll=true}
  hasInnerNcml =true
  fmrcConfig =FmrcConfig: regularize=false datasetTypes=[Best, Files]

2019-02-12T13:11:49.974 +0000 WARN  - MFileCollectionManager parse error =  Directory /usr/local/tds/datasets/remo/hycom124forecast does not exist 
 
2019-02-12T13:11:49.974 +0000 INFO  - scheduleJob startup scan force=test for 'HYCOM_124_3DTS-forecast' at 2019-02-12T13:11:52.974+0000
2019-02-12T13:11:49.975 +0000 INFO  - scheduleJob recurring scan for 'HYCOM_124_3DTS-forecast' cronExpr=0 0/5 * * * ? *
2019-02-12T13:11:52.975 +0000 ERROR - HYCOM_124_3DTS-forecast: Invalid collection= MCollection{name='/usr/local/tds/datasets/remo/hycom124forecast', dirName='/usr/local/tds/datasets/remo/hycom124forecast', wantSubdirs=true, filter=WildcardMatchOnPath{wildcard=null regexp=HYCOM_SE24_3DT_........\.nc$}}
2019-02-12T13:11:52.975 +0000 WARN  - MFileCollectionManager: No files found for HYCOM_124_3DTS-forecast
2019-02-12T13:15:00.005 +0000 ERROR - HYCOM_124_3DTS-forecast: Invalid collection= MCollection{name='/usr/local/tds/datasets/remo/hycom124forecast', dirName='/usr/local/tds/datasets/remo/hycom124forecast', wantSubdirs=true, filter=WildcardMatchOnPath{wildcard=null regexp=HYCOM_SE24_3DT_........\.nc$}}
2019-02-12T13:15:00.005 +0000 WARN  - MFileCollectionManager: No files found for HYCOM_124_3DTS-forecast
2019-02-12T13:20:00.003 +0000 ERROR - HYCOM_124_3DTS-forecast: Invalid collection= MCollection{name='/usr/local/tds/datasets/remo/hycom124forecast', dirName='/usr/local/tds/datasets/remo/hycom124forecast', wantSubdirs=true, filter=WildcardMatchOnPath{wildcard=null regexp=HYCOM_SE24_3DT_........\.nc$}}
2019-02-12T13:20:00.003 +0000 WARN  - MFileCollectionManager: No files found for HYCOM_124_3DTS-forecast
2019-02-12T13:25:00.006 +0000 ERROR - HYCOM_124_3DTS-forecast: Invalid collection= MCollection{name='/usr/local/tds/datasets/remo/hycom124forecast', dirName='/usr/local/tds/datasets/remo/hycom124forecast', wantSubdirs=true, filter=WildcardMatchOnPath{wildcard=null regexp=HYCOM_SE24_3DT_........\.nc$}}
2019-02-12T13:25:00.006 +0000 WARN  - MFileCollectionManager: No files found for HYCOM_124_3DTS-forecast
2019-02-12T13:30:00.003 +0000 ERROR - HYCOM_124_3DTS-forecast: Invalid collection= MCollection{name='/usr/local/tds/datasets/remo/hycom124forecast', dirName='/usr/local/tds/datasets/remo/hycom124forecast', wantSubdirs=true, filter=WildcardMatchOnPath{wildcard=null regexp=HYCOM_SE24_3DT_........\.nc$}}
2019-02-12T13:30:00.003 +0000 WARN  - MFileCollectionManager: No files found for HYCOM_124_3DTS-forecast
2019-02-12T13:35:00.002 +0000 ERROR - HYCOM_124_3DTS-forecast: Invalid collection= MCollection{name='/usr/local/tds/datasets/remo/hycom124forecast', dirName='/usr/local/tds/datasets/remo/hycom124forecast', wantSubdirs=true, filter=WildcardMatchOnPath{wildcard=null regexp=HYCOM_SE24_3DT_........\.nc$}}
2019-02-12T13:35:00.002 +0000 WARN  - MFileCollectionManager: No files found for HYCOM_124_3DTS-forecast
2019-02-12T13:40:00.002 +0000 ERROR - HYCOM_124_3DTS-forecast: Invalid collection= MCollection{name='/usr/local/tds/datasets/remo/hycom124forecast', dirName='/usr/local/tds/datasets/remo/hycom124forecast', wantSubdirs=true, filter=WildcardMatchOnPath{wildcard=null regexp=HYCOM_SE24_3DT_........\.nc$}}
2019-02-12T13:40:00.002 +0000 WARN  - MFileCollectionManager: No files found for HYCOM_124_3DTS-forecast
2019-02-12T13:45:00.006 +0000 ERROR - HYCOM_124_3DTS-forecast: Invalid collection= MCollection{name='/usr/local/tds/datasets/remo/hycom124forecast', dirName='/usr/local/tds/datasets/remo/hycom124forecast', wantSubdirs=true, filter=WildcardMatchOnPath{wildcard=null regexp=HYCOM_SE24_3DT_........\.nc$}}
2019-02-12T13:45:00.006 +0000 WARN  - MFileCollectionManager: No files found for HYCOM_124_3DTS-forecast
2019-02-12T13:50:00.002 +0000 ERROR - HYCOM_124_3DTS-forecast: Invalid collection= MCollection{name='/usr/local/tds/datasets/remo/hycom124forecast', dirName='/usr/local/tds/datasets/remo/hycom124forecast', wantSubdirs=true, filter=WildcardMatchOnPath{wildcard=null regexp=HYCOM_SE24_3DT_........\.nc$}}
2019-02-12T13:50:00.003 +0000 WARN  - MFileCollectionManager: No files found for HYCOM_124_3DTS-forecast
2019-02-12T13:55:00.002 +0000 ERROR - HYCOM_124_3DTS-forecast: Invalid collection= MCollection{name='/usr/local/tds/datasets/remo/hycom124forecast', dirName='/usr/local/tds/datasets/remo/hycom124forecast', wantSubdirs=true, filter=WildcardMatchOnPath{wildcard=null regexp=HYCOM_SE24_3DT_........\.nc$}}
2019-02-12T13:55:00.002 +0000 WARN  - MFileCollectionManager: No files found for HYCOM_124_3DTS-forecast
