2019-02-12T13:04:30.745 +0000 INFO  - FeatureCollection added = FeatureCollectionConfig name ='HYCOM_124_2D-forecast' collectionName='HYCOM_124_2D-forecast' type='FMRC'
  spec='/usr/local/tds/datasets/remo/hycom124forecast/**/HYCOM_SE24_2D_#yyyyMMdd#\.nc$'
  olderThan =10 min
  timePartition =directory
  updateConfig =UpdateConfig{userDefined=true, recheckAfter='null', rescan='0 0/5 * * * ? *', triggerOk=true, updateType=test}
  tdmConfig =UpdateConfig{userDefined=false, recheckAfter='null', rescan='null', triggerOk=true, updateType=test}
  ProtoConfig{choice=Penultimate, change='null', param='null', outerNcml='null', cacheAll=true}
  hasInnerNcml =true
  fmrcConfig =FmrcConfig: regularize=false datasetTypes=[Best, Files]

2019-02-12T13:04:30.745 +0000 WARN  - MFileCollectionManager parse error =  Directory /usr/local/tds/datasets/remo/hycom124forecast does not exist 
 
2019-02-12T13:04:30.745 +0000 INFO  - scheduleJob startup scan force=test for 'HYCOM_124_2D-forecast' at 2019-02-12T13:04:33.745+0000
2019-02-12T13:04:30.746 +0000 INFO  - scheduleJob recurring scan for 'HYCOM_124_2D-forecast' cronExpr=0 0/5 * * * ? *
2019-02-12T13:04:33.745 +0000 ERROR - HYCOM_124_2D-forecast: Invalid collection= MCollection{name='/usr/local/tds/datasets/remo/hycom124forecast', dirName='/usr/local/tds/datasets/remo/hycom124forecast', wantSubdirs=true, filter=WildcardMatchOnPath{wildcard=null regexp=HYCOM_SE24_2D_........\.nc$}}
2019-02-12T13:04:33.745 +0000 WARN  - MFileCollectionManager: No files found for HYCOM_124_2D-forecast
2019-02-12T13:05:00.003 +0000 ERROR - HYCOM_124_2D-forecast: Invalid collection= MCollection{name='/usr/local/tds/datasets/remo/hycom124forecast', dirName='/usr/local/tds/datasets/remo/hycom124forecast', wantSubdirs=true, filter=WildcardMatchOnPath{wildcard=null regexp=HYCOM_SE24_2D_........\.nc$}}
2019-02-12T13:05:00.003 +0000 WARN  - MFileCollectionManager: No files found for HYCOM_124_2D-forecast
2019-02-12T13:10:00.003 +0000 ERROR - HYCOM_124_2D-forecast: Invalid collection= MCollection{name='/usr/local/tds/datasets/remo/hycom124forecast', dirName='/usr/local/tds/datasets/remo/hycom124forecast', wantSubdirs=true, filter=WildcardMatchOnPath{wildcard=null regexp=HYCOM_SE24_2D_........\.nc$}}
2019-02-12T13:10:00.003 +0000 WARN  - MFileCollectionManager: No files found for HYCOM_124_2D-forecast
2019-02-12T13:11:49.970 +0000 INFO  - FeatureCollection added = FeatureCollectionConfig name ='HYCOM_124_2D-forecast' collectionName='HYCOM_124_2D-forecast' type='FMRC'
  spec='/usr/local/tds/datasets/remo/hycom124forecast/**/HYCOM_SE24_2D_#yyyyMMdd#\.nc$'
  olderThan =10 min
  timePartition =directory
  updateConfig =UpdateConfig{userDefined=true, recheckAfter='null', rescan='0 0/5 * * * ? *', triggerOk=true, updateType=test}
  tdmConfig =UpdateConfig{userDefined=false, recheckAfter='null', rescan='null', triggerOk=true, updateType=test}
  ProtoConfig{choice=Penultimate, change='null', param='null', outerNcml='null', cacheAll=true}
  hasInnerNcml =true
  fmrcConfig =FmrcConfig: regularize=false datasetTypes=[Best, Files]

2019-02-12T13:11:49.970 +0000 WARN  - MFileCollectionManager parse error =  Directory /usr/local/tds/datasets/remo/hycom124forecast does not exist 
 
2019-02-12T13:11:49.971 +0000 INFO  - scheduleJob startup scan force=test for 'HYCOM_124_2D-forecast' at 2019-02-12T13:11:52.971+0000
2019-02-12T13:11:49.972 +0000 INFO  - scheduleJob recurring scan for 'HYCOM_124_2D-forecast' cronExpr=0 0/5 * * * ? *
2019-02-12T13:11:52.971 +0000 ERROR - HYCOM_124_2D-forecast: Invalid collection= MCollection{name='/usr/local/tds/datasets/remo/hycom124forecast', dirName='/usr/local/tds/datasets/remo/hycom124forecast', wantSubdirs=true, filter=WildcardMatchOnPath{wildcard=null regexp=HYCOM_SE24_2D_........\.nc$}}
2019-02-12T13:11:52.972 +0000 WARN  - MFileCollectionManager: No files found for HYCOM_124_2D-forecast
2019-02-12T13:15:00.004 +0000 ERROR - HYCOM_124_2D-forecast: Invalid collection= MCollection{name='/usr/local/tds/datasets/remo/hycom124forecast', dirName='/usr/local/tds/datasets/remo/hycom124forecast', wantSubdirs=true, filter=WildcardMatchOnPath{wildcard=null regexp=HYCOM_SE24_2D_........\.nc$}}
2019-02-12T13:15:00.004 +0000 WARN  - MFileCollectionManager: No files found for HYCOM_124_2D-forecast
2019-02-12T13:20:00.002 +0000 ERROR - HYCOM_124_2D-forecast: Invalid collection= MCollection{name='/usr/local/tds/datasets/remo/hycom124forecast', dirName='/usr/local/tds/datasets/remo/hycom124forecast', wantSubdirs=true, filter=WildcardMatchOnPath{wildcard=null regexp=HYCOM_SE24_2D_........\.nc$}}
2019-02-12T13:20:00.002 +0000 WARN  - MFileCollectionManager: No files found for HYCOM_124_2D-forecast
2019-02-12T13:25:00.001 +0000 ERROR - HYCOM_124_2D-forecast: Invalid collection= MCollection{name='/usr/local/tds/datasets/remo/hycom124forecast', dirName='/usr/local/tds/datasets/remo/hycom124forecast', wantSubdirs=true, filter=WildcardMatchOnPath{wildcard=null regexp=HYCOM_SE24_2D_........\.nc$}}
2019-02-12T13:25:00.001 +0000 WARN  - MFileCollectionManager: No files found for HYCOM_124_2D-forecast
2019-02-12T13:30:00.002 +0000 ERROR - HYCOM_124_2D-forecast: Invalid collection= MCollection{name='/usr/local/tds/datasets/remo/hycom124forecast', dirName='/usr/local/tds/datasets/remo/hycom124forecast', wantSubdirs=true, filter=WildcardMatchOnPath{wildcard=null regexp=HYCOM_SE24_2D_........\.nc$}}
2019-02-12T13:30:00.002 +0000 WARN  - MFileCollectionManager: No files found for HYCOM_124_2D-forecast
2019-02-12T13:35:00.001 +0000 ERROR - HYCOM_124_2D-forecast: Invalid collection= MCollection{name='/usr/local/tds/datasets/remo/hycom124forecast', dirName='/usr/local/tds/datasets/remo/hycom124forecast', wantSubdirs=true, filter=WildcardMatchOnPath{wildcard=null regexp=HYCOM_SE24_2D_........\.nc$}}
2019-02-12T13:35:00.001 +0000 WARN  - MFileCollectionManager: No files found for HYCOM_124_2D-forecast
2019-02-12T13:40:00.002 +0000 ERROR - HYCOM_124_2D-forecast: Invalid collection= MCollection{name='/usr/local/tds/datasets/remo/hycom124forecast', dirName='/usr/local/tds/datasets/remo/hycom124forecast', wantSubdirs=true, filter=WildcardMatchOnPath{wildcard=null regexp=HYCOM_SE24_2D_........\.nc$}}
2019-02-12T13:40:00.003 +0000 WARN  - MFileCollectionManager: No files found for HYCOM_124_2D-forecast
2019-02-12T13:45:00.001 +0000 ERROR - HYCOM_124_2D-forecast: Invalid collection= MCollection{name='/usr/local/tds/datasets/remo/hycom124forecast', dirName='/usr/local/tds/datasets/remo/hycom124forecast', wantSubdirs=true, filter=WildcardMatchOnPath{wildcard=null regexp=HYCOM_SE24_2D_........\.nc$}}
2019-02-12T13:45:00.001 +0000 WARN  - MFileCollectionManager: No files found for HYCOM_124_2D-forecast
2019-02-12T13:50:00.002 +0000 ERROR - HYCOM_124_2D-forecast: Invalid collection= MCollection{name='/usr/local/tds/datasets/remo/hycom124forecast', dirName='/usr/local/tds/datasets/remo/hycom124forecast', wantSubdirs=true, filter=WildcardMatchOnPath{wildcard=null regexp=HYCOM_SE24_2D_........\.nc$}}
2019-02-12T13:50:00.002 +0000 WARN  - MFileCollectionManager: No files found for HYCOM_124_2D-forecast
2019-02-12T13:55:00.002 +0000 ERROR - HYCOM_124_2D-forecast: Invalid collection= MCollection{name='/usr/local/tds/datasets/remo/hycom124forecast', dirName='/usr/local/tds/datasets/remo/hycom124forecast', wantSubdirs=true, filter=WildcardMatchOnPath{wildcard=null regexp=HYCOM_SE24_2D_........\.nc$}}
2019-02-12T13:55:00.002 +0000 WARN  - MFileCollectionManager: No files found for HYCOM_124_2D-forecast
