2019-02-12T13:04:30.611 +0000 INFO  - FeatureCollection added = FeatureCollectionConfig name ='HYCOM' collectionName='HYCOM' type='FMRC'
  spec='/mnt/storage/netcdf/008/**/HYCOM_MV_#yyyyMMdd#\.nc$'
  olderThan =1 min
  timePartition =directory
  updateConfig =UpdateConfig{userDefined=true, recheckAfter='null', rescan='0 0/5 * * * ? *', triggerOk=true, updateType=test}
  tdmConfig =UpdateConfig{userDefined=false, recheckAfter='null', rescan='null', triggerOk=true, updateType=test}
  ProtoConfig{choice=Penultimate, change='null', param='null', outerNcml='null', cacheAll=true}
  hasInnerNcml =true
  fmrcConfig =FmrcConfig: regularize=false datasetTypes=[Best]

2019-02-12T13:04:30.670 +0000 WARN  - MFileCollectionManager parse error =  Directory /mnt/storage/netcdf/008 does not exist 
 
2019-02-12T13:04:30.728 +0000 INFO  - scheduleJob startup scan force=test for 'HYCOM' at 2019-02-12T13:04:33.725+0000
2019-02-12T13:04:30.734 +0000 INFO  - scheduleJob recurring scan for 'HYCOM' cronExpr=0 0/5 * * * ? *
2019-02-12T13:04:33.737 +0000 ERROR - HYCOM: Invalid collection= MCollection{name='/mnt/storage/netcdf/008', dirName='/mnt/storage/netcdf/008', wantSubdirs=true, filter=WildcardMatchOnPath{wildcard=null regexp=HYCOM_MV_........\.nc$}}
2019-02-12T13:04:33.737 +0000 WARN  - MFileCollectionManager: No files found for HYCOM
2019-02-12T13:05:00.002 +0000 ERROR - HYCOM: Invalid collection= MCollection{name='/mnt/storage/netcdf/008', dirName='/mnt/storage/netcdf/008', wantSubdirs=true, filter=WildcardMatchOnPath{wildcard=null regexp=HYCOM_MV_........\.nc$}}
2019-02-12T13:05:00.002 +0000 WARN  - MFileCollectionManager: No files found for HYCOM
2019-02-12T13:10:00.003 +0000 ERROR - HYCOM: Invalid collection= MCollection{name='/mnt/storage/netcdf/008', dirName='/mnt/storage/netcdf/008', wantSubdirs=true, filter=WildcardMatchOnPath{wildcard=null regexp=HYCOM_MV_........\.nc$}}
2019-02-12T13:10:00.003 +0000 WARN  - MFileCollectionManager: No files found for HYCOM
2019-02-12T13:11:49.886 +0000 INFO  - FeatureCollection added = FeatureCollectionConfig name ='HYCOM' collectionName='HYCOM' type='FMRC'
  spec='/mnt/storage/netcdf/008/**/HYCOM_MV_#yyyyMMdd#\.nc$'
  olderThan =1 min
  timePartition =directory
  updateConfig =UpdateConfig{userDefined=true, recheckAfter='null', rescan='0 0/5 * * * ? *', triggerOk=true, updateType=test}
  tdmConfig =UpdateConfig{userDefined=false, recheckAfter='null', rescan='null', triggerOk=true, updateType=test}
  ProtoConfig{choice=Penultimate, change='null', param='null', outerNcml='null', cacheAll=true}
  hasInnerNcml =true
  fmrcConfig =FmrcConfig: regularize=false datasetTypes=[Best]

2019-02-12T13:11:49.891 +0000 WARN  - MFileCollectionManager parse error =  Directory /mnt/storage/netcdf/008 does not exist 
 
2019-02-12T13:11:49.950 +0000 INFO  - scheduleJob startup scan force=test for 'HYCOM' at 2019-02-12T13:11:52.947+0000
2019-02-12T13:11:49.958 +0000 INFO  - scheduleJob recurring scan for 'HYCOM' cronExpr=0 0/5 * * * ? *
2019-02-12T13:11:52.961 +0000 ERROR - HYCOM: Invalid collection= MCollection{name='/mnt/storage/netcdf/008', dirName='/mnt/storage/netcdf/008', wantSubdirs=true, filter=WildcardMatchOnPath{wildcard=null regexp=HYCOM_MV_........\.nc$}}
2019-02-12T13:11:52.961 +0000 WARN  - MFileCollectionManager: No files found for HYCOM
2019-02-12T13:15:00.002 +0000 ERROR - HYCOM: Invalid collection= MCollection{name='/mnt/storage/netcdf/008', dirName='/mnt/storage/netcdf/008', wantSubdirs=true, filter=WildcardMatchOnPath{wildcard=null regexp=HYCOM_MV_........\.nc$}}
2019-02-12T13:15:00.002 +0000 WARN  - MFileCollectionManager: No files found for HYCOM
2019-02-12T13:20:00.001 +0000 ERROR - HYCOM: Invalid collection= MCollection{name='/mnt/storage/netcdf/008', dirName='/mnt/storage/netcdf/008', wantSubdirs=true, filter=WildcardMatchOnPath{wildcard=null regexp=HYCOM_MV_........\.nc$}}
2019-02-12T13:20:00.002 +0000 WARN  - MFileCollectionManager: No files found for HYCOM
2019-02-12T13:25:00.001 +0000 ERROR - HYCOM: Invalid collection= MCollection{name='/mnt/storage/netcdf/008', dirName='/mnt/storage/netcdf/008', wantSubdirs=true, filter=WildcardMatchOnPath{wildcard=null regexp=HYCOM_MV_........\.nc$}}
2019-02-12T13:25:00.001 +0000 WARN  - MFileCollectionManager: No files found for HYCOM
2019-02-12T13:30:00.001 +0000 ERROR - HYCOM: Invalid collection= MCollection{name='/mnt/storage/netcdf/008', dirName='/mnt/storage/netcdf/008', wantSubdirs=true, filter=WildcardMatchOnPath{wildcard=null regexp=HYCOM_MV_........\.nc$}}
2019-02-12T13:30:00.001 +0000 WARN  - MFileCollectionManager: No files found for HYCOM
2019-02-12T13:35:00.001 +0000 ERROR - HYCOM: Invalid collection= MCollection{name='/mnt/storage/netcdf/008', dirName='/mnt/storage/netcdf/008', wantSubdirs=true, filter=WildcardMatchOnPath{wildcard=null regexp=HYCOM_MV_........\.nc$}}
2019-02-12T13:35:00.001 +0000 WARN  - MFileCollectionManager: No files found for HYCOM
2019-02-12T13:40:00.001 +0000 ERROR - HYCOM: Invalid collection= MCollection{name='/mnt/storage/netcdf/008', dirName='/mnt/storage/netcdf/008', wantSubdirs=true, filter=WildcardMatchOnPath{wildcard=null regexp=HYCOM_MV_........\.nc$}}
2019-02-12T13:40:00.001 +0000 WARN  - MFileCollectionManager: No files found for HYCOM
2019-02-12T13:45:00.001 +0000 ERROR - HYCOM: Invalid collection= MCollection{name='/mnt/storage/netcdf/008', dirName='/mnt/storage/netcdf/008', wantSubdirs=true, filter=WildcardMatchOnPath{wildcard=null regexp=HYCOM_MV_........\.nc$}}
2019-02-12T13:45:00.001 +0000 WARN  - MFileCollectionManager: No files found for HYCOM
2019-02-12T13:50:00.002 +0000 ERROR - HYCOM: Invalid collection= MCollection{name='/mnt/storage/netcdf/008', dirName='/mnt/storage/netcdf/008', wantSubdirs=true, filter=WildcardMatchOnPath{wildcard=null regexp=HYCOM_MV_........\.nc$}}
2019-02-12T13:50:00.002 +0000 WARN  - MFileCollectionManager: No files found for HYCOM
2019-02-12T13:55:00.001 +0000 ERROR - HYCOM: Invalid collection= MCollection{name='/mnt/storage/netcdf/008', dirName='/mnt/storage/netcdf/008', wantSubdirs=true, filter=WildcardMatchOnPath{wildcard=null regexp=HYCOM_MV_........\.nc$}}
2019-02-12T13:55:00.001 +0000 WARN  - MFileCollectionManager: No files found for HYCOM
2019-02-12T13:59:22.117 +0000 INFO  - FeatureCollection added = FeatureCollectionConfig name ='HYCOM' collectionName='HYCOM' type='FMRC'
  spec='/mnt/storage/netcdf/008/**/HYCOM_MV_#yyyyMMdd#\.nc$'
  olderThan =1 min
  timePartition =directory
  updateConfig =UpdateConfig{userDefined=true, recheckAfter='null', rescan='0 0/5 * * * ? *', triggerOk=true, updateType=test}
  tdmConfig =UpdateConfig{userDefined=false, recheckAfter='null', rescan='null', triggerOk=true, updateType=test}
  ProtoConfig{choice=Penultimate, change='null', param='null', outerNcml='null', cacheAll=true}
  hasInnerNcml =true
  fmrcConfig =FmrcConfig: regularize=false datasetTypes=[Best]

2019-02-12T13:59:22.122 +0000 WARN  - MFileCollectionManager parse error =  Directory /mnt/storage/netcdf/008 does not exist 
 
2019-02-12T13:59:22.187 +0000 INFO  - scheduleJob startup scan force=test for 'HYCOM' at 2019-02-12T13:59:25.183+0000
2019-02-12T13:59:22.194 +0000 INFO  - scheduleJob recurring scan for 'HYCOM' cronExpr=0 0/5 * * * ? *
2019-02-12T13:59:25.194 +0000 ERROR - HYCOM: Invalid collection= MCollection{name='/mnt/storage/netcdf/008', dirName='/mnt/storage/netcdf/008', wantSubdirs=true, filter=WildcardMatchOnPath{wildcard=null regexp=HYCOM_MV_........\.nc$}}
2019-02-12T13:59:25.195 +0000 WARN  - MFileCollectionManager: No files found for HYCOM
2019-02-12T14:00:00.002 +0000 ERROR - HYCOM: Invalid collection= MCollection{name='/mnt/storage/netcdf/008', dirName='/mnt/storage/netcdf/008', wantSubdirs=true, filter=WildcardMatchOnPath{wildcard=null regexp=HYCOM_MV_........\.nc$}}
2019-02-12T14:00:00.003 +0000 WARN  - MFileCollectionManager: No files found for HYCOM
2019-02-12T14:05:00.001 +0000 ERROR - HYCOM: Invalid collection= MCollection{name='/mnt/storage/netcdf/008', dirName='/mnt/storage/netcdf/008', wantSubdirs=true, filter=WildcardMatchOnPath{wildcard=null regexp=HYCOM_MV_........\.nc$}}
2019-02-12T14:05:00.002 +0000 WARN  - MFileCollectionManager: No files found for HYCOM
2019-02-12T14:10:00.001 +0000 ERROR - HYCOM: Invalid collection= MCollection{name='/mnt/storage/netcdf/008', dirName='/mnt/storage/netcdf/008', wantSubdirs=true, filter=WildcardMatchOnPath{wildcard=null regexp=HYCOM_MV_........\.nc$}}
2019-02-12T14:10:00.001 +0000 WARN  - MFileCollectionManager: No files found for HYCOM
2019-02-12T14:15:00.000 +0000 ERROR - HYCOM: Invalid collection= MCollection{name='/mnt/storage/netcdf/008', dirName='/mnt/storage/netcdf/008', wantSubdirs=true, filter=WildcardMatchOnPath{wildcard=null regexp=HYCOM_MV_........\.nc$}}
2019-02-12T14:15:00.001 +0000 WARN  - MFileCollectionManager: No files found for HYCOM
2019-02-12T14:20:00.001 +0000 ERROR - HYCOM: Invalid collection= MCollection{name='/mnt/storage/netcdf/008', dirName='/mnt/storage/netcdf/008', wantSubdirs=true, filter=WildcardMatchOnPath{wildcard=null regexp=HYCOM_MV_........\.nc$}}
2019-02-12T14:20:00.002 +0000 WARN  - MFileCollectionManager: No files found for HYCOM
2019-02-12T14:25:00.002 +0000 ERROR - HYCOM: Invalid collection= MCollection{name='/mnt/storage/netcdf/008', dirName='/mnt/storage/netcdf/008', wantSubdirs=true, filter=WildcardMatchOnPath{wildcard=null regexp=HYCOM_MV_........\.nc$}}
2019-02-12T14:25:00.002 +0000 WARN  - MFileCollectionManager: No files found for HYCOM
2019-02-12T14:30:00.001 +0000 ERROR - HYCOM: Invalid collection= MCollection{name='/mnt/storage/netcdf/008', dirName='/mnt/storage/netcdf/008', wantSubdirs=true, filter=WildcardMatchOnPath{wildcard=null regexp=HYCOM_MV_........\.nc$}}
2019-02-12T14:30:00.002 +0000 WARN  - MFileCollectionManager: No files found for HYCOM
2019-02-12T14:32:36.567 +0000 INFO  - FeatureCollection added = FeatureCollectionConfig name ='HYCOM' collectionName='HYCOM' type='FMRC'
  spec='/mnt/storage/netcdf/008/**/HYCOM_MV_#yyyyMMdd#\.nc$'
  olderThan =1 min
  timePartition =directory
  updateConfig =UpdateConfig{userDefined=true, recheckAfter='null', rescan='0 0/5 * * * ? *', triggerOk=true, updateType=test}
  tdmConfig =UpdateConfig{userDefined=false, recheckAfter='null', rescan='null', triggerOk=true, updateType=test}
  ProtoConfig{choice=Penultimate, change='null', param='null', outerNcml='null', cacheAll=true}
  hasInnerNcml =true
  fmrcConfig =FmrcConfig: regularize=false datasetTypes=[Best]

2019-02-12T14:32:36.573 +0000 WARN  - MFileCollectionManager parse error =  Directory /mnt/storage/netcdf/008 does not exist 
 
2019-02-12T14:32:36.633 +0000 INFO  - scheduleJob startup scan force=test for 'HYCOM' at 2019-02-12T14:32:39.630+0000
2019-02-12T14:32:36.640 +0000 INFO  - scheduleJob recurring scan for 'HYCOM' cronExpr=0 0/5 * * * ? *
2019-02-12T14:32:39.642 +0000 ERROR - HYCOM: Invalid collection= MCollection{name='/mnt/storage/netcdf/008', dirName='/mnt/storage/netcdf/008', wantSubdirs=true, filter=WildcardMatchOnPath{wildcard=null regexp=HYCOM_MV_........\.nc$}}
2019-02-12T14:32:39.642 +0000 WARN  - MFileCollectionManager: No files found for HYCOM
2019-02-12T14:35:00.002 +0000 ERROR - HYCOM: Invalid collection= MCollection{name='/mnt/storage/netcdf/008', dirName='/mnt/storage/netcdf/008', wantSubdirs=true, filter=WildcardMatchOnPath{wildcard=null regexp=HYCOM_MV_........\.nc$}}
2019-02-12T14:35:00.005 +0000 WARN  - MFileCollectionManager: No files found for HYCOM
2019-02-12T14:40:00.001 +0000 ERROR - HYCOM: Invalid collection= MCollection{name='/mnt/storage/netcdf/008', dirName='/mnt/storage/netcdf/008', wantSubdirs=true, filter=WildcardMatchOnPath{wildcard=null regexp=HYCOM_MV_........\.nc$}}
2019-02-12T14:40:00.001 +0000 WARN  - MFileCollectionManager: No files found for HYCOM
2019-02-12T14:45:00.001 +0000 ERROR - HYCOM: Invalid collection= MCollection{name='/mnt/storage/netcdf/008', dirName='/mnt/storage/netcdf/008', wantSubdirs=true, filter=WildcardMatchOnPath{wildcard=null regexp=HYCOM_MV_........\.nc$}}
2019-02-12T14:45:00.001 +0000 WARN  - MFileCollectionManager: No files found for HYCOM
2019-02-12T14:50:00.001 +0000 ERROR - HYCOM: Invalid collection= MCollection{name='/mnt/storage/netcdf/008', dirName='/mnt/storage/netcdf/008', wantSubdirs=true, filter=WildcardMatchOnPath{wildcard=null regexp=HYCOM_MV_........\.nc$}}
2019-02-12T14:50:00.001 +0000 WARN  - MFileCollectionManager: No files found for HYCOM
2019-02-12T14:55:00.001 +0000 ERROR - HYCOM: Invalid collection= MCollection{name='/mnt/storage/netcdf/008', dirName='/mnt/storage/netcdf/008', wantSubdirs=true, filter=WildcardMatchOnPath{wildcard=null regexp=HYCOM_MV_........\.nc$}}
2019-02-12T14:55:00.001 +0000 WARN  - MFileCollectionManager: No files found for HYCOM
2019-02-12T14:57:30.866 +0000 INFO  - FeatureCollection added = FeatureCollectionConfig name ='HYCOM' collectionName='HYCOM' type='FMRC'
  spec='/mnt/storage/netcdf/008/**/HYCOM_MV_#yyyyMMdd#\.nc$'
  olderThan =1 min
  timePartition =directory
  updateConfig =UpdateConfig{userDefined=true, recheckAfter='null', rescan='0 0/5 * * * ? *', triggerOk=true, updateType=test}
  tdmConfig =UpdateConfig{userDefined=false, recheckAfter='null', rescan='null', triggerOk=true, updateType=test}
  ProtoConfig{choice=Penultimate, change='null', param='null', outerNcml='null', cacheAll=true}
  hasInnerNcml =true
  fmrcConfig =FmrcConfig: regularize=false datasetTypes=[Best]

2019-02-12T14:57:30.872 +0000 WARN  - MFileCollectionManager parse error =  Directory /mnt/storage/netcdf/008 does not exist 
 
2019-02-12T14:57:30.937 +0000 INFO  - scheduleJob startup scan force=test for 'HYCOM' at 2019-02-12T14:57:33.933+0000
2019-02-12T14:57:30.946 +0000 INFO  - scheduleJob recurring scan for 'HYCOM' cronExpr=0 0/5 * * * ? *
2019-02-12T14:57:33.944 +0000 ERROR - HYCOM: Invalid collection= MCollection{name='/mnt/storage/netcdf/008', dirName='/mnt/storage/netcdf/008', wantSubdirs=true, filter=WildcardMatchOnPath{wildcard=null regexp=HYCOM_MV_........\.nc$}}
2019-02-12T14:57:33.944 +0000 WARN  - MFileCollectionManager: No files found for HYCOM
2019-02-12T14:59:48.503 +0000 INFO  - FeatureCollection added = FeatureCollectionConfig name ='HYCOM' collectionName='HYCOM' type='FMRC'
  spec='/mnt/storage/netcdf/008/**/HYCOM_MV_#yyyyMMdd#\.nc$'
  olderThan =1 min
  timePartition =directory
  updateConfig =UpdateConfig{userDefined=true, recheckAfter='null', rescan='0 0/5 * * * ? *', triggerOk=true, updateType=test}
  tdmConfig =UpdateConfig{userDefined=false, recheckAfter='null', rescan='null', triggerOk=true, updateType=test}
  ProtoConfig{choice=Penultimate, change='null', param='null', outerNcml='null', cacheAll=true}
  hasInnerNcml =true
  fmrcConfig =FmrcConfig: regularize=false datasetTypes=[Best]

2019-02-12T14:59:48.510 +0000 WARN  - MFileCollectionManager parse error =  Directory /mnt/storage/netcdf/008 does not exist 
 
2019-02-12T14:59:48.573 +0000 INFO  - scheduleJob startup scan force=test for 'HYCOM' at 2019-02-12T14:59:51.569+0000
2019-02-12T14:59:48.581 +0000 INFO  - scheduleJob recurring scan for 'HYCOM' cronExpr=0 0/5 * * * ? *
2019-02-12T14:59:51.578 +0000 ERROR - HYCOM: Invalid collection= MCollection{name='/mnt/storage/netcdf/008', dirName='/mnt/storage/netcdf/008', wantSubdirs=true, filter=WildcardMatchOnPath{wildcard=null regexp=HYCOM_MV_........\.nc$}}
2019-02-12T14:59:51.578 +0000 WARN  - MFileCollectionManager: No files found for HYCOM
2019-02-12T15:00:00.002 +0000 ERROR - HYCOM: Invalid collection= MCollection{name='/mnt/storage/netcdf/008', dirName='/mnt/storage/netcdf/008', wantSubdirs=true, filter=WildcardMatchOnPath{wildcard=null regexp=HYCOM_MV_........\.nc$}}
2019-02-12T15:00:00.002 +0000 WARN  - MFileCollectionManager: No files found for HYCOM
2019-02-12T15:05:00.001 +0000 ERROR - HYCOM: Invalid collection= MCollection{name='/mnt/storage/netcdf/008', dirName='/mnt/storage/netcdf/008', wantSubdirs=true, filter=WildcardMatchOnPath{wildcard=null regexp=HYCOM_MV_........\.nc$}}
2019-02-12T15:05:00.001 +0000 WARN  - MFileCollectionManager: No files found for HYCOM
2019-02-12T15:09:16.057 +0000 INFO  - FeatureCollection added = FeatureCollectionConfig name ='HYCOM' collectionName='HYCOM' type='FMRC'
  spec='/mnt/storage/netcdf/008/**/HYCOM_MV_#yyyyMMdd#\.nc$'
  olderThan =1 min
  timePartition =directory
  updateConfig =UpdateConfig{userDefined=true, recheckAfter='null', rescan='0 0/5 * * * ? *', triggerOk=true, updateType=test}
  tdmConfig =UpdateConfig{userDefined=false, recheckAfter='null', rescan='null', triggerOk=true, updateType=test}
  ProtoConfig{choice=Penultimate, change='null', param='null', outerNcml='null', cacheAll=true}
  hasInnerNcml =true
  fmrcConfig =FmrcConfig: regularize=false datasetTypes=[Best]

2019-02-12T15:09:16.065 +0000 WARN  - MFileCollectionManager parse error =  Directory /mnt/storage/netcdf/008 does not exist 
 
2019-02-12T15:09:16.131 +0000 INFO  - scheduleJob startup scan force=test for 'HYCOM' at 2019-02-12T15:09:19.128+0000
2019-02-12T15:09:16.138 +0000 INFO  - scheduleJob recurring scan for 'HYCOM' cronExpr=0 0/5 * * * ? *
2019-02-12T15:09:18.072 +0000 INFO  - FeatureCollection added = FeatureCollectionConfig name ='HYCOM' collectionName='HYCOM' type='FMRC'
  spec='/mnt/storage/netcdf/008/**/HYCOM_MV_#yyyyMMdd#\.nc$'
  olderThan =1 min
  timePartition =directory
  updateConfig =UpdateConfig{userDefined=true, recheckAfter='null', rescan='0 0/5 * * * ? *', triggerOk=true, updateType=test}
  tdmConfig =UpdateConfig{userDefined=false, recheckAfter='null', rescan='null', triggerOk=true, updateType=test}
  ProtoConfig{choice=Penultimate, change='null', param='null', outerNcml='null', cacheAll=true}
  hasInnerNcml =true
  fmrcConfig =FmrcConfig: regularize=false datasetTypes=[Best]

2019-02-12T15:09:18.082 +0000 WARN  - MFileCollectionManager parse error =  Directory /mnt/storage/netcdf/008 does not exist 
 
2019-02-12T15:09:18.146 +0000 INFO  - scheduleJob startup scan force=test for 'HYCOM' at 2019-02-12T15:09:21.142+0000
2019-02-12T15:09:18.152 +0000 INFO  - scheduleJob recurring scan for 'HYCOM' cronExpr=0 0/5 * * * ? *
2019-02-12T15:09:19.162 +0000 ERROR - HYCOM: Invalid collection= MCollection{name='/mnt/storage/netcdf/008', dirName='/mnt/storage/netcdf/008', wantSubdirs=true, filter=WildcardMatchOnPath{wildcard=null regexp=HYCOM_MV_........\.nc$}}
2019-02-12T15:09:19.162 +0000 WARN  - MFileCollectionManager: No files found for HYCOM
2019-02-12T15:09:34.477 +0000 INFO  - FeatureCollection added = FeatureCollectionConfig name ='HYCOM' collectionName='HYCOM' type='FMRC'
  spec='/mnt/storage/netcdf/008/**/HYCOM_MV_#yyyyMMdd#\.nc$'
  olderThan =1 min
  timePartition =directory
  updateConfig =UpdateConfig{userDefined=true, recheckAfter='null', rescan='0 0/5 * * * ? *', triggerOk=true, updateType=test}
  tdmConfig =UpdateConfig{userDefined=false, recheckAfter='null', rescan='null', triggerOk=true, updateType=test}
  ProtoConfig{choice=Penultimate, change='null', param='null', outerNcml='null', cacheAll=true}
  hasInnerNcml =true
  fmrcConfig =FmrcConfig: regularize=false datasetTypes=[Best]

2019-02-12T15:09:34.483 +0000 WARN  - MFileCollectionManager parse error =  Directory /mnt/storage/netcdf/008 does not exist 
 
2019-02-12T15:09:34.564 +0000 INFO  - scheduleJob startup scan force=test for 'HYCOM' at 2019-02-12T15:09:37.556+0000
2019-02-12T15:09:34.576 +0000 INFO  - scheduleJob recurring scan for 'HYCOM' cronExpr=0 0/5 * * * ? *
2019-02-12T15:09:37.580 +0000 ERROR - HYCOM: Invalid collection= MCollection{name='/mnt/storage/netcdf/008', dirName='/mnt/storage/netcdf/008', wantSubdirs=true, filter=WildcardMatchOnPath{wildcard=null regexp=HYCOM_MV_........\.nc$}}
2019-02-12T15:09:37.580 +0000 WARN  - MFileCollectionManager: No files found for HYCOM
2019-02-12T15:10:05.426 +0000 INFO  - FeatureCollection added = FeatureCollectionConfig name ='HYCOM' collectionName='HYCOM' type='FMRC'
  spec='/mnt/storage/netcdf/008/**/HYCOM_MV_#yyyyMMdd#\.nc$'
  olderThan =1 min
  timePartition =directory
  updateConfig =UpdateConfig{userDefined=true, recheckAfter='null', rescan='0 0/5 * * * ? *', triggerOk=true, updateType=test}
  tdmConfig =UpdateConfig{userDefined=false, recheckAfter='null', rescan='null', triggerOk=true, updateType=test}
  ProtoConfig{choice=Penultimate, change='null', param='null', outerNcml='null', cacheAll=true}
  hasInnerNcml =true
  fmrcConfig =FmrcConfig: regularize=false datasetTypes=[Best]

2019-02-12T15:10:05.432 +0000 WARN  - MFileCollectionManager parse error =  Directory /mnt/storage/netcdf/008 does not exist 
 
2019-02-12T15:10:05.496 +0000 INFO  - scheduleJob startup scan force=test for 'HYCOM' at 2019-02-12T15:10:08.492+0000
2019-02-12T15:10:05.509 +0000 INFO  - scheduleJob recurring scan for 'HYCOM' cronExpr=0 0/5 * * * ? *
2019-02-12T15:10:08.514 +0000 ERROR - HYCOM: Invalid collection= MCollection{name='/mnt/storage/netcdf/008', dirName='/mnt/storage/netcdf/008', wantSubdirs=true, filter=WildcardMatchOnPath{wildcard=null regexp=HYCOM_MV_........\.nc$}}
2019-02-12T15:10:08.514 +0000 WARN  - MFileCollectionManager: No files found for HYCOM
2019-02-12T15:11:04.437 +0000 INFO  - FeatureCollection added = FeatureCollectionConfig name ='HYCOM' collectionName='HYCOM' type='FMRC'
  spec='/mnt/storage/netcdf/008/**/HYCOM_MV_#yyyyMMdd#\.nc$'
  olderThan =1 min
  timePartition =directory
  updateConfig =UpdateConfig{userDefined=true, recheckAfter='null', rescan='0 0/5 * * * ? *', triggerOk=true, updateType=test}
  tdmConfig =UpdateConfig{userDefined=false, recheckAfter='null', rescan='null', triggerOk=true, updateType=test}
  ProtoConfig{choice=Penultimate, change='null', param='null', outerNcml='null', cacheAll=true}
  hasInnerNcml =true
  fmrcConfig =FmrcConfig: regularize=false datasetTypes=[Best]

2019-02-12T15:11:04.443 +0000 WARN  - MFileCollectionManager parse error =  Directory /mnt/storage/netcdf/008 does not exist 
 
2019-02-12T15:11:04.505 +0000 INFO  - scheduleJob startup scan force=test for 'HYCOM' at 2019-02-12T15:11:07.502+0000
2019-02-12T15:11:04.512 +0000 INFO  - scheduleJob recurring scan for 'HYCOM' cronExpr=0 0/5 * * * ? *
2019-02-12T15:11:07.524 +0000 ERROR - HYCOM: Invalid collection= MCollection{name='/mnt/storage/netcdf/008', dirName='/mnt/storage/netcdf/008', wantSubdirs=true, filter=WildcardMatchOnPath{wildcard=null regexp=HYCOM_MV_........\.nc$}}
2019-02-12T15:11:07.525 +0000 WARN  - MFileCollectionManager: No files found for HYCOM
2019-02-12T15:11:59.122 +0000 INFO  - FeatureCollection added = FeatureCollectionConfig name ='HYCOM' collectionName='HYCOM' type='FMRC'
  spec='/mnt/storage/netcdf/008/**/HYCOM_MV_#yyyyMMdd#\.nc$'
  olderThan =1 min
  timePartition =directory
  updateConfig =UpdateConfig{userDefined=true, recheckAfter='null', rescan='0 0/5 * * * ? *', triggerOk=true, updateType=test}
  tdmConfig =UpdateConfig{userDefined=false, recheckAfter='null', rescan='null', triggerOk=true, updateType=test}
  ProtoConfig{choice=Penultimate, change='null', param='null', outerNcml='null', cacheAll=true}
  hasInnerNcml =true
  fmrcConfig =FmrcConfig: regularize=false datasetTypes=[Best]

2019-02-12T15:11:59.127 +0000 WARN  - MFileCollectionManager parse error =  Directory /mnt/storage/netcdf/008 does not exist 
 
2019-02-12T15:11:59.179 +0000 INFO  - scheduleJob startup scan force=test for 'HYCOM' at 2019-02-12T15:12:02.176+0000
2019-02-12T15:11:59.186 +0000 INFO  - scheduleJob recurring scan for 'HYCOM' cronExpr=0 0/5 * * * ? *
2019-02-12T15:12:02.202 +0000 ERROR - HYCOM: Invalid collection= MCollection{name='/mnt/storage/netcdf/008', dirName='/mnt/storage/netcdf/008', wantSubdirs=true, filter=WildcardMatchOnPath{wildcard=null regexp=HYCOM_MV_........\.nc$}}
2019-02-12T15:12:02.203 +0000 WARN  - MFileCollectionManager: No files found for HYCOM
2019-02-12T15:13:49.729 +0000 INFO  - FeatureCollection added = FeatureCollectionConfig name ='HYCOM' collectionName='HYCOM' type='FMRC'
  spec='/mnt/storage/netcdf/008/**/HYCOM_MV_#yyyyMMdd#\.nc$'
  olderThan =1 min
  timePartition =directory
  updateConfig =UpdateConfig{userDefined=true, recheckAfter='null', rescan='0 0/5 * * * ? *', triggerOk=true, updateType=test}
  tdmConfig =UpdateConfig{userDefined=false, recheckAfter='null', rescan='null', triggerOk=true, updateType=test}
  ProtoConfig{choice=Penultimate, change='null', param='null', outerNcml='null', cacheAll=true}
  hasInnerNcml =true
  fmrcConfig =FmrcConfig: regularize=false datasetTypes=[Best]

2019-02-12T15:13:49.754 +0000 WARN  - MFileCollectionManager parse error =  Directory /mnt/storage/netcdf/008 does not exist 
 
2019-02-12T15:13:49.989 +0000 INFO  - scheduleJob startup scan force=test for 'HYCOM' at 2019-02-12T15:13:52.970+0000
2019-02-12T15:13:50.025 +0000 INFO  - scheduleJob recurring scan for 'HYCOM' cronExpr=0 0/5 * * * ? *
2019-02-12T15:13:53.017 +0000 ERROR - HYCOM: Invalid collection= MCollection{name='/mnt/storage/netcdf/008', dirName='/mnt/storage/netcdf/008', wantSubdirs=true, filter=WildcardMatchOnPath{wildcard=null regexp=HYCOM_MV_........\.nc$}}
2019-02-12T15:13:53.018 +0000 WARN  - MFileCollectionManager: No files found for HYCOM
2019-02-12T15:13:58.035 +0000 INFO  - FeatureCollection added = FeatureCollectionConfig name ='HYCOM' collectionName='HYCOM' type='FMRC'
  spec='/mnt/storage/netcdf/008/**/HYCOM_MV_#yyyyMMdd#\.nc$'
  olderThan =1 min
  timePartition =directory
  updateConfig =UpdateConfig{userDefined=true, recheckAfter='null', rescan='0 0/5 * * * ? *', triggerOk=true, updateType=test}
  tdmConfig =UpdateConfig{userDefined=false, recheckAfter='null', rescan='null', triggerOk=true, updateType=test}
  ProtoConfig{choice=Penultimate, change='null', param='null', outerNcml='null', cacheAll=true}
  hasInnerNcml =true
  fmrcConfig =FmrcConfig: regularize=false datasetTypes=[Best]

2019-02-12T15:13:58.040 +0000 WARN  - MFileCollectionManager parse error =  Directory /mnt/storage/netcdf/008 does not exist 
 
2019-02-12T15:13:58.108 +0000 INFO  - scheduleJob startup scan force=test for 'HYCOM' at 2019-02-12T15:14:01.103+0000
2019-02-12T15:13:58.115 +0000 INFO  - scheduleJob recurring scan for 'HYCOM' cronExpr=0 0/5 * * * ? *
2019-02-12T15:14:04.247 +0000 INFO  - FeatureCollection added = FeatureCollectionConfig name ='HYCOM' collectionName='HYCOM' type='FMRC'
  spec='/mnt/storage/netcdf/008/**/HYCOM_MV_#yyyyMMdd#\.nc$'
  olderThan =1 min
  timePartition =directory
  updateConfig =UpdateConfig{userDefined=true, recheckAfter='null', rescan='0 0/5 * * * ? *', triggerOk=true, updateType=test}
  tdmConfig =UpdateConfig{userDefined=false, recheckAfter='null', rescan='null', triggerOk=true, updateType=test}
  ProtoConfig{choice=Penultimate, change='null', param='null', outerNcml='null', cacheAll=true}
  hasInnerNcml =true
  fmrcConfig =FmrcConfig: regularize=false datasetTypes=[Best]

2019-02-12T15:14:04.253 +0000 WARN  - MFileCollectionManager parse error =  Directory /mnt/storage/netcdf/008 does not exist 
 
2019-02-12T15:14:04.334 +0000 INFO  - scheduleJob startup scan force=test for 'HYCOM' at 2019-02-12T15:14:07.329+0000
2019-02-12T15:14:04.343 +0000 INFO  - scheduleJob recurring scan for 'HYCOM' cronExpr=0 0/5 * * * ? *
2019-02-12T15:14:33.451 +0000 INFO  - FeatureCollection added = FeatureCollectionConfig name ='HYCOM' collectionName='HYCOM' type='FMRC'
  spec='/mnt/storage/netcdf/008/**/HYCOM_MV_#yyyyMMdd#\.nc$'
  olderThan =1 min
  timePartition =directory
  updateConfig =UpdateConfig{userDefined=true, recheckAfter='null', rescan='0 0/5 * * * ? *', triggerOk=true, updateType=test}
  tdmConfig =UpdateConfig{userDefined=false, recheckAfter='null', rescan='null', triggerOk=true, updateType=test}
  ProtoConfig{choice=Penultimate, change='null', param='null', outerNcml='null', cacheAll=true}
  hasInnerNcml =true
  fmrcConfig =FmrcConfig: regularize=false datasetTypes=[Best]

2019-02-12T15:14:33.457 +0000 WARN  - MFileCollectionManager parse error =  Directory /mnt/storage/netcdf/008 does not exist 
 
2019-02-12T15:14:33.522 +0000 INFO  - scheduleJob startup scan force=test for 'HYCOM' at 2019-02-12T15:14:36.517+0000
2019-02-12T15:14:33.530 +0000 INFO  - scheduleJob recurring scan for 'HYCOM' cronExpr=0 0/5 * * * ? *
2019-02-12T15:15:00.005 +0000 ERROR - HYCOM: Invalid collection= MCollection{name='/mnt/storage/netcdf/008', dirName='/mnt/storage/netcdf/008', wantSubdirs=true, filter=WildcardMatchOnPath{wildcard=null regexp=HYCOM_MV_........\.nc$}}
2019-02-12T15:15:00.005 +0000 WARN  - MFileCollectionManager: No files found for HYCOM
2019-02-12T15:18:42.350 +0000 INFO  - FeatureCollection added = FeatureCollectionConfig name ='HYCOM' collectionName='HYCOM' type='FMRC'
  spec='/mnt/storage/netcdf/008/**/HYCOM_MV_#yyyyMMdd#\.nc$'
  olderThan =1 min
  timePartition =directory
  updateConfig =UpdateConfig{userDefined=true, recheckAfter='null', rescan='0 0/5 * * * ? *', triggerOk=true, updateType=test}
  tdmConfig =UpdateConfig{userDefined=false, recheckAfter='null', rescan='null', triggerOk=true, updateType=test}
  ProtoConfig{choice=Penultimate, change='null', param='null', outerNcml='null', cacheAll=true}
  hasInnerNcml =true
  fmrcConfig =FmrcConfig: regularize=false datasetTypes=[Best]

2019-02-12T15:18:42.357 +0000 WARN  - MFileCollectionManager parse error =  Directory /mnt/storage/netcdf/008 does not exist 
 
2019-02-12T15:18:42.433 +0000 INFO  - scheduleJob startup scan force=test for 'HYCOM' at 2019-02-12T15:18:45.429+0000
2019-02-12T15:18:42.438 +0000 INFO  - scheduleJob recurring scan for 'HYCOM' cronExpr=0 0/5 * * * ? *
2019-02-12T15:18:45.453 +0000 ERROR - HYCOM: Invalid collection= MCollection{name='/mnt/storage/netcdf/008', dirName='/mnt/storage/netcdf/008', wantSubdirs=true, filter=WildcardMatchOnPath{wildcard=null regexp=HYCOM_MV_........\.nc$}}
2019-02-12T15:18:45.453 +0000 WARN  - MFileCollectionManager: No files found for HYCOM
2019-02-12T15:20:00.001 +0000 ERROR - HYCOM: Invalid collection= MCollection{name='/mnt/storage/netcdf/008', dirName='/mnt/storage/netcdf/008', wantSubdirs=true, filter=WildcardMatchOnPath{wildcard=null regexp=HYCOM_MV_........\.nc$}}
2019-02-12T15:20:00.001 +0000 WARN  - MFileCollectionManager: No files found for HYCOM
2019-02-12T15:23:48.355 +0000 INFO  - FeatureCollection added = FeatureCollectionConfig name ='HYCOM' collectionName='HYCOM' type='FMRC'
  spec='/home/henrique/remo/**/HYCOM_MV_#yyyyMMdd#\.nc$'
  olderThan =1 min
  timePartition =directory
  updateConfig =UpdateConfig{userDefined=true, recheckAfter='null', rescan='0 0/5 * * * ? *', triggerOk=true, updateType=test}
  tdmConfig =UpdateConfig{userDefined=false, recheckAfter='null', rescan='null', triggerOk=true, updateType=test}
  ProtoConfig{choice=Penultimate, change='null', param='null', outerNcml='null', cacheAll=true}
  hasInnerNcml =true
  fmrcConfig =FmrcConfig: regularize=false datasetTypes=[Best]

2019-02-12T15:23:48.433 +0000 INFO  - scheduleJob startup scan force=test for 'HYCOM' at 2019-02-12T15:23:51.429+0000
2019-02-12T15:23:48.442 +0000 INFO  - scheduleJob recurring scan for 'HYCOM' cronExpr=0 0/5 * * * ? *
2019-02-12T15:35:00.001 +0000 WARN  - MFileCollectionManager: No files found for HYCOM
2019-02-12T15:35:00.001 +0000 INFO  - HYCOM: scan found changes 2019-02-12T15:35:00.001+0000: nnew=0, nchange=0, ndelete=2
2019-02-12T15:35:00.002 +0000 ERROR - UpdateCollectionJob.execute rescan failed collection=HYCOM
java.lang.IllegalArgumentException: Dimension length =0 must be > 0
	at ucar.nc2.Dimension.setLength(Dimension.java:438) ~[cdm-4.6.12.jar:4.6.12]
	at ucar.nc2.Dimension.<init>(Dimension.java:365) ~[cdm-4.6.12.jar:4.6.12]
	at ucar.nc2.Dimension.<init>(Dimension.java:335) ~[cdm-4.6.12.jar:4.6.12]
	at ucar.nc2.ft.fmrc.FmrcDataset.buildDataset2D(FmrcDataset.java:543) ~[cdm-4.6.12.jar:4.6.12]
	at ucar.nc2.ft.fmrc.FmrcDataset.getNetcdfDataset2D(FmrcDataset.java:182) ~[cdm-4.6.12.jar:4.6.12]
	at ucar.nc2.ft.fmrc.Fmrc.getDataset2D(Fmrc.java:187) ~[cdm-4.6.12.jar:4.6.12]
	at thredds.catalog.InvDatasetFcFmrc.updateCollection(InvDatasetFcFmrc.java:114) ~[tdcommon-4.6.12.jar:4.6.12]
	at thredds.catalog.InvDatasetFeatureCollection.update(InvDatasetFeatureCollection.java:340) ~[tdcommon-4.6.12.jar:4.6.12]
	at thredds.catalog.InvDatasetFcFmrc.update(InvDatasetFcFmrc.java:88) ~[tdcommon-4.6.12.jar:4.6.12]
	at thredds.catalog.InvDatasetFeatureCollection.sendEvent(InvDatasetFeatureCollection.java:228) ~[tdcommon-4.6.12.jar:4.6.12]
	at thredds.inventory.CollectionUpdater$UpdateCollectionJob.execute(CollectionUpdater.java:242) [cdm-4.6.12.jar:4.6.12]
	at org.quartz.core.JobRunShell.run(JobRunShell.java:207) [quartz-2.2.0.jar:?]
	at org.quartz.simpl.SimpleThreadPool$WorkerThread.run(SimpleThreadPool.java:560) [quartz-2.2.0.jar:?]
2019-02-12T15:42:31.596 +0000 INFO  - FeatureCollection added = FeatureCollectionConfig name ='HYCOM' collectionName='HYCOM' type='FMRC'
  spec='/home/henrique/remo/**/HYCOM_MV_#yyyyMMdd#\.nc$'
  olderThan =1 min
  timePartition =directory
  updateConfig =UpdateConfig{userDefined=true, recheckAfter='null', rescan='0 0/5 * * * ? *', triggerOk=true, updateType=test}
  tdmConfig =UpdateConfig{userDefined=false, recheckAfter='null', rescan='null', triggerOk=true, updateType=test}
  ProtoConfig{choice=Penultimate, change='null', param='null', outerNcml='null', cacheAll=true}
  hasInnerNcml =true
  fmrcConfig =FmrcConfig: regularize=false datasetTypes=[Best]

2019-02-12T15:42:31.668 +0000 INFO  - scheduleJob startup scan force=test for 'HYCOM' at 2019-02-12T15:42:34.664+0000
2019-02-12T15:42:31.676 +0000 INFO  - scheduleJob recurring scan for 'HYCOM' cronExpr=0 0/5 * * * ? *
2019-02-12T15:55:17.488 +0000 INFO  - FeatureCollection added = FeatureCollectionConfig name ='HYCOM' collectionName='HYCOM' type='FMRC'
  spec='/home/henrique/remo/**/HYCOM_MV_#yyyyMMdd#\.nc$'
  olderThan =1 min
  timePartition =directory
  updateConfig =UpdateConfig{userDefined=true, recheckAfter='null', rescan='0 0/5 * * * ? *', triggerOk=true, updateType=test}
  tdmConfig =UpdateConfig{userDefined=false, recheckAfter='null', rescan='null', triggerOk=true, updateType=test}
  ProtoConfig{choice=Penultimate, change='null', param='null', outerNcml='null', cacheAll=true}
  hasInnerNcml =true
  fmrcConfig =FmrcConfig: regularize=false datasetTypes=[Best]

2019-02-12T15:55:17.560 +0000 INFO  - scheduleJob startup scan force=test for 'HYCOM' at 2019-02-12T15:55:20.556+0000
2019-02-12T15:55:17.568 +0000 INFO  - scheduleJob recurring scan for 'HYCOM' cronExpr=0 0/5 * * * ? *
2019-02-12T15:59:43.546 +0000 INFO  - FeatureCollection added = FeatureCollectionConfig name ='HYCOM' collectionName='HYCOM' type='FMRC'
  spec='/home/henrique/remo/**/HYCOM_MV_#yyyyMMdd#\.nc$'
  olderThan =1 min
  timePartition =directory
  updateConfig =UpdateConfig{userDefined=true, recheckAfter='null', rescan='0 0/5 * * * ? *', triggerOk=true, updateType=test}
  tdmConfig =UpdateConfig{userDefined=false, recheckAfter='null', rescan='null', triggerOk=true, updateType=test}
  ProtoConfig{choice=Penultimate, change='null', param='null', outerNcml='null', cacheAll=true}
  hasInnerNcml =true
  fmrcConfig =FmrcConfig: regularize=false datasetTypes=[Best]

2019-02-12T15:59:43.609 +0000 INFO  - scheduleJob startup scan force=test for 'HYCOM' at 2019-02-12T15:59:46.605+0000
2019-02-12T15:59:43.614 +0000 INFO  - scheduleJob recurring scan for 'HYCOM' cronExpr=0 0/5 * * * ? *
2019-02-12T16:25:00.001 +0000 INFO  - HYCOM: scan found changes 2019-02-12T16:25:00.001+0000: nnew=1, nchange=0, ndelete=0
2019-02-12T16:50:52.853 +0000 INFO  - FeatureCollection added = FeatureCollectionConfig name ='HYCOM' collectionName='HYCOM' type='FMRC'
  spec='/home/henrique/remo/**/HYCOM_MV_#yyyyMMdd#\.nc$'
  olderThan =1 min
  timePartition =directory
  updateConfig =UpdateConfig{userDefined=true, recheckAfter='null', rescan='0 0/5 * * * ? *', triggerOk=true, updateType=test}
  tdmConfig =UpdateConfig{userDefined=false, recheckAfter='null', rescan='null', triggerOk=true, updateType=test}
  ProtoConfig{choice=Penultimate, change='null', param='null', outerNcml='null', cacheAll=true}
  hasInnerNcml =true
  fmrcConfig =FmrcConfig: regularize=false datasetTypes=[Best]

2019-02-12T16:50:52.942 +0000 INFO  - scheduleJob startup scan force=test for 'HYCOM' at 2019-02-12T16:50:55.938+0000
2019-02-12T16:50:52.950 +0000 INFO  - scheduleJob recurring scan for 'HYCOM' cronExpr=0 0/5 * * * ? *
2019-02-12T17:05:27.274 +0000 INFO  - FeatureCollection added = FeatureCollectionConfig name ='HYCOM' collectionName='HYCOM' type='FMRC'
  spec='/home/henrique/remo/**/HYCOM_MV_#yyyyMMdd#\.nc$'
  olderThan =1 min
  timePartition =directory
  updateConfig =UpdateConfig{userDefined=true, recheckAfter='null', rescan='0 0/5 * * * ? *', triggerOk=true, updateType=test}
  tdmConfig =UpdateConfig{userDefined=false, recheckAfter='null', rescan='null', triggerOk=true, updateType=test}
  ProtoConfig{choice=Penultimate, change='null', param='null', outerNcml='null', cacheAll=true}
  hasInnerNcml =true
  fmrcConfig =FmrcConfig: regularize=false datasetTypes=[Best]

2019-02-12T17:05:27.339 +0000 INFO  - scheduleJob startup scan force=test for 'HYCOM' at 2019-02-12T17:05:30.335+0000
2019-02-12T17:05:27.345 +0000 INFO  - scheduleJob recurring scan for 'HYCOM' cronExpr=0 0/5 * * * ? *
2019-02-12T17:10:00.002 +0000 INFO  - HYCOM: scan found changes 2019-02-12T17:10:00.002+0000: nnew=1, nchange=0, ndelete=0
2019-02-12T17:55:00.001 +0000 INFO  - HYCOM: scan found changes 2019-02-12T17:55:00.001+0000: nnew=1, nchange=0, ndelete=0
2019-02-12T18:45:00.083 +0000 INFO  - HYCOM: scan found changes 2019-02-12T18:45:00.083+0000: nnew=1, nchange=0, ndelete=0
2019-02-12T18:58:53.799 +0000 INFO  - FeatureCollection added = FeatureCollectionConfig name ='HYCOM' collectionName='HYCOM' type='FMRC'
  spec='/home/henrique/remo/**/HYCOM_MV_#yyyyMMdd#\.nc$'
  olderThan =1 min
  timePartition =directory
  updateConfig =UpdateConfig{userDefined=true, recheckAfter='null', rescan='0 0/5 * * * ? *', triggerOk=true, updateType=test}
  tdmConfig =UpdateConfig{userDefined=false, recheckAfter='null', rescan='null', triggerOk=true, updateType=test}
  ProtoConfig{choice=Penultimate, change='null', param='null', outerNcml='null', cacheAll=true}
  hasInnerNcml =true
  fmrcConfig =FmrcConfig: regularize=false datasetTypes=[Best]

2019-02-12T18:58:53.864 +0000 INFO  - scheduleJob startup scan force=test for 'HYCOM' at 2019-02-12T18:58:56.860+0000
2019-02-12T18:58:53.871 +0000 INFO  - scheduleJob recurring scan for 'HYCOM' cronExpr=0 0/5 * * * ? *
2019-02-12T19:08:44.510 +0000 INFO  - FeatureCollection added = FeatureCollectionConfig name ='HYCOM' collectionName='HYCOM' type='FMRC'
  spec='/home/henrique/remo/**/HYCOM_MV_#yyyyMMdd#\.nc$'
  olderThan =1 min
  timePartition =directory
  updateConfig =UpdateConfig{userDefined=true, recheckAfter='null', rescan='0 0/5 * * * ? *', triggerOk=true, updateType=test}
  tdmConfig =UpdateConfig{userDefined=false, recheckAfter='null', rescan='null', triggerOk=true, updateType=test}
  ProtoConfig{choice=Penultimate, change='null', param='null', outerNcml='null', cacheAll=true}
  hasInnerNcml =true
  fmrcConfig =FmrcConfig: regularize=false datasetTypes=[Best]

2019-02-12T19:08:44.582 +0000 INFO  - scheduleJob startup scan force=test for 'HYCOM' at 2019-02-12T19:08:47.577+0000
2019-02-12T19:08:44.590 +0000 INFO  - scheduleJob recurring scan for 'HYCOM' cronExpr=0 0/5 * * * ? *
2019-02-12T19:30:00.002 +0000 INFO  - HYCOM: scan found changes 2019-02-12T19:30:00.002+0000: nnew=1, nchange=0, ndelete=0
2019-02-12T20:15:00.002 +0000 INFO  - HYCOM: scan found changes 2019-02-12T20:15:00.002+0000: nnew=1, nchange=0, ndelete=0
2019-02-12T21:05:00.001 +0000 INFO  - HYCOM: scan found changes 2019-02-12T21:05:00.001+0000: nnew=1, nchange=0, ndelete=0
2019-02-12T21:50:00.001 +0000 INFO  - HYCOM: scan found changes 2019-02-12T21:50:00.001+0000: nnew=1, nchange=0, ndelete=0
2019-02-12T22:35:00.001 +0000 INFO  - HYCOM: scan found changes 2019-02-12T22:35:00.001+0000: nnew=1, nchange=0, ndelete=0
2019-02-12T23:15:00.001 +0000 INFO  - HYCOM: scan found changes 2019-02-12T23:15:00.001+0000: nnew=1, nchange=0, ndelete=0
2019-02-13T00:00:00.003 +0000 INFO  - HYCOM: scan found changes 2019-02-13T00:00:00.003+0000: nnew=1, nchange=0, ndelete=0
2019-02-13T00:45:00.093 +0000 INFO  - HYCOM: scan found changes 2019-02-13T00:45:00.093+0000: nnew=1, nchange=0, ndelete=0
2019-02-13T01:35:00.002 +0000 INFO  - HYCOM: scan found changes 2019-02-13T01:35:00.002+0000: nnew=1, nchange=0, ndelete=0
2019-02-13T02:20:00.002 +0000 INFO  - HYCOM: scan found changes 2019-02-13T02:20:00.002+0000: nnew=1, nchange=0, ndelete=0
2019-02-13T03:00:00.001 +0000 INFO  - HYCOM: scan found changes 2019-02-13T03:00:00.001+0000: nnew=1, nchange=0, ndelete=0
2019-02-13T03:50:00.002 +0000 INFO  - HYCOM: scan found changes 2019-02-13T03:50:00.002+0000: nnew=1, nchange=0, ndelete=0
2019-02-13T04:30:00.002 +0000 INFO  - HYCOM: scan found changes 2019-02-13T04:30:00.002+0000: nnew=1, nchange=0, ndelete=0
2019-02-13T05:20:00.001 +0000 INFO  - HYCOM: scan found changes 2019-02-13T05:20:00.001+0000: nnew=1, nchange=0, ndelete=0
2019-02-13T06:05:00.002 +0000 INFO  - HYCOM: scan found changes 2019-02-13T06:05:00.002+0000: nnew=1, nchange=0, ndelete=0
2019-02-13T06:45:00.870 +0000 INFO  - HYCOM: scan found changes 2019-02-13T06:45:00.870+0000: nnew=1, nchange=0, ndelete=0
2019-02-13T07:35:00.001 +0000 INFO  - HYCOM: scan found changes 2019-02-13T07:35:00.001+0000: nnew=1, nchange=0, ndelete=0
2019-02-13T18:09:42.270 +0000 INFO  - FeatureCollection added = FeatureCollectionConfig name ='HYCOM' collectionName='HYCOM' type='FMRC'
  spec='/home/henrique/remo/**/HYCOM_MV_#yyyyMMdd#\.nc$'
  olderThan =1 min
  timePartition =directory
  updateConfig =UpdateConfig{userDefined=true, recheckAfter='null', rescan='0 0/5 * * * ? *', triggerOk=true, updateType=test}
  tdmConfig =UpdateConfig{userDefined=false, recheckAfter='null', rescan='null', triggerOk=true, updateType=test}
  ProtoConfig{choice=Penultimate, change='null', param='null', outerNcml='null', cacheAll=true}
  hasInnerNcml =true
  fmrcConfig =FmrcConfig: regularize=false datasetTypes=[Best]

2019-02-13T18:09:42.517 +0000 INFO  - scheduleJob startup scan force=test for 'HYCOM' at 2019-02-13T18:09:45.513+0000
2019-02-13T18:09:42.523 +0000 INFO  - scheduleJob recurring scan for 'HYCOM' cronExpr=0 0/5 * * * ? *
2019-02-13T18:16:07.530 +0000 INFO  - FeatureCollection added = FeatureCollectionConfig name ='HYCOM' collectionName='HYCOM' type='FMRC'
  spec='/home/henrique/remo/**/HYCOM_MV_#yyyyMMdd#\.nc$'
  olderThan =1 min
  timePartition =directory
  updateConfig =UpdateConfig{userDefined=true, recheckAfter='null', rescan='0 0/5 * * * ? *', triggerOk=true, updateType=test}
  tdmConfig =UpdateConfig{userDefined=false, recheckAfter='null', rescan='null', triggerOk=true, updateType=test}
  ProtoConfig{choice=Penultimate, change='null', param='null', outerNcml='null', cacheAll=true}
  hasInnerNcml =true
  fmrcConfig =FmrcConfig: regularize=false datasetTypes=[Best]

2019-02-13T18:16:07.593 +0000 INFO  - scheduleJob startup scan force=test for 'HYCOM' at 2019-02-13T18:16:10.590+0000
2019-02-13T18:16:07.600 +0000 INFO  - scheduleJob recurring scan for 'HYCOM' cronExpr=0 0/5 * * * ? *
2019-02-13T18:48:05.818 +0000 INFO  - FeatureCollection added = FeatureCollectionConfig name ='HYCOM' collectionName='HYCOM' type='FMRC'
  spec='/home/henrique/remo/**/HYCOM_MV_#yyyyMMdd#\.nc$'
  olderThan =1 min
  timePartition =directory
  updateConfig =UpdateConfig{userDefined=true, recheckAfter='null', rescan='0 0/5 * * * ? *', triggerOk=true, updateType=test}
  tdmConfig =UpdateConfig{userDefined=false, recheckAfter='null', rescan='null', triggerOk=true, updateType=test}
  ProtoConfig{choice=Penultimate, change='null', param='null', outerNcml='null', cacheAll=true}
  hasInnerNcml =true
  fmrcConfig =FmrcConfig: regularize=false datasetTypes=[Best]

2019-02-13T18:48:05.914 +0000 INFO  - scheduleJob startup scan force=test for 'HYCOM' at 2019-02-13T18:48:08.911+0000
2019-02-13T18:48:05.920 +0000 INFO  - scheduleJob recurring scan for 'HYCOM' cronExpr=0 0/5 * * * ? *
2019-02-13T18:51:34.168 +0000 INFO  - FeatureCollection added = FeatureCollectionConfig name ='HYCOM' collectionName='HYCOM' type='FMRC'
  spec='/home/henrique/remo/**/HYCOM_MV_#yyyyMMdd#\.nc$'
  olderThan =1 min
  timePartition =directory
  updateConfig =UpdateConfig{userDefined=true, recheckAfter='null', rescan='0 0/5 * * * ? *', triggerOk=true, updateType=test}
  tdmConfig =UpdateConfig{userDefined=false, recheckAfter='null', rescan='null', triggerOk=true, updateType=test}
  ProtoConfig{choice=Penultimate, change='null', param='null', outerNcml='null', cacheAll=true}
  hasInnerNcml =true
  fmrcConfig =FmrcConfig: regularize=false datasetTypes=[Best]

2019-02-13T18:51:34.234 +0000 INFO  - scheduleJob startup scan force=test for 'HYCOM' at 2019-02-13T18:51:37.231+0000
2019-02-13T18:51:34.240 +0000 INFO  - scheduleJob recurring scan for 'HYCOM' cronExpr=0 0/5 * * * ? *
2019-02-13T18:55:21.574 +0000 INFO  - FeatureCollection added = FeatureCollectionConfig name ='HYCOM' collectionName='HYCOM' type='FMRC'
  spec='/home/henrique/remo/**/HYCOM_MV_#yyyyMMdd#\.nc$'
  olderThan =1 min
  timePartition =directory
  updateConfig =UpdateConfig{userDefined=true, recheckAfter='null', rescan='0 0/5 * * * ? *', triggerOk=true, updateType=test}
  tdmConfig =UpdateConfig{userDefined=false, recheckAfter='null', rescan='null', triggerOk=true, updateType=test}
  ProtoConfig{choice=Penultimate, change='null', param='null', outerNcml='null', cacheAll=true}
  hasInnerNcml =true
  fmrcConfig =FmrcConfig: regularize=false datasetTypes=[Best]

2019-02-13T18:55:21.638 +0000 INFO  - scheduleJob startup scan force=test for 'HYCOM' at 2019-02-13T18:55:24.635+0000
2019-02-13T18:55:21.646 +0000 INFO  - scheduleJob recurring scan for 'HYCOM' cronExpr=0 0/5 * * * ? *
2019-02-13T21:50:00.001 +0000 ERROR - HYCOM: Invalid collection= MCollection{name='/home/henrique/remo', dirName='/home/henrique/remo', wantSubdirs=true, filter=WildcardMatchOnPath{wildcard=null regexp=HYCOM_MV_........\.nc$}}
2019-02-13T21:50:00.002 +0000 WARN  - MFileCollectionManager: No files found for HYCOM
2019-02-13T21:50:00.002 +0000 INFO  - HYCOM: scan found changes 2019-02-13T21:50:00.002+0000: nnew=0, nchange=0, ndelete=21
2019-02-13T21:50:00.011 +0000 ERROR - UpdateCollectionJob.execute rescan failed collection=HYCOM
java.lang.IllegalArgumentException: Dimension length =0 must be > 0
	at ucar.nc2.Dimension.setLength(Dimension.java:438) ~[cdm-4.6.12.jar:4.6.12]
	at ucar.nc2.Dimension.<init>(Dimension.java:365) ~[cdm-4.6.12.jar:4.6.12]
	at ucar.nc2.Dimension.<init>(Dimension.java:335) ~[cdm-4.6.12.jar:4.6.12]
	at ucar.nc2.ft.fmrc.FmrcDataset.buildDataset2D(FmrcDataset.java:543) ~[cdm-4.6.12.jar:4.6.12]
	at ucar.nc2.ft.fmrc.FmrcDataset.getNetcdfDataset2D(FmrcDataset.java:182) ~[cdm-4.6.12.jar:4.6.12]
	at ucar.nc2.ft.fmrc.Fmrc.getDataset2D(Fmrc.java:187) ~[cdm-4.6.12.jar:4.6.12]
	at thredds.catalog.InvDatasetFcFmrc.updateCollection(InvDatasetFcFmrc.java:114) ~[tdcommon-4.6.12.jar:4.6.12]
	at thredds.catalog.InvDatasetFeatureCollection.update(InvDatasetFeatureCollection.java:340) ~[tdcommon-4.6.12.jar:4.6.12]
	at thredds.catalog.InvDatasetFcFmrc.update(InvDatasetFcFmrc.java:88) ~[tdcommon-4.6.12.jar:4.6.12]
	at thredds.catalog.InvDatasetFeatureCollection.sendEvent(InvDatasetFeatureCollection.java:228) ~[tdcommon-4.6.12.jar:4.6.12]
	at thredds.inventory.CollectionUpdater$UpdateCollectionJob.execute(CollectionUpdater.java:242) [cdm-4.6.12.jar:4.6.12]
	at org.quartz.core.JobRunShell.run(JobRunShell.java:207) [quartz-2.2.0.jar:?]
	at org.quartz.simpl.SimpleThreadPool$WorkerThread.run(SimpleThreadPool.java:560) [quartz-2.2.0.jar:?]
2019-02-13T21:55:00.001 +0000 ERROR - HYCOM: Invalid collection= MCollection{name='/home/henrique/remo', dirName='/home/henrique/remo', wantSubdirs=true, filter=WildcardMatchOnPath{wildcard=null regexp=HYCOM_MV_........\.nc$}}
2019-02-13T21:55:00.001 +0000 WARN  - MFileCollectionManager: No files found for HYCOM
2019-02-13T22:00:00.000 +0000 ERROR - HYCOM: Invalid collection= MCollection{name='/home/henrique/remo', dirName='/home/henrique/remo', wantSubdirs=true, filter=WildcardMatchOnPath{wildcard=null regexp=HYCOM_MV_........\.nc$}}
2019-02-13T22:00:00.000 +0000 WARN  - MFileCollectionManager: No files found for HYCOM
2019-02-13T22:05:00.001 +0000 ERROR - HYCOM: Invalid collection= MCollection{name='/home/henrique/remo', dirName='/home/henrique/remo', wantSubdirs=true, filter=WildcardMatchOnPath{wildcard=null regexp=HYCOM_MV_........\.nc$}}
2019-02-13T22:05:00.001 +0000 WARN  - MFileCollectionManager: No files found for HYCOM
2019-02-13T22:09:29.589 +0000 INFO  - FeatureCollection added = FeatureCollectionConfig name ='HYCOM' collectionName='HYCOM' type='FMRC'
  spec='/root/data/remo/**/HYCOM_MV_#yyyyMMdd#\.nc$'
  olderThan =1 min
  timePartition =directory
  updateConfig =UpdateConfig{userDefined=true, recheckAfter='null', rescan='0 0/5 * * * ? *', triggerOk=true, updateType=test}
  tdmConfig =UpdateConfig{userDefined=false, recheckAfter='null', rescan='null', triggerOk=true, updateType=test}
  ProtoConfig{choice=Penultimate, change='null', param='null', outerNcml='null', cacheAll=true}
  hasInnerNcml =true
  fmrcConfig =FmrcConfig: regularize=false datasetTypes=[Best]

2019-02-13T22:09:29.650 +0000 INFO  - scheduleJob startup scan force=test for 'HYCOM' at 2019-02-13T22:09:32.646+0000
2019-02-13T22:09:29.661 +0000 INFO  - scheduleJob recurring scan for 'HYCOM' cronExpr=0 0/5 * * * ? *
2019-02-14T22:01:59.670 +0000 INFO  - FeatureCollection added = FeatureCollectionConfig name ='HYCOM' collectionName='HYCOM' type='FMRC'
  spec='/root/data/remo/**/HYCOM_MV_#yyyyMMdd#\.nc$'
  olderThan =1 min
  timePartition =directory
  updateConfig =UpdateConfig{userDefined=true, recheckAfter='null', rescan='0 0/5 * * * ? *', triggerOk=true, updateType=test}
  tdmConfig =UpdateConfig{userDefined=false, recheckAfter='null', rescan='null', triggerOk=true, updateType=test}
  ProtoConfig{choice=Penultimate, change='null', param='null', outerNcml='null', cacheAll=true}
  hasInnerNcml =true
  fmrcConfig =FmrcConfig: regularize=false datasetTypes=[Best]

2019-02-14T22:01:59.730 +0000 INFO  - scheduleJob startup scan force=test for 'HYCOM' at 2019-02-14T22:02:02.727+0000
2019-02-14T22:01:59.737 +0000 INFO  - scheduleJob recurring scan for 'HYCOM' cronExpr=0 0/5 * * * ? *
2019-02-14T22:36:39.487 +0000 INFO  - FeatureCollection added = FeatureCollectionConfig name ='HYCOM' collectionName='HYCOM' type='FMRC'
  spec='/root/data/remo/**/HYCOM_MV_#yyyyMMdd#\.nc$'
  olderThan =1 min
  timePartition =directory
  updateConfig =UpdateConfig{userDefined=true, recheckAfter='null', rescan='0 0/5 * * * ? *', triggerOk=true, updateType=test}
  tdmConfig =UpdateConfig{userDefined=false, recheckAfter='null', rescan='null', triggerOk=true, updateType=test}
  ProtoConfig{choice=Penultimate, change='null', param='null', outerNcml='null', cacheAll=true}
  hasInnerNcml =true
  fmrcConfig =FmrcConfig: regularize=false datasetTypes=[Best]

2019-02-14T22:36:39.568 +0000 INFO  - scheduleJob startup scan force=test for 'HYCOM' at 2019-02-14T22:36:42.565+0000
2019-02-14T22:36:39.576 +0000 INFO  - scheduleJob recurring scan for 'HYCOM' cronExpr=0 0/5 * * * ? *
2019-02-14T22:46:11.189 +0000 INFO  - FeatureCollection added = FeatureCollectionConfig name ='HYCOM' collectionName='HYCOM' type='FMRC'
  spec='/root/data/remo/**/HYCOM_MV_#yyyyMMdd#\.nc$'
  olderThan =1 min
  timePartition =directory
  updateConfig =UpdateConfig{userDefined=true, recheckAfter='null', rescan='0 0/5 * * * ? *', triggerOk=true, updateType=test}
  tdmConfig =UpdateConfig{userDefined=false, recheckAfter='null', rescan='null', triggerOk=true, updateType=test}
  ProtoConfig{choice=Penultimate, change='null', param='null', outerNcml='null', cacheAll=true}
  hasInnerNcml =true
  fmrcConfig =FmrcConfig: regularize=false datasetTypes=[Best]

2019-02-14T22:46:11.264 +0000 INFO  - scheduleJob startup scan force=test for 'HYCOM' at 2019-02-14T22:46:14.260+0000
2019-02-14T22:46:11.270 +0000 INFO  - scheduleJob recurring scan for 'HYCOM' cronExpr=0 0/5 * * * ? *
2019-02-14T22:54:12.912 +0000 INFO  - FeatureCollection added = FeatureCollectionConfig name ='HYCOM' collectionName='HYCOM' type='FMRC'
  spec='/root/data/remo/**/HYCOM_MV_#yyyyMMdd#\.nc$'
  olderThan =1 min
  timePartition =directory
  updateConfig =UpdateConfig{userDefined=true, recheckAfter='null', rescan='0 0/5 * * * ? *', triggerOk=true, updateType=test}
  tdmConfig =UpdateConfig{userDefined=false, recheckAfter='null', rescan='null', triggerOk=true, updateType=test}
  ProtoConfig{choice=Penultimate, change='null', param='null', outerNcml='null', cacheAll=true}
  hasInnerNcml =true
  fmrcConfig =FmrcConfig: regularize=false datasetTypes=[Best]

2019-02-14T22:54:12.982 +0000 INFO  - scheduleJob startup scan force=test for 'HYCOM' at 2019-02-14T22:54:15.978+0000
2019-02-14T22:54:12.988 +0000 INFO  - scheduleJob recurring scan for 'HYCOM' cronExpr=0 0/5 * * * ? *
2019-02-15T02:45:59.979 +0000 INFO  - FeatureCollection added = FeatureCollectionConfig name ='HYCOM' collectionName='HYCOM' type='FMRC'
  spec='/root/data/remo/**/HYCOM_MV_#yyyyMMdd#\.nc$'
  olderThan =1 min
  timePartition =directory
  updateConfig =UpdateConfig{userDefined=true, recheckAfter='null', rescan='0 0/5 * * * ? *', triggerOk=true, updateType=test}
  tdmConfig =UpdateConfig{userDefined=false, recheckAfter='null', rescan='null', triggerOk=true, updateType=test}
  ProtoConfig{choice=Penultimate, change='null', param='null', outerNcml='null', cacheAll=true}
  hasInnerNcml =true
  fmrcConfig =FmrcConfig: regularize=false datasetTypes=[Best]

2019-02-15T02:46:00.042 +0000 INFO  - scheduleJob startup scan force=test for 'HYCOM' at 2019-02-15T02:46:03.039+0000
2019-02-15T02:46:00.051 +0000 INFO  - scheduleJob recurring scan for 'HYCOM' cronExpr=0 0/5 * * * ? *
2019-02-15T18:39:05.728 +0000 INFO  - FeatureCollection added = FeatureCollectionConfig name ='HYCOM' collectionName='HYCOM' type='FMRC'
  spec='/root/data/remo/**/HYCOM_MV_#yyyyMMdd#\.nc$'
  olderThan =1 min
  timePartition =directory
  updateConfig =UpdateConfig{userDefined=true, recheckAfter='null', rescan='0 0/5 * * * ? *', triggerOk=true, updateType=test}
  tdmConfig =UpdateConfig{userDefined=false, recheckAfter='null', rescan='null', triggerOk=true, updateType=test}
  ProtoConfig{choice=Penultimate, change='null', param='null', outerNcml='null', cacheAll=true}
  hasInnerNcml =true
  fmrcConfig =FmrcConfig: regularize=false datasetTypes=[Best]

2019-02-15T18:39:05.818 +0000 INFO  - scheduleJob startup scan force=test for 'HYCOM' at 2019-02-15T18:39:08.815+0000
2019-02-15T18:39:05.834 +0000 INFO  - scheduleJob recurring scan for 'HYCOM' cronExpr=0 0/5 * * * ? *
2019-03-13T23:16:51.891 +0000 INFO  - FeatureCollection added = FeatureCollectionConfig name ='HYCOM' collectionName='HYCOM' type='FMRC'
  spec='/root/data/remo/**/HYCOM_MV_#yyyyMMdd#\.nc$'
  olderThan =1 min
  timePartition =directory
  updateConfig =UpdateConfig{userDefined=true, recheckAfter='null', rescan='0 0/5 * * * ? *', triggerOk=true, updateType=test}
  tdmConfig =UpdateConfig{userDefined=false, recheckAfter='null', rescan='null', triggerOk=true, updateType=test}
  ProtoConfig{choice=Penultimate, change='null', param='null', outerNcml='null', cacheAll=true}
  hasInnerNcml =true
  fmrcConfig =FmrcConfig: regularize=false datasetTypes=[Best]

2019-03-13T23:16:51.999 +0000 INFO  - scheduleJob startup scan force=test for 'HYCOM' at 2019-03-13T23:16:54.996+0000
2019-03-13T23:16:52.006 +0000 INFO  - scheduleJob recurring scan for 'HYCOM' cronExpr=0 0/5 * * * ? *
2019-03-14T21:51:51.755 +0000 INFO  - FeatureCollection added = FeatureCollectionConfig name ='HYCOM' collectionName='HYCOM' type='FMRC'
  spec='/root/data/remo/**/HYCOM_MV_#yyyyMMdd#\.nc$'
  olderThan =1 min
  timePartition =directory
  updateConfig =UpdateConfig{userDefined=true, recheckAfter='null', rescan='0 0/5 * * * ? *', triggerOk=true, updateType=test}
  tdmConfig =UpdateConfig{userDefined=false, recheckAfter='null', rescan='null', triggerOk=true, updateType=test}
  ProtoConfig{choice=Penultimate, change='null', param='null', outerNcml='null', cacheAll=true}
  hasInnerNcml =true
  fmrcConfig =FmrcConfig: regularize=false datasetTypes=[Best]

2019-03-14T21:51:51.826 +0000 INFO  - scheduleJob startup scan force=test for 'HYCOM' at 2019-03-14T21:51:54.823+0000
2019-03-14T21:51:51.834 +0000 INFO  - scheduleJob recurring scan for 'HYCOM' cronExpr=0 0/5 * * * ? *
2019-03-14T21:55:07.952 +0000 INFO  - FeatureCollection added = FeatureCollectionConfig name ='HYCOM' collectionName='HYCOM' type='FMRC'
  spec='/root/data/remo/**/HYCOM_MV_#yyyyMMdd#\.nc$'
  olderThan =1 min
  timePartition =directory
  updateConfig =UpdateConfig{userDefined=true, recheckAfter='null', rescan='0 0/5 * * * ? *', triggerOk=true, updateType=test}
  tdmConfig =UpdateConfig{userDefined=false, recheckAfter='null', rescan='null', triggerOk=true, updateType=test}
  ProtoConfig{choice=Penultimate, change='null', param='null', outerNcml='null', cacheAll=true}
  hasInnerNcml =true
  fmrcConfig =FmrcConfig: regularize=false datasetTypes=[Best]

2019-03-14T21:55:08.023 +0000 INFO  - scheduleJob startup scan force=test for 'HYCOM' at 2019-03-14T21:55:11.017+0000
2019-03-14T21:55:08.029 +0000 INFO  - scheduleJob recurring scan for 'HYCOM' cronExpr=0 0/5 * * * ? *
2019-03-14T21:59:10.009 +0000 INFO  - FeatureCollection added = FeatureCollectionConfig name ='HYCOM' collectionName='HYCOM' type='FMRC'
  spec='/root/data/remo/**/HYCOM_MV_#yyyyMMdd#\.nc$'
  olderThan =1 min
  timePartition =directory
  updateConfig =UpdateConfig{userDefined=true, recheckAfter='null', rescan='0 0/5 * * * ? *', triggerOk=true, updateType=test}
  tdmConfig =UpdateConfig{userDefined=false, recheckAfter='null', rescan='null', triggerOk=true, updateType=test}
  ProtoConfig{choice=Penultimate, change='null', param='null', outerNcml='null', cacheAll=true}
  hasInnerNcml =true
  fmrcConfig =FmrcConfig: regularize=false datasetTypes=[Best]

2019-03-14T21:59:10.077 +0000 INFO  - scheduleJob startup scan force=test for 'HYCOM' at 2019-03-14T21:59:13.073+0000
2019-03-14T21:59:10.083 +0000 INFO  - scheduleJob recurring scan for 'HYCOM' cronExpr=0 0/5 * * * ? *
2019-04-05T22:47:02.702 +0000 INFO  - FeatureCollection added = FeatureCollectionConfig name ='HYCOM' collectionName='HYCOM' type='FMRC'
  spec='/root/data/remo/**/HYCOM_MV_#yyyyMMdd#\.nc$'
  olderThan =1 min
  timePartition =directory
  updateConfig =UpdateConfig{userDefined=true, recheckAfter='null', rescan='0 0/5 * * * ? *', triggerOk=true, updateType=test}
  tdmConfig =UpdateConfig{userDefined=false, recheckAfter='null', rescan='null', triggerOk=true, updateType=test}
  ProtoConfig{choice=Penultimate, change='null', param='null', outerNcml='null', cacheAll=true}
  hasInnerNcml =true
  fmrcConfig =FmrcConfig: regularize=false datasetTypes=[Best]

2019-04-05T22:47:02.807 +0000 INFO  - scheduleJob startup scan force=test for 'HYCOM' at 2019-04-05T22:47:05.804+0000
2019-04-05T22:47:02.816 +0000 INFO  - scheduleJob recurring scan for 'HYCOM' cronExpr=0 0/5 * * * ? *
2019-04-05T22:51:16.880 +0000 INFO  - FeatureCollection added = FeatureCollectionConfig name ='HYCOM' collectionName='HYCOM' type='FMRC'
  spec='/root/data/remo/**/HYCOM_MV_#yyyyMMdd#\.nc$'
  olderThan =1 min
  timePartition =directory
  updateConfig =UpdateConfig{userDefined=true, recheckAfter='null', rescan='0 0/5 * * * ? *', triggerOk=true, updateType=test}
  tdmConfig =UpdateConfig{userDefined=false, recheckAfter='null', rescan='null', triggerOk=true, updateType=test}
  ProtoConfig{choice=Penultimate, change='null', param='null', outerNcml='null', cacheAll=true}
  hasInnerNcml =true
  fmrcConfig =FmrcConfig: regularize=false datasetTypes=[Best]

2019-04-05T22:51:16.965 +0000 INFO  - scheduleJob startup scan force=test for 'HYCOM' at 2019-04-05T22:51:19.962+0000
2019-04-05T22:51:16.970 +0000 INFO  - scheduleJob recurring scan for 'HYCOM' cronExpr=0 0/5 * * * ? *
2019-04-06T04:28:52.999 +0000 INFO  - FeatureCollection added = FeatureCollectionConfig name ='HYCOM' collectionName='HYCOM' type='FMRC'
  spec='/root/data/remo/**/HYCOM_MV_#yyyyMMdd#\.nc$'
  olderThan =1 min
  timePartition =directory
  updateConfig =UpdateConfig{userDefined=true, recheckAfter='null', rescan='0 0/5 * * * ? *', triggerOk=true, updateType=test}
  tdmConfig =UpdateConfig{userDefined=false, recheckAfter='null', rescan='null', triggerOk=true, updateType=test}
  ProtoConfig{choice=Penultimate, change='null', param='null', outerNcml='null', cacheAll=true}
  hasInnerNcml =true
  fmrcConfig =FmrcConfig: regularize=false datasetTypes=[Best]

2019-04-06T04:28:53.073 +0000 INFO  - scheduleJob startup scan force=test for 'HYCOM' at 2019-04-06T04:28:56.069+0000
2019-04-06T04:28:53.082 +0000 INFO  - scheduleJob recurring scan for 'HYCOM' cronExpr=0 0/5 * * * ? *
2019-04-09T00:56:00.140 +0000 INFO  - FeatureCollection added = FeatureCollectionConfig name ='HYCOM' collectionName='HYCOM' type='FMRC'
  spec='/root/data/remo/**/HYCOM_MV_#yyyyMMdd#\.nc$'
  olderThan =1 min
  timePartition =directory
  updateConfig =UpdateConfig{userDefined=true, recheckAfter='null', rescan='0 0/5 * * * ? *', triggerOk=true, updateType=test}
  tdmConfig =UpdateConfig{userDefined=false, recheckAfter='null', rescan='null', triggerOk=true, updateType=test}
  ProtoConfig{choice=Penultimate, change='null', param='null', outerNcml='null', cacheAll=true}
  hasInnerNcml =true
  fmrcConfig =FmrcConfig: regularize=false datasetTypes=[Best]

2019-04-09T00:56:00.257 +0000 INFO  - scheduleJob startup scan force=test for 'HYCOM' at 2019-04-09T00:56:03.254+0000
2019-04-09T00:56:00.266 +0000 INFO  - scheduleJob recurring scan for 'HYCOM' cronExpr=0 0/5 * * * ? *
2019-04-09T01:53:38.504 +0000 INFO  - FeatureCollection added = FeatureCollectionConfig name ='HYCOM' collectionName='HYCOM' type='FMRC'
  spec='/root/data/remo/**/HYCOM_MV_#yyyyMMdd#\.nc$'
  olderThan =1 min
  timePartition =directory
  updateConfig =UpdateConfig{userDefined=true, recheckAfter='null', rescan='0 0/5 * * * ? *', triggerOk=true, updateType=test}
  tdmConfig =UpdateConfig{userDefined=false, recheckAfter='null', rescan='null', triggerOk=true, updateType=test}
  ProtoConfig{choice=Penultimate, change='null', param='null', outerNcml='null', cacheAll=true}
  hasInnerNcml =true
  fmrcConfig =FmrcConfig: regularize=false datasetTypes=[Best]

2019-04-09T01:53:38.604 +0000 INFO  - scheduleJob startup scan force=test for 'HYCOM' at 2019-04-09T01:53:41.600+0000
2019-04-09T01:53:38.613 +0000 INFO  - scheduleJob recurring scan for 'HYCOM' cronExpr=0 0/5 * * * ? *
2019-04-09T03:34:50.227 +0000 INFO  - FeatureCollection added = FeatureCollectionConfig name ='HYCOM' collectionName='HYCOM' type='FMRC'
  spec='/root/data/remo/**/HYCOM_MV_#yyyyMMdd#\.nc$'
  olderThan =1 min
  timePartition =directory
  updateConfig =UpdateConfig{userDefined=true, recheckAfter='null', rescan='0 0/5 * * * ? *', triggerOk=true, updateType=test}
  tdmConfig =UpdateConfig{userDefined=false, recheckAfter='null', rescan='null', triggerOk=true, updateType=test}
  ProtoConfig{choice=Penultimate, change='null', param='null', outerNcml='null', cacheAll=true}
  hasInnerNcml =true
  fmrcConfig =FmrcConfig: regularize=false datasetTypes=[Best]

2019-04-09T03:34:50.314 +0000 INFO  - scheduleJob startup scan force=test for 'HYCOM' at 2019-04-09T03:34:53.310+0000
2019-04-09T03:34:50.335 +0000 INFO  - scheduleJob recurring scan for 'HYCOM' cronExpr=0 0/5 * * * ? *
2019-04-09T03:53:38.193 +0000 INFO  - FeatureCollection added = FeatureCollectionConfig name ='HYCOM' collectionName='HYCOM' type='FMRC'
  spec='/root/data/remo/**/HYCOM_MV_#yyyyMMdd#\.nc$'
  olderThan =1 min
  timePartition =directory
  updateConfig =UpdateConfig{userDefined=true, recheckAfter='null', rescan='0 0/5 * * * ? *', triggerOk=true, updateType=test}
  tdmConfig =UpdateConfig{userDefined=false, recheckAfter='null', rescan='null', triggerOk=true, updateType=test}
  ProtoConfig{choice=Penultimate, change='null', param='null', outerNcml='null', cacheAll=true}
  hasInnerNcml =true
  fmrcConfig =FmrcConfig: regularize=false datasetTypes=[Best]

2019-04-09T03:53:38.401 +0000 INFO  - scheduleJob startup scan force=test for 'HYCOM' at 2019-04-09T03:53:41.396+0000
2019-04-09T03:53:38.413 +0000 INFO  - scheduleJob recurring scan for 'HYCOM' cronExpr=0 0/5 * * * ? *
2019-04-12T01:18:31.849 +0000 INFO  - FeatureCollection added = FeatureCollectionConfig name ='HYCOM' collectionName='HYCOM' type='FMRC'
  spec='/root/data/remo/**/HYCOM_MV_#yyyyMMdd#\.nc$'
  olderThan =1 min
  timePartition =directory
  updateConfig =UpdateConfig{userDefined=true, recheckAfter='null', rescan='0 0/5 * * * ? *', triggerOk=true, updateType=test}
  tdmConfig =UpdateConfig{userDefined=false, recheckAfter='null', rescan='null', triggerOk=true, updateType=test}
  ProtoConfig{choice=Penultimate, change='null', param='null', outerNcml='null', cacheAll=true}
  hasInnerNcml =true
  fmrcConfig =FmrcConfig: regularize=false datasetTypes=[Best]

2019-04-12T01:18:32.064 +0000 INFO  - scheduleJob startup scan force=test for 'HYCOM' at 2019-04-12T01:18:35.060+0000
2019-04-12T01:18:32.071 +0000 INFO  - scheduleJob recurring scan for 'HYCOM' cronExpr=0 0/5 * * * ? *
2019-04-12T01:19:52.589 +0000 INFO  - FeatureCollection added = FeatureCollectionConfig name ='HYCOM' collectionName='HYCOM' type='FMRC'
  spec='/root/data/remo/**/HYCOM_MV_#yyyyMMdd#\.nc$'
  olderThan =1 min
  timePartition =directory
  updateConfig =UpdateConfig{userDefined=true, recheckAfter='null', rescan='0 0/5 * * * ? *', triggerOk=true, updateType=test}
  tdmConfig =UpdateConfig{userDefined=false, recheckAfter='null', rescan='null', triggerOk=true, updateType=test}
  ProtoConfig{choice=Penultimate, change='null', param='null', outerNcml='null', cacheAll=true}
  hasInnerNcml =true
  fmrcConfig =FmrcConfig: regularize=false datasetTypes=[Best]

2019-04-12T01:19:52.660 +0000 INFO  - scheduleJob startup scan force=test for 'HYCOM' at 2019-04-12T01:19:55.656+0000
2019-04-12T01:19:52.669 +0000 INFO  - scheduleJob recurring scan for 'HYCOM' cronExpr=0 0/5 * * * ? *
2019-05-02T23:09:49.959 +0000 INFO  - FeatureCollection added = FeatureCollectionConfig name ='HYCOM' collectionName='HYCOM' type='FMRC'
  spec='/root/data/remo/**/HYCOM_MV_#yyyyMMdd#\.nc$'
  olderThan =1 min
  timePartition =directory
  updateConfig =UpdateConfig{userDefined=true, recheckAfter='null', rescan='0 0/5 * * * ? *', triggerOk=true, updateType=test}
  tdmConfig =UpdateConfig{userDefined=false, recheckAfter='null', rescan='null', triggerOk=true, updateType=test}
  ProtoConfig{choice=Penultimate, change='null', param='null', outerNcml='null', cacheAll=true}
  hasInnerNcml =true
  fmrcConfig =FmrcConfig: regularize=false datasetTypes=[Best]

2019-05-02T23:09:50.127 +0000 INFO  - scheduleJob startup scan force=test for 'HYCOM' at 2019-05-02T23:09:53.123+0000
2019-05-02T23:09:50.138 +0000 INFO  - scheduleJob recurring scan for 'HYCOM' cronExpr=0 0/5 * * * ? *
2019-05-02T23:23:07.490 +0000 INFO  - FeatureCollection added = FeatureCollectionConfig name ='HYCOM' collectionName='HYCOM' type='FMRC'
  spec='/root/data/remo/**/HYCOM_MV_#yyyyMMdd#\.nc$'
  olderThan =1 min
  timePartition =directory
  updateConfig =UpdateConfig{userDefined=true, recheckAfter='null', rescan='0 0/5 * * * ? *', triggerOk=true, updateType=test}
  tdmConfig =UpdateConfig{userDefined=false, recheckAfter='null', rescan='null', triggerOk=true, updateType=test}
  ProtoConfig{choice=Penultimate, change='null', param='null', outerNcml='null', cacheAll=true}
  hasInnerNcml =true
  fmrcConfig =FmrcConfig: regularize=false datasetTypes=[Best]

2019-05-02T23:23:07.686 +0000 INFO  - scheduleJob startup scan force=test for 'HYCOM' at 2019-05-02T23:23:10.682+0000
2019-05-02T23:23:07.696 +0000 INFO  - scheduleJob recurring scan for 'HYCOM' cronExpr=0 0/5 * * * ? *
2019-05-03T03:03:44.813 +0000 INFO  - FeatureCollection added = FeatureCollectionConfig name ='HYCOM' collectionName='HYCOM' type='FMRC'
  spec='/root/data/remo/**/HYCOM_MV_#yyyyMMdd#\.nc$'
  olderThan =1 min
  timePartition =directory
  updateConfig =UpdateConfig{userDefined=true, recheckAfter='null', rescan='0 0/5 * * * ? *', triggerOk=true, updateType=test}
  tdmConfig =UpdateConfig{userDefined=false, recheckAfter='null', rescan='null', triggerOk=true, updateType=test}
  ProtoConfig{choice=Penultimate, change='null', param='null', outerNcml='null', cacheAll=true}
  hasInnerNcml =true
  fmrcConfig =FmrcConfig: regularize=false datasetTypes=[Best]

2019-05-03T03:03:44.886 +0000 INFO  - scheduleJob startup scan force=test for 'HYCOM' at 2019-05-03T03:03:47.882+0000
2019-05-03T03:03:44.896 +0000 INFO  - scheduleJob recurring scan for 'HYCOM' cronExpr=0 0/5 * * * ? *
2019-05-04T02:58:34.564 +0000 INFO  - FeatureCollection added = FeatureCollectionConfig name ='HYCOM' collectionName='HYCOM' type='FMRC'
  spec='/root/data/remo/**/HYCOM_MV_#yyyyMMdd#\.nc$'
  olderThan =1 min
  timePartition =directory
  updateConfig =UpdateConfig{userDefined=true, recheckAfter='null', rescan='0 0/5 * * * ? *', triggerOk=true, updateType=test}
  tdmConfig =UpdateConfig{userDefined=false, recheckAfter='null', rescan='null', triggerOk=true, updateType=test}
  ProtoConfig{choice=Penultimate, change='null', param='null', outerNcml='null', cacheAll=true}
  hasInnerNcml =true
  fmrcConfig =FmrcConfig: regularize=false datasetTypes=[Best]

2019-05-04T02:58:34.657 +0000 INFO  - scheduleJob startup scan force=test for 'HYCOM' at 2019-05-04T02:58:37.654+0000
2019-05-04T02:58:34.682 +0000 INFO  - scheduleJob recurring scan for 'HYCOM' cronExpr=0 0/5 * * * ? *
2019-05-04T20:11:39.445 +0000 INFO  - FeatureCollection added = FeatureCollectionConfig name ='HYCOM' collectionName='HYCOM' type='FMRC'
  spec='/root/data/remo/**/HYCOM_MV_#yyyyMMdd#\.nc$'
  olderThan =1 min
  timePartition =directory
  updateConfig =UpdateConfig{userDefined=true, recheckAfter='null', rescan='0 0/5 * * * ? *', triggerOk=true, updateType=test}
  tdmConfig =UpdateConfig{userDefined=false, recheckAfter='null', rescan='null', triggerOk=true, updateType=test}
  ProtoConfig{choice=Penultimate, change='null', param='null', outerNcml='null', cacheAll=true}
  hasInnerNcml =true
  fmrcConfig =FmrcConfig: regularize=false datasetTypes=[Best]

2019-05-04T20:11:39.521 +0000 INFO  - scheduleJob startup scan force=test for 'HYCOM' at 2019-05-04T20:11:42.517+0000
2019-05-04T20:11:39.540 +0000 INFO  - scheduleJob recurring scan for 'HYCOM' cronExpr=0 0/5 * * * ? *
2019-05-04T20:16:37.663 +0000 INFO  - FeatureCollection added = FeatureCollectionConfig name ='HYCOM' collectionName='HYCOM' type='FMRC'
  spec='/root/data/remo/**/HYCOM_MV_#yyyyMMdd#\.nc$'
  olderThan =1 min
  timePartition =directory
  updateConfig =UpdateConfig{userDefined=true, recheckAfter='null', rescan='0 0/5 * * * ? *', triggerOk=true, updateType=test}
  tdmConfig =UpdateConfig{userDefined=false, recheckAfter='null', rescan='null', triggerOk=true, updateType=test}
  ProtoConfig{choice=Penultimate, change='null', param='null', outerNcml='null', cacheAll=true}
  hasInnerNcml =true
  fmrcConfig =FmrcConfig: regularize=false datasetTypes=[Best]

2019-05-04T20:16:37.824 +0000 INFO  - scheduleJob startup scan force=test for 'HYCOM' at 2019-05-04T20:16:40.821+0000
2019-05-04T20:16:37.833 +0000 INFO  - scheduleJob recurring scan for 'HYCOM' cronExpr=0 0/5 * * * ? *
2019-05-04T21:59:34.471 +0000 INFO  - FeatureCollection added = FeatureCollectionConfig name ='HYCOM' collectionName='HYCOM' type='FMRC'
  spec='/root/data/remo/**/HYCOM_MV_#yyyyMMdd#\.nc$'
  olderThan =1 min
  timePartition =directory
  updateConfig =UpdateConfig{userDefined=true, recheckAfter='null', rescan='0 0/5 * * * ? *', triggerOk=true, updateType=test}
  tdmConfig =UpdateConfig{userDefined=false, recheckAfter='null', rescan='null', triggerOk=true, updateType=test}
  ProtoConfig{choice=Penultimate, change='null', param='null', outerNcml='null', cacheAll=true}
  hasInnerNcml =true
  fmrcConfig =FmrcConfig: regularize=false datasetTypes=[Best]

2019-05-04T21:59:34.543 +0000 INFO  - scheduleJob startup scan force=test for 'HYCOM' at 2019-05-04T21:59:37.539+0000
2019-05-04T21:59:34.551 +0000 INFO  - scheduleJob recurring scan for 'HYCOM' cronExpr=0 0/5 * * * ? *
2019-05-09T22:03:47.192 +0000 INFO  - FeatureCollection added = FeatureCollectionConfig name ='HYCOM' collectionName='HYCOM' type='FMRC'
  spec='/root/data/remo/**/HYCOM_MV_#yyyyMMdd#\.nc$'
  olderThan =1 min
  timePartition =directory
  updateConfig =UpdateConfig{userDefined=true, recheckAfter='null', rescan='0 0/5 * * * ? *', triggerOk=true, updateType=test}
  tdmConfig =UpdateConfig{userDefined=false, recheckAfter='null', rescan='null', triggerOk=true, updateType=test}
  ProtoConfig{choice=Penultimate, change='null', param='null', outerNcml='null', cacheAll=true}
  hasInnerNcml =true
  fmrcConfig =FmrcConfig: regularize=false datasetTypes=[Best]

2019-05-09T22:03:47.407 +0000 INFO  - scheduleJob startup scan force=test for 'HYCOM' at 2019-05-09T22:03:50.403+0000
2019-05-09T22:03:47.419 +0000 INFO  - scheduleJob recurring scan for 'HYCOM' cronExpr=0 0/5 * * * ? *
2019-05-09T22:09:26.055 +0000 INFO  - FeatureCollection added = FeatureCollectionConfig name ='HYCOM' collectionName='HYCOM' type='FMRC'
  spec='/root/data/remo/**/HYCOM_MV_#yyyyMMdd#\.nc$'
  olderThan =1 min
  timePartition =directory
  updateConfig =UpdateConfig{userDefined=true, recheckAfter='null', rescan='0 0/5 * * * ? *', triggerOk=true, updateType=test}
  tdmConfig =UpdateConfig{userDefined=false, recheckAfter='null', rescan='null', triggerOk=true, updateType=test}
  ProtoConfig{choice=Penultimate, change='null', param='null', outerNcml='null', cacheAll=true}
  hasInnerNcml =true
  fmrcConfig =FmrcConfig: regularize=false datasetTypes=[Best]

2019-05-09T22:09:26.207 +0000 INFO  - scheduleJob startup scan force=test for 'HYCOM' at 2019-05-09T22:09:29.203+0000
2019-05-09T22:09:26.215 +0000 INFO  - scheduleJob recurring scan for 'HYCOM' cronExpr=0 0/5 * * * ? *
2019-05-18T22:12:36.917 +0000 INFO  - FeatureCollection added = FeatureCollectionConfig name ='HYCOM' collectionName='HYCOM' type='FMRC'
  spec='/root/data/remo/**/HYCOM_MV_#yyyyMMdd#\.nc$'
  olderThan =1 min
  timePartition =directory
  updateConfig =UpdateConfig{userDefined=true, recheckAfter='null', rescan='0 0/5 * * * ? *', triggerOk=true, updateType=test}
  tdmConfig =UpdateConfig{userDefined=false, recheckAfter='null', rescan='null', triggerOk=true, updateType=test}
  ProtoConfig{choice=Penultimate, change='null', param='null', outerNcml='null', cacheAll=true}
  hasInnerNcml =true
  fmrcConfig =FmrcConfig: regularize=false datasetTypes=[Best]

2019-05-18T22:12:37.006 +0000 INFO  - scheduleJob startup scan force=test for 'HYCOM' at 2019-05-18T22:12:40.003+0000
2019-05-18T22:12:37.018 +0000 INFO  - scheduleJob recurring scan for 'HYCOM' cronExpr=0 0/5 * * * ? *
2019-05-21T13:35:46.613 +0000 INFO  - FeatureCollection added = FeatureCollectionConfig name ='HYCOM' collectionName='HYCOM' type='FMRC'
  spec='/root/data/remo/**/HYCOM_MV_#yyyyMMdd#\.nc$'
  olderThan =1 min
  timePartition =directory
  updateConfig =UpdateConfig{userDefined=true, recheckAfter='null', rescan='0 0/5 * * * ? *', triggerOk=true, updateType=test}
  tdmConfig =UpdateConfig{userDefined=false, recheckAfter='null', rescan='null', triggerOk=true, updateType=test}
  ProtoConfig{choice=Penultimate, change='null', param='null', outerNcml='null', cacheAll=true}
  hasInnerNcml =true
  fmrcConfig =FmrcConfig: regularize=false datasetTypes=[Best]

2019-05-21T13:35:46.724 +0000 INFO  - scheduleJob startup scan force=test for 'HYCOM' at 2019-05-21T13:35:49.720+0000
2019-05-21T13:35:46.739 +0000 INFO  - scheduleJob recurring scan for 'HYCOM' cronExpr=0 0/5 * * * ? *
2019-05-28T19:31:54.467 +0000 INFO  - FeatureCollection added = FeatureCollectionConfig name ='HYCOM' collectionName='HYCOM' type='FMRC'
  spec='/root/data/remo/**/HYCOM_MV_#yyyyMMdd#\.nc$'
  olderThan =1 min
  timePartition =directory
  updateConfig =UpdateConfig{userDefined=true, recheckAfter='null', rescan='0 0/5 * * * ? *', triggerOk=true, updateType=test}
  tdmConfig =UpdateConfig{userDefined=false, recheckAfter='null', rescan='null', triggerOk=true, updateType=test}
  ProtoConfig{choice=Penultimate, change='null', param='null', outerNcml='null', cacheAll=true}
  hasInnerNcml =true
  fmrcConfig =FmrcConfig: regularize=false datasetTypes=[Best]

2019-05-28T19:31:54.547 +0000 INFO  - scheduleJob startup scan force=test for 'HYCOM' at 2019-05-28T19:31:57.544+0000
2019-05-28T19:31:54.554 +0000 INFO  - scheduleJob recurring scan for 'HYCOM' cronExpr=0 0/5 * * * ? *
2019-05-28T19:45:56.934 +0000 INFO  - FeatureCollection added = FeatureCollectionConfig name ='HYCOM' collectionName='HYCOM' type='FMRC'
  spec='/root/data/remo/**/HYCOM_MV_#yyyyMMdd#\.nc$'
  olderThan =1 min
  timePartition =directory
  updateConfig =UpdateConfig{userDefined=true, recheckAfter='null', rescan='0 0/5 * * * ? *', triggerOk=true, updateType=test}
  tdmConfig =UpdateConfig{userDefined=false, recheckAfter='null', rescan='null', triggerOk=true, updateType=test}
  ProtoConfig{choice=Penultimate, change='null', param='null', outerNcml='null', cacheAll=true}
  hasInnerNcml =true
  fmrcConfig =FmrcConfig: regularize=false datasetTypes=[Best]

2019-05-28T19:45:57.096 +0000 INFO  - scheduleJob startup scan force=test for 'HYCOM' at 2019-05-28T19:46:00.092+0000
2019-05-28T19:45:57.104 +0000 INFO  - scheduleJob recurring scan for 'HYCOM' cronExpr=0 0/5 * * * ? *
2019-05-29T01:56:16.544 +0000 INFO  - FeatureCollection added = FeatureCollectionConfig name ='HYCOM' collectionName='HYCOM' type='FMRC'
  spec='/root/data/remo/**/HYCOM_MV_#yyyyMMdd#\.nc$'
  olderThan =1 min
  timePartition =directory
  updateConfig =UpdateConfig{userDefined=true, recheckAfter='null', rescan='0 0/5 * * * ? *', triggerOk=true, updateType=test}
  tdmConfig =UpdateConfig{userDefined=false, recheckAfter='null', rescan='null', triggerOk=true, updateType=test}
  ProtoConfig{choice=Penultimate, change='null', param='null', outerNcml='null', cacheAll=true}
  hasInnerNcml =true
  fmrcConfig =FmrcConfig: regularize=false datasetTypes=[Best]

2019-05-29T01:56:16.655 +0000 INFO  - scheduleJob startup scan force=test for 'HYCOM' at 2019-05-29T01:56:19.652+0000
2019-05-29T01:56:16.664 +0000 INFO  - scheduleJob recurring scan for 'HYCOM' cronExpr=0 0/5 * * * ? *
2019-06-01T02:21:37.357 +0000 INFO  - FeatureCollection added = FeatureCollectionConfig name ='HYCOM' collectionName='HYCOM' type='FMRC'
  spec='/root/data/remo/**/HYCOM_MV_#yyyyMMdd#\.nc$'
  olderThan =1 min
  timePartition =directory
  updateConfig =UpdateConfig{userDefined=true, recheckAfter='null', rescan='0 0/5 * * * ? *', triggerOk=true, updateType=test}
  tdmConfig =UpdateConfig{userDefined=false, recheckAfter='null', rescan='null', triggerOk=true, updateType=test}
  ProtoConfig{choice=Penultimate, change='null', param='null', outerNcml='null', cacheAll=true}
  hasInnerNcml =true
  fmrcConfig =FmrcConfig: regularize=false datasetTypes=[Best]

2019-06-01T02:21:37.428 +0000 INFO  - scheduleJob startup scan force=test for 'HYCOM' at 2019-06-01T02:21:40.425+0000
2019-06-01T02:21:37.436 +0000 INFO  - scheduleJob recurring scan for 'HYCOM' cronExpr=0 0/5 * * * ? *
2019-06-01T02:32:36.671 +0000 INFO  - FeatureCollection added = FeatureCollectionConfig name ='HYCOM' collectionName='HYCOM' type='FMRC'
  spec='/root/data/remo/**/HYCOM_MV_#yyyyMMdd#\.nc$'
  olderThan =1 min
  timePartition =directory
  updateConfig =UpdateConfig{userDefined=true, recheckAfter='null', rescan='0 0/5 * * * ? *', triggerOk=true, updateType=test}
  tdmConfig =UpdateConfig{userDefined=false, recheckAfter='null', rescan='null', triggerOk=true, updateType=test}
  ProtoConfig{choice=Penultimate, change='null', param='null', outerNcml='null', cacheAll=true}
  hasInnerNcml =true
  fmrcConfig =FmrcConfig: regularize=false datasetTypes=[Best]

2019-06-01T02:32:36.815 +0000 INFO  - scheduleJob startup scan force=test for 'HYCOM' at 2019-06-01T02:32:39.811+0000
2019-06-01T02:32:36.823 +0000 INFO  - scheduleJob recurring scan for 'HYCOM' cronExpr=0 0/5 * * * ? *
2019-06-06T23:42:55.388 +0000 INFO  - FeatureCollection added = FeatureCollectionConfig name ='HYCOM' collectionName='HYCOM' type='FMRC'
  spec='/root/data/remo/**/HYCOM_MV_#yyyyMMdd#\.nc$'
  olderThan =1 min
  timePartition =directory
  updateConfig =UpdateConfig{userDefined=true, recheckAfter='null', rescan='0 0/5 * * * ? *', triggerOk=true, updateType=test}
  tdmConfig =UpdateConfig{userDefined=false, recheckAfter='null', rescan='null', triggerOk=true, updateType=test}
  ProtoConfig{choice=Penultimate, change='null', param='null', outerNcml='null', cacheAll=true}
  hasInnerNcml =true
  fmrcConfig =FmrcConfig: regularize=false datasetTypes=[Best]

2019-06-06T23:42:55.476 +0000 INFO  - scheduleJob startup scan force=test for 'HYCOM' at 2019-06-06T23:42:58.472+0000
2019-06-06T23:42:55.483 +0000 INFO  - scheduleJob recurring scan for 'HYCOM' cronExpr=0 0/5 * * * ? *
2019-06-06T23:46:40.464 +0000 INFO  - FeatureCollection added = FeatureCollectionConfig name ='HYCOM' collectionName='HYCOM' type='FMRC'
  spec='/root/data/remo/**/HYCOM_MV_#yyyyMMdd#\.nc$'
  olderThan =1 min
  timePartition =directory
  updateConfig =UpdateConfig{userDefined=true, recheckAfter='null', rescan='0 0/5 * * * ? *', triggerOk=true, updateType=test}
  tdmConfig =UpdateConfig{userDefined=false, recheckAfter='null', rescan='null', triggerOk=true, updateType=test}
  ProtoConfig{choice=Penultimate, change='null', param='null', outerNcml='null', cacheAll=true}
  hasInnerNcml =true
  fmrcConfig =FmrcConfig: regularize=false datasetTypes=[Best]

2019-06-06T23:46:40.529 +0000 INFO  - scheduleJob startup scan force=test for 'HYCOM' at 2019-06-06T23:46:43.525+0000
2019-06-06T23:46:40.539 +0000 INFO  - scheduleJob recurring scan for 'HYCOM' cronExpr=0 0/5 * * * ? *
2019-06-06T23:56:42.259 +0000 INFO  - FeatureCollection added = FeatureCollectionConfig name ='HYCOM' collectionName='HYCOM' type='FMRC'
  spec='/root/data/remo/**/HYCOM_MV_#yyyyMMdd#\.nc$'
  olderThan =1 min
  timePartition =directory
  updateConfig =UpdateConfig{userDefined=true, recheckAfter='null', rescan='0 0/5 * * * ? *', triggerOk=true, updateType=test}
  tdmConfig =UpdateConfig{userDefined=false, recheckAfter='null', rescan='null', triggerOk=true, updateType=test}
  ProtoConfig{choice=Penultimate, change='null', param='null', outerNcml='null', cacheAll=true}
  hasInnerNcml =true
  fmrcConfig =FmrcConfig: regularize=false datasetTypes=[Best]

2019-06-06T23:56:42.327 +0000 INFO  - scheduleJob startup scan force=test for 'HYCOM' at 2019-06-06T23:56:45.324+0000
2019-06-06T23:56:42.333 +0000 INFO  - scheduleJob recurring scan for 'HYCOM' cronExpr=0 0/5 * * * ? *
2019-06-09T15:00:03.892 +0000 INFO  - FeatureCollection added = FeatureCollectionConfig name ='HYCOM' collectionName='HYCOM' type='FMRC'
  spec='/root/data/remo/**/HYCOM_MV_#yyyyMMdd#\.nc$'
  olderThan =1 min
  timePartition =directory
  updateConfig =UpdateConfig{userDefined=true, recheckAfter='null', rescan='0 0/5 * * * ? *', triggerOk=true, updateType=test}
  tdmConfig =UpdateConfig{userDefined=false, recheckAfter='null', rescan='null', triggerOk=true, updateType=test}
  ProtoConfig{choice=Penultimate, change='null', param='null', outerNcml='null', cacheAll=true}
  hasInnerNcml =true
  fmrcConfig =FmrcConfig: regularize=false datasetTypes=[Best]

2019-06-09T15:00:03.998 +0000 INFO  - scheduleJob startup scan force=test for 'HYCOM' at 2019-06-09T15:00:06.995+0000
2019-06-09T15:00:04.008 +0000 INFO  - scheduleJob recurring scan for 'HYCOM' cronExpr=0 0/5 * * * ? *
2019-06-10T20:01:57.544 +0000 INFO  - FeatureCollection added = FeatureCollectionConfig name ='HYCOM' collectionName='HYCOM' type='FMRC'
  spec='/root/data/remo/**/HYCOM_MV_#yyyyMMdd#\.nc$'
  olderThan =1 min
  timePartition =directory
  updateConfig =UpdateConfig{userDefined=true, recheckAfter='null', rescan='0 0/5 * * * ? *', triggerOk=true, updateType=test}
  tdmConfig =UpdateConfig{userDefined=false, recheckAfter='null', rescan='null', triggerOk=true, updateType=test}
  ProtoConfig{choice=Penultimate, change='null', param='null', outerNcml='null', cacheAll=true}
  hasInnerNcml =true
  fmrcConfig =FmrcConfig: regularize=false datasetTypes=[Best]

2019-06-10T20:01:57.622 +0000 INFO  - scheduleJob startup scan force=test for 'HYCOM' at 2019-06-10T20:02:00.619+0000
2019-06-10T20:01:57.629 +0000 INFO  - scheduleJob recurring scan for 'HYCOM' cronExpr=0 0/5 * * * ? *
2019-07-05T17:39:46.383 +0000 INFO  - FeatureCollection added = FeatureCollectionConfig name ='HYCOM' collectionName='HYCOM' type='FMRC'
  spec='/root/data/remo/**/HYCOM_MV_#yyyyMMdd#\.nc$'
  olderThan =1 min
  timePartition =directory
  updateConfig =UpdateConfig{userDefined=true, recheckAfter='null', rescan='0 0/5 * * * ? *', triggerOk=true, updateType=test}
  tdmConfig =UpdateConfig{userDefined=false, recheckAfter='null', rescan='null', triggerOk=true, updateType=test}
  ProtoConfig{choice=Penultimate, change='null', param='null', outerNcml='null', cacheAll=true}
  hasInnerNcml =true
  fmrcConfig =FmrcConfig: regularize=false datasetTypes=[Best]

2019-07-05T17:39:46.497 +0000 INFO  - scheduleJob startup scan force=test for 'HYCOM' at 2019-07-05T17:39:49.494+0000
2019-07-05T17:39:46.505 +0000 INFO  - scheduleJob recurring scan for 'HYCOM' cronExpr=0 0/5 * * * ? *
2019-07-05T17:43:37.594 +0000 INFO  - FeatureCollection added = FeatureCollectionConfig name ='HYCOM' collectionName='HYCOM' type='FMRC'
  spec='/root/data/remo/**/HYCOM_MV_#yyyyMMdd#\.nc$'
  olderThan =1 min
  timePartition =directory
  updateConfig =UpdateConfig{userDefined=true, recheckAfter='null', rescan='0 0/5 * * * ? *', triggerOk=true, updateType=test}
  tdmConfig =UpdateConfig{userDefined=false, recheckAfter='null', rescan='null', triggerOk=true, updateType=test}
  ProtoConfig{choice=Penultimate, change='null', param='null', outerNcml='null', cacheAll=true}
  hasInnerNcml =true
  fmrcConfig =FmrcConfig: regularize=false datasetTypes=[Best]

2019-07-05T17:43:37.657 +0000 INFO  - scheduleJob startup scan force=test for 'HYCOM' at 2019-07-05T17:43:40.653+0000
2019-07-05T17:43:37.664 +0000 INFO  - scheduleJob recurring scan for 'HYCOM' cronExpr=0 0/5 * * * ? *
2019-08-01T03:51:11.943 +0000 INFO  - FeatureCollection added = FeatureCollectionConfig name ='HYCOM' collectionName='HYCOM' type='FMRC'
  spec='/root/data/remo/**/HYCOM_MV_#yyyyMMdd#\.nc$'
  olderThan =1 min
  timePartition =directory
  updateConfig =UpdateConfig{userDefined=true, recheckAfter='null', rescan='0 0/5 * * * ? *', triggerOk=true, updateType=test}
  tdmConfig =UpdateConfig{userDefined=false, recheckAfter='null', rescan='null', triggerOk=true, updateType=test}
  ProtoConfig{choice=Penultimate, change='null', param='null', outerNcml='null', cacheAll=true}
  hasInnerNcml =true
  fmrcConfig =FmrcConfig: regularize=false datasetTypes=[Best]

2019-08-01T03:51:12.055 +0000 INFO  - scheduleJob startup scan force=test for 'HYCOM' at 2019-08-01T03:51:15.052+0000
2019-08-01T03:51:12.064 +0000 INFO  - scheduleJob recurring scan for 'HYCOM' cronExpr=0 0/5 * * * ? *
2019-08-01T03:54:14.317 +0000 INFO  - FeatureCollection added = FeatureCollectionConfig name ='HYCOM' collectionName='HYCOM' type='FMRC'
  spec='/root/data/remo/**/HYCOM_MV_#yyyyMMdd#\.nc$'
  olderThan =1 min
  timePartition =directory
  updateConfig =UpdateConfig{userDefined=true, recheckAfter='null', rescan='0 0/5 * * * ? *', triggerOk=true, updateType=test}
  tdmConfig =UpdateConfig{userDefined=false, recheckAfter='null', rescan='null', triggerOk=true, updateType=test}
  ProtoConfig{choice=Penultimate, change='null', param='null', outerNcml='null', cacheAll=true}
  hasInnerNcml =true
  fmrcConfig =FmrcConfig: regularize=false datasetTypes=[Best]

2019-08-01T03:54:14.396 +0000 INFO  - scheduleJob startup scan force=test for 'HYCOM' at 2019-08-01T03:54:17.392+0000
2019-08-01T03:54:14.406 +0000 INFO  - scheduleJob recurring scan for 'HYCOM' cronExpr=0 0/5 * * * ? *
2019-08-04T04:28:40.741 +0000 INFO  - FeatureCollection added = FeatureCollectionConfig name ='HYCOM' collectionName='HYCOM' type='FMRC'
  spec='/root/data/remo/**/HYCOM_MV_#yyyyMMdd#\.nc$'
  olderThan =1 min
  timePartition =directory
  updateConfig =UpdateConfig{userDefined=true, recheckAfter='null', rescan='0 0/5 * * * ? *', triggerOk=true, updateType=test}
  tdmConfig =UpdateConfig{userDefined=false, recheckAfter='null', rescan='null', triggerOk=true, updateType=test}
  ProtoConfig{choice=Penultimate, change='null', param='null', outerNcml='null', cacheAll=true}
  hasInnerNcml =true
  fmrcConfig =FmrcConfig: regularize=false datasetTypes=[Best]

2019-08-04T04:28:40.858 +0000 INFO  - scheduleJob startup scan force=test for 'HYCOM' at 2019-08-04T04:28:43.854+0000
2019-08-04T04:28:40.869 +0000 INFO  - scheduleJob recurring scan for 'HYCOM' cronExpr=0 0/5 * * * ? *
