2019-02-12T13:04:30.766 +0000 INFO  - FeatureCollection added = FeatureCollectionConfig name ='TABG-TEBIG' collectionName='TABG-TEBIG' type='FMRC'
  spec='/usr/local/tds/datasets/remo/costeiros/tabg-tebig/**/delft_TABG-TEBIG_#yyyyMMdd#\.nc$'
  olderThan =10 min
  timePartition =directory
  updateConfig =UpdateConfig{userDefined=true, recheckAfter='null', rescan='0 0/5 * * * ? *', triggerOk=true, updateType=test}
  tdmConfig =UpdateConfig{userDefined=false, recheckAfter='null', rescan='null', triggerOk=true, updateType=test}
  ProtoConfig{choice=Penultimate, change='null', param='null', outerNcml='null', cacheAll=true}
  hasInnerNcml =true
  fmrcConfig =FmrcConfig: regularize=false datasetTypes=[Best]

2019-02-12T13:04:30.767 +0000 WARN  - MFileCollectionManager parse error =  Directory /usr/local/tds/datasets/remo/costeiros/tabg-tebig does not exist 
 
2019-02-12T13:04:30.767 +0000 INFO  - scheduleJob startup scan force=test for 'TABG-TEBIG' at 2019-02-12T13:04:33.767+0000
2019-02-12T13:04:30.767 +0000 INFO  - scheduleJob recurring scan for 'TABG-TEBIG' cronExpr=0 0/5 * * * ? *
2019-02-12T13:04:33.783 +0000 ERROR - TABG-TEBIG: Invalid collection= MCollection{name='/usr/local/tds/datasets/remo/costeiros/tabg-tebig', dirName='/usr/local/tds/datasets/remo/costeiros/tabg-tebig', wantSubdirs=true, filter=WildcardMatchOnPath{wildcard=null regexp=delft_TABG-TEBIG_........\.nc$}}
2019-02-12T13:04:33.783 +0000 WARN  - MFileCollectionManager: No files found for TABG-TEBIG
2019-02-12T13:05:00.005 +0000 ERROR - TABG-TEBIG: Invalid collection= MCollection{name='/usr/local/tds/datasets/remo/costeiros/tabg-tebig', dirName='/usr/local/tds/datasets/remo/costeiros/tabg-tebig', wantSubdirs=true, filter=WildcardMatchOnPath{wildcard=null regexp=delft_TABG-TEBIG_........\.nc$}}
2019-02-12T13:05:00.005 +0000 WARN  - MFileCollectionManager: No files found for TABG-TEBIG
2019-02-12T13:10:00.005 +0000 ERROR - TABG-TEBIG: Invalid collection= MCollection{name='/usr/local/tds/datasets/remo/costeiros/tabg-tebig', dirName='/usr/local/tds/datasets/remo/costeiros/tabg-tebig', wantSubdirs=true, filter=WildcardMatchOnPath{wildcard=null regexp=delft_TABG-TEBIG_........\.nc$}}
2019-02-12T13:10:00.005 +0000 WARN  - MFileCollectionManager: No files found for TABG-TEBIG
2019-02-12T13:11:49.996 +0000 INFO  - FeatureCollection added = FeatureCollectionConfig name ='TABG-TEBIG' collectionName='TABG-TEBIG' type='FMRC'
  spec='/usr/local/tds/datasets/remo/costeiros/tabg-tebig/**/delft_TABG-TEBIG_#yyyyMMdd#\.nc$'
  olderThan =10 min
  timePartition =directory
  updateConfig =UpdateConfig{userDefined=true, recheckAfter='null', rescan='0 0/5 * * * ? *', triggerOk=true, updateType=test}
  tdmConfig =UpdateConfig{userDefined=false, recheckAfter='null', rescan='null', triggerOk=true, updateType=test}
  ProtoConfig{choice=Penultimate, change='null', param='null', outerNcml='null', cacheAll=true}
  hasInnerNcml =true
  fmrcConfig =FmrcConfig: regularize=false datasetTypes=[Best]

2019-02-12T13:11:49.996 +0000 WARN  - MFileCollectionManager parse error =  Directory /usr/local/tds/datasets/remo/costeiros/tabg-tebig does not exist 
 
2019-02-12T13:11:49.997 +0000 INFO  - scheduleJob startup scan force=test for 'TABG-TEBIG' at 2019-02-12T13:11:52.997+0000
2019-02-12T13:11:49.997 +0000 INFO  - scheduleJob recurring scan for 'TABG-TEBIG' cronExpr=0 0/5 * * * ? *
2019-02-12T13:11:53.015 +0000 ERROR - TABG-TEBIG: Invalid collection= MCollection{name='/usr/local/tds/datasets/remo/costeiros/tabg-tebig', dirName='/usr/local/tds/datasets/remo/costeiros/tabg-tebig', wantSubdirs=true, filter=WildcardMatchOnPath{wildcard=null regexp=delft_TABG-TEBIG_........\.nc$}}
2019-02-12T13:11:53.016 +0000 WARN  - MFileCollectionManager: No files found for TABG-TEBIG
2019-02-12T13:15:00.006 +0000 ERROR - TABG-TEBIG: Invalid collection= MCollection{name='/usr/local/tds/datasets/remo/costeiros/tabg-tebig', dirName='/usr/local/tds/datasets/remo/costeiros/tabg-tebig', wantSubdirs=true, filter=WildcardMatchOnPath{wildcard=null regexp=delft_TABG-TEBIG_........\.nc$}}
2019-02-12T13:15:00.006 +0000 WARN  - MFileCollectionManager: No files found for TABG-TEBIG
2019-02-12T13:20:00.005 +0000 ERROR - TABG-TEBIG: Invalid collection= MCollection{name='/usr/local/tds/datasets/remo/costeiros/tabg-tebig', dirName='/usr/local/tds/datasets/remo/costeiros/tabg-tebig', wantSubdirs=true, filter=WildcardMatchOnPath{wildcard=null regexp=delft_TABG-TEBIG_........\.nc$}}
2019-02-12T13:20:00.005 +0000 WARN  - MFileCollectionManager: No files found for TABG-TEBIG
2019-02-12T13:25:00.004 +0000 ERROR - TABG-TEBIG: Invalid collection= MCollection{name='/usr/local/tds/datasets/remo/costeiros/tabg-tebig', dirName='/usr/local/tds/datasets/remo/costeiros/tabg-tebig', wantSubdirs=true, filter=WildcardMatchOnPath{wildcard=null regexp=delft_TABG-TEBIG_........\.nc$}}
2019-02-12T13:25:00.004 +0000 WARN  - MFileCollectionManager: No files found for TABG-TEBIG
2019-02-12T13:30:00.005 +0000 ERROR - TABG-TEBIG: Invalid collection= MCollection{name='/usr/local/tds/datasets/remo/costeiros/tabg-tebig', dirName='/usr/local/tds/datasets/remo/costeiros/tabg-tebig', wantSubdirs=true, filter=WildcardMatchOnPath{wildcard=null regexp=delft_TABG-TEBIG_........\.nc$}}
2019-02-12T13:30:00.005 +0000 WARN  - MFileCollectionManager: No files found for TABG-TEBIG
2019-02-12T13:35:00.003 +0000 ERROR - TABG-TEBIG: Invalid collection= MCollection{name='/usr/local/tds/datasets/remo/costeiros/tabg-tebig', dirName='/usr/local/tds/datasets/remo/costeiros/tabg-tebig', wantSubdirs=true, filter=WildcardMatchOnPath{wildcard=null regexp=delft_TABG-TEBIG_........\.nc$}}
2019-02-12T13:35:00.003 +0000 WARN  - MFileCollectionManager: No files found for TABG-TEBIG
2019-02-12T13:40:00.003 +0000 ERROR - TABG-TEBIG: Invalid collection= MCollection{name='/usr/local/tds/datasets/remo/costeiros/tabg-tebig', dirName='/usr/local/tds/datasets/remo/costeiros/tabg-tebig', wantSubdirs=true, filter=WildcardMatchOnPath{wildcard=null regexp=delft_TABG-TEBIG_........\.nc$}}
2019-02-12T13:40:00.003 +0000 WARN  - MFileCollectionManager: No files found for TABG-TEBIG
2019-02-12T13:45:00.005 +0000 ERROR - TABG-TEBIG: Invalid collection= MCollection{name='/usr/local/tds/datasets/remo/costeiros/tabg-tebig', dirName='/usr/local/tds/datasets/remo/costeiros/tabg-tebig', wantSubdirs=true, filter=WildcardMatchOnPath{wildcard=null regexp=delft_TABG-TEBIG_........\.nc$}}
2019-02-12T13:45:00.005 +0000 WARN  - MFileCollectionManager: No files found for TABG-TEBIG
2019-02-12T13:50:00.003 +0000 ERROR - TABG-TEBIG: Invalid collection= MCollection{name='/usr/local/tds/datasets/remo/costeiros/tabg-tebig', dirName='/usr/local/tds/datasets/remo/costeiros/tabg-tebig', wantSubdirs=true, filter=WildcardMatchOnPath{wildcard=null regexp=delft_TABG-TEBIG_........\.nc$}}
2019-02-12T13:50:00.003 +0000 WARN  - MFileCollectionManager: No files found for TABG-TEBIG
2019-02-12T13:55:00.003 +0000 ERROR - TABG-TEBIG: Invalid collection= MCollection{name='/usr/local/tds/datasets/remo/costeiros/tabg-tebig', dirName='/usr/local/tds/datasets/remo/costeiros/tabg-tebig', wantSubdirs=true, filter=WildcardMatchOnPath{wildcard=null regexp=delft_TABG-TEBIG_........\.nc$}}
2019-02-12T13:55:00.003 +0000 WARN  - MFileCollectionManager: No files found for TABG-TEBIG
