[2019-02-12T13:04:33.778+0000] ERROR ucar.nc2.ft.fmrc.FmrcDataset: Fmrc collection is empty =fmrc:remo_hycomsse_2dtsuv
[2019-02-12T13:04:33.778+0000] ERROR ucar.nc2.ft.fmrc.FmrcDataset: Fmrc collection is empty =fmrc:remo_hycomsse_ssh
[2019-02-12T13:04:33.779+0000] ERROR ucar.nc2.ft.fmrc.Fmrc: remo_hycomsse_2dtsuv: makeFmrcInv failed
java.lang.IllegalStateException: Fmrc collection is empty =fmrc:remo_hycomsse_2dtsuv
	at ucar.nc2.ft.fmrc.FmrcDataset.buildProto(FmrcDataset.java:258) ~[cdm-4.6.12.jar:4.6.12]
	at ucar.nc2.ft.fmrc.FmrcDataset.setInventory(FmrcDataset.java:237) ~[cdm-4.6.12.jar:4.6.12]
	at ucar.nc2.ft.fmrc.Fmrc.update(Fmrc.java:236) [cdm-4.6.12.jar:4.6.12]
	at thredds.catalog.InvDatasetFcFmrc.updateCollection(InvDatasetFcFmrc.java:107) [tdcommon-4.6.12.jar:4.6.12]
	at thredds.catalog.InvDatasetFeatureCollection.checkState(InvDatasetFeatureCollection.java:311) [tdcommon-4.6.12.jar:4.6.12]
	at thredds.catalog.InvDatasetFeatureCollection.update(InvDatasetFeatureCollection.java:332) [tdcommon-4.6.12.jar:4.6.12]
	at thredds.catalog.InvDatasetFcFmrc.update(InvDatasetFcFmrc.java:95) [tdcommon-4.6.12.jar:4.6.12]
	at thredds.catalog.InvDatasetFeatureCollection.sendEvent(InvDatasetFeatureCollection.java:228) [tdcommon-4.6.12.jar:4.6.12]
	at thredds.inventory.CollectionUpdater$UpdateCollectionJob.execute(CollectionUpdater.java:242) [cdm-4.6.12.jar:4.6.12]
	at org.quartz.core.JobRunShell.run(JobRunShell.java:207) [quartz-2.2.0.jar:?]
	at org.quartz.simpl.SimpleThreadPool$WorkerThread.run(SimpleThreadPool.java:560) [quartz-2.2.0.jar:?]
[2019-02-12T13:04:33.779+0000] ERROR ucar.nc2.ft.fmrc.Fmrc: remo_hycomsse_ssh: makeFmrcInv failed
java.lang.IllegalStateException: Fmrc collection is empty =fmrc:remo_hycomsse_ssh
	at ucar.nc2.ft.fmrc.FmrcDataset.buildProto(FmrcDataset.java:258) ~[cdm-4.6.12.jar:4.6.12]
	at ucar.nc2.ft.fmrc.FmrcDataset.setInventory(FmrcDataset.java:237) ~[cdm-4.6.12.jar:4.6.12]
	at ucar.nc2.ft.fmrc.Fmrc.update(Fmrc.java:236) [cdm-4.6.12.jar:4.6.12]
	at thredds.catalog.InvDatasetFcFmrc.updateCollection(InvDatasetFcFmrc.java:107) [tdcommon-4.6.12.jar:4.6.12]
	at thredds.catalog.InvDatasetFeatureCollection.checkState(InvDatasetFeatureCollection.java:311) [tdcommon-4.6.12.jar:4.6.12]
	at thredds.catalog.InvDatasetFeatureCollection.update(InvDatasetFeatureCollection.java:332) [tdcommon-4.6.12.jar:4.6.12]
	at thredds.catalog.InvDatasetFcFmrc.update(InvDatasetFcFmrc.java:95) [tdcommon-4.6.12.jar:4.6.12]
	at thredds.catalog.InvDatasetFeatureCollection.sendEvent(InvDatasetFeatureCollection.java:228) [tdcommon-4.6.12.jar:4.6.12]
	at thredds.inventory.CollectionUpdater$UpdateCollectionJob.execute(CollectionUpdater.java:242) [cdm-4.6.12.jar:4.6.12]
	at org.quartz.core.JobRunShell.run(JobRunShell.java:207) [quartz-2.2.0.jar:?]
	at org.quartz.simpl.SimpleThreadPool$WorkerThread.run(SimpleThreadPool.java:560) [quartz-2.2.0.jar:?]
[2019-02-12T13:04:33.781+0000] ERROR ucar.nc2.ft.fmrc.FmrcDataset: Fmrc collection is empty =fmrc:remo_hycomsse_3dtsuv
[2019-02-12T13:04:33.781+0000] ERROR ucar.nc2.ft.fmrc.Fmrc: remo_hycomsse_3dtsuv: makeFmrcInv failed
java.lang.IllegalStateException: Fmrc collection is empty =fmrc:remo_hycomsse_3dtsuv
	at ucar.nc2.ft.fmrc.FmrcDataset.buildProto(FmrcDataset.java:258) ~[cdm-4.6.12.jar:4.6.12]
	at ucar.nc2.ft.fmrc.FmrcDataset.setInventory(FmrcDataset.java:237) ~[cdm-4.6.12.jar:4.6.12]
	at ucar.nc2.ft.fmrc.Fmrc.update(Fmrc.java:236) [cdm-4.6.12.jar:4.6.12]
	at thredds.catalog.InvDatasetFcFmrc.updateCollection(InvDatasetFcFmrc.java:107) [tdcommon-4.6.12.jar:4.6.12]
	at thredds.catalog.InvDatasetFeatureCollection.checkState(InvDatasetFeatureCollection.java:311) [tdcommon-4.6.12.jar:4.6.12]
	at thredds.catalog.InvDatasetFeatureCollection.update(InvDatasetFeatureCollection.java:332) [tdcommon-4.6.12.jar:4.6.12]
	at thredds.catalog.InvDatasetFcFmrc.update(InvDatasetFcFmrc.java:95) [tdcommon-4.6.12.jar:4.6.12]
	at thredds.catalog.InvDatasetFeatureCollection.sendEvent(InvDatasetFeatureCollection.java:228) [tdcommon-4.6.12.jar:4.6.12]
	at thredds.inventory.CollectionUpdater$UpdateCollectionJob.execute(CollectionUpdater.java:242) [cdm-4.6.12.jar:4.6.12]
	at org.quartz.core.JobRunShell.run(JobRunShell.java:207) [quartz-2.2.0.jar:?]
	at org.quartz.simpl.SimpleThreadPool$WorkerThread.run(SimpleThreadPool.java:560) [quartz-2.2.0.jar:?]
[2019-02-12T13:11:53.011+0000] ERROR ucar.nc2.ft.fmrc.FmrcDataset: Fmrc collection is empty =fmrc:remo_hycomsse_ssh
[2019-02-12T13:11:53.011+0000] ERROR ucar.nc2.ft.fmrc.Fmrc: remo_hycomsse_ssh: makeFmrcInv failed
java.lang.IllegalStateException: Fmrc collection is empty =fmrc:remo_hycomsse_ssh
	at ucar.nc2.ft.fmrc.FmrcDataset.buildProto(FmrcDataset.java:258) ~[cdm-4.6.12.jar:4.6.12]
	at ucar.nc2.ft.fmrc.FmrcDataset.setInventory(FmrcDataset.java:237) ~[cdm-4.6.12.jar:4.6.12]
	at ucar.nc2.ft.fmrc.Fmrc.update(Fmrc.java:236) [cdm-4.6.12.jar:4.6.12]
	at thredds.catalog.InvDatasetFcFmrc.updateCollection(InvDatasetFcFmrc.java:107) [tdcommon-4.6.12.jar:4.6.12]
	at thredds.catalog.InvDatasetFeatureCollection.checkState(InvDatasetFeatureCollection.java:311) [tdcommon-4.6.12.jar:4.6.12]
	at thredds.catalog.InvDatasetFeatureCollection.update(InvDatasetFeatureCollection.java:332) [tdcommon-4.6.12.jar:4.6.12]
	at thredds.catalog.InvDatasetFcFmrc.update(InvDatasetFcFmrc.java:95) [tdcommon-4.6.12.jar:4.6.12]
	at thredds.catalog.InvDatasetFeatureCollection.sendEvent(InvDatasetFeatureCollection.java:228) [tdcommon-4.6.12.jar:4.6.12]
	at thredds.inventory.CollectionUpdater$UpdateCollectionJob.execute(CollectionUpdater.java:242) [cdm-4.6.12.jar:4.6.12]
	at org.quartz.core.JobRunShell.run(JobRunShell.java:207) [quartz-2.2.0.jar:?]
	at org.quartz.simpl.SimpleThreadPool$WorkerThread.run(SimpleThreadPool.java:560) [quartz-2.2.0.jar:?]
[2019-02-12T13:11:53.012+0000] ERROR ucar.nc2.ft.fmrc.FmrcDataset: Fmrc collection is empty =fmrc:remo_hycomsse_2dtsuv
[2019-02-12T13:11:53.013+0000] ERROR ucar.nc2.ft.fmrc.Fmrc: remo_hycomsse_2dtsuv: makeFmrcInv failed
java.lang.IllegalStateException: Fmrc collection is empty =fmrc:remo_hycomsse_2dtsuv
	at ucar.nc2.ft.fmrc.FmrcDataset.buildProto(FmrcDataset.java:258) ~[cdm-4.6.12.jar:4.6.12]
	at ucar.nc2.ft.fmrc.FmrcDataset.setInventory(FmrcDataset.java:237) ~[cdm-4.6.12.jar:4.6.12]
	at ucar.nc2.ft.fmrc.Fmrc.update(Fmrc.java:236) [cdm-4.6.12.jar:4.6.12]
	at thredds.catalog.InvDatasetFcFmrc.updateCollection(InvDatasetFcFmrc.java:107) [tdcommon-4.6.12.jar:4.6.12]
	at thredds.catalog.InvDatasetFeatureCollection.checkState(InvDatasetFeatureCollection.java:311) [tdcommon-4.6.12.jar:4.6.12]
	at thredds.catalog.InvDatasetFeatureCollection.update(InvDatasetFeatureCollection.java:332) [tdcommon-4.6.12.jar:4.6.12]
	at thredds.catalog.InvDatasetFcFmrc.update(InvDatasetFcFmrc.java:95) [tdcommon-4.6.12.jar:4.6.12]
	at thredds.catalog.InvDatasetFeatureCollection.sendEvent(InvDatasetFeatureCollection.java:228) [tdcommon-4.6.12.jar:4.6.12]
	at thredds.inventory.CollectionUpdater$UpdateCollectionJob.execute(CollectionUpdater.java:242) [cdm-4.6.12.jar:4.6.12]
	at org.quartz.core.JobRunShell.run(JobRunShell.java:207) [quartz-2.2.0.jar:?]
	at org.quartz.simpl.SimpleThreadPool$WorkerThread.run(SimpleThreadPool.java:560) [quartz-2.2.0.jar:?]
[2019-02-12T13:11:53.019+0000] ERROR ucar.nc2.ft.fmrc.FmrcDataset: Fmrc collection is empty =fmrc:remo_hycomsse_3dtsuv
[2019-02-12T13:11:53.020+0000] ERROR ucar.nc2.ft.fmrc.Fmrc: remo_hycomsse_3dtsuv: makeFmrcInv failed
java.lang.IllegalStateException: Fmrc collection is empty =fmrc:remo_hycomsse_3dtsuv
	at ucar.nc2.ft.fmrc.FmrcDataset.buildProto(FmrcDataset.java:258) ~[cdm-4.6.12.jar:4.6.12]
	at ucar.nc2.ft.fmrc.FmrcDataset.setInventory(FmrcDataset.java:237) ~[cdm-4.6.12.jar:4.6.12]
	at ucar.nc2.ft.fmrc.Fmrc.update(Fmrc.java:236) [cdm-4.6.12.jar:4.6.12]
	at thredds.catalog.InvDatasetFcFmrc.updateCollection(InvDatasetFcFmrc.java:107) [tdcommon-4.6.12.jar:4.6.12]
	at thredds.catalog.InvDatasetFeatureCollection.checkState(InvDatasetFeatureCollection.java:311) [tdcommon-4.6.12.jar:4.6.12]
	at thredds.catalog.InvDatasetFeatureCollection.update(InvDatasetFeatureCollection.java:332) [tdcommon-4.6.12.jar:4.6.12]
	at thredds.catalog.InvDatasetFcFmrc.update(InvDatasetFcFmrc.java:95) [tdcommon-4.6.12.jar:4.6.12]
	at thredds.catalog.InvDatasetFeatureCollection.sendEvent(InvDatasetFeatureCollection.java:228) [tdcommon-4.6.12.jar:4.6.12]
	at thredds.inventory.CollectionUpdater$UpdateCollectionJob.execute(CollectionUpdater.java:242) [cdm-4.6.12.jar:4.6.12]
	at org.quartz.core.JobRunShell.run(JobRunShell.java:207) [quartz-2.2.0.jar:?]
	at org.quartz.simpl.SimpleThreadPool$WorkerThread.run(SimpleThreadPool.java:560) [quartz-2.2.0.jar:?]
[2019-02-12T15:23:51.860+0000] WARN  ucar.nc2.ft.fmrc.Fmrc: Error opening /home/henrique/remo/20180206/HYCOM_MV_20180206.nc(skipped)
java.io.IOException: java.io.IOException: File is truncated should be= 3964068968 actual = 3780722688
	at ucar.nc2.NetcdfFile.open(NetcdfFile.java:429) ~[cdm-4.6.12.jar:4.6.12]
	at ucar.nc2.dataset.NetcdfDataset.openOrAcquireFile(NetcdfDataset.java:755) ~[cdm-4.6.12.jar:4.6.12]
	at ucar.nc2.dataset.NetcdfDataset.openFile(NetcdfDataset.java:598) ~[cdm-4.6.12.jar:4.6.12]
	at ucar.nc2.dataset.NetcdfDataset$MyNetcdfFileFactory.open(NetcdfDataset.java:330) ~[cdm-4.6.12.jar:4.6.12]
	at ucar.nc2.dataset.NetcdfDataset$MyNetcdfFileFactory.open(NetcdfDataset.java:328) ~[cdm-4.6.12.jar:4.6.12]
	at ucar.nc2.util.cache.FileCache.acquire(FileCache.java:262) ~[cdm-4.6.12.jar:4.6.12]
	at ucar.nc2.dataset.NetcdfDataset.openOrAcquireFile(NetcdfDataset.java:751) ~[cdm-4.6.12.jar:4.6.12]
	at ucar.nc2.dataset.NetcdfDataset.acquireFile(NetcdfDataset.java:637) ~[cdm-4.6.12.jar:4.6.12]
	at ucar.nc2.dataset.NetcdfDataset.acquireFile(NetcdfDataset.java:612) ~[cdm-4.6.12.jar:4.6.12]
	at ucar.nc2.ft.fmrc.GridDatasetInv.open(GridDatasetInv.java:123) ~[cdm-4.6.12.jar:4.6.12]
	at ucar.nc2.ft.fmrc.Fmrc.makeFmrcInv(Fmrc.java:280) [cdm-4.6.12.jar:4.6.12]
	at ucar.nc2.ft.fmrc.Fmrc.update(Fmrc.java:235) [cdm-4.6.12.jar:4.6.12]
	at thredds.catalog.InvDatasetFcFmrc.updateCollection(InvDatasetFcFmrc.java:107) [tdcommon-4.6.12.jar:4.6.12]
	at thredds.catalog.InvDatasetFeatureCollection.checkState(InvDatasetFeatureCollection.java:311) [tdcommon-4.6.12.jar:4.6.12]
	at thredds.catalog.InvDatasetFeatureCollection.update(InvDatasetFeatureCollection.java:332) [tdcommon-4.6.12.jar:4.6.12]
	at thredds.catalog.InvDatasetFcFmrc.update(InvDatasetFcFmrc.java:88) [tdcommon-4.6.12.jar:4.6.12]
	at thredds.catalog.InvDatasetFeatureCollection.sendEvent(InvDatasetFeatureCollection.java:228) [tdcommon-4.6.12.jar:4.6.12]
	at thredds.inventory.CollectionUpdater$UpdateCollectionJob.execute(CollectionUpdater.java:242) [cdm-4.6.12.jar:4.6.12]
	at org.quartz.core.JobRunShell.run(JobRunShell.java:207) [quartz-2.2.0.jar:?]
	at org.quartz.simpl.SimpleThreadPool$WorkerThread.run(SimpleThreadPool.java:560) [quartz-2.2.0.jar:?]
Caused by: java.io.IOException: File is truncated should be= 3964068968 actual = 3780722688
	at ucar.nc2.iosp.hdf5.H5header.readSuperBlock2(H5header.java:372) ~[cdm-4.6.12.jar:4.6.12]
	at ucar.nc2.iosp.hdf5.H5header.read(H5header.java:210) ~[cdm-4.6.12.jar:4.6.12]
	at ucar.nc2.iosp.hdf5.H5iosp.open(H5iosp.java:130) ~[cdm-4.6.12.jar:4.6.12]
	at ucar.nc2.NetcdfFile.<init>(NetcdfFile.java:1566) ~[cdm-4.6.12.jar:4.6.12]
	at ucar.nc2.NetcdfFile.open(NetcdfFile.java:841) ~[cdm-4.6.12.jar:4.6.12]
	at ucar.nc2.NetcdfFile.open(NetcdfFile.java:426) ~[cdm-4.6.12.jar:4.6.12]
	... 19 more
[2019-02-12T16:01:40.537+0000] ERROR ucar.nc2.ft.fmrc.FmrcDataset: Fmrc collection is empty =fmrc:HYCOM
[2019-02-12T16:01:40.538+0000] ERROR ucar.nc2.ft.fmrc.Fmrc: HYCOM: makeFmrcInv failed
java.lang.IllegalStateException: Fmrc collection is empty =fmrc:HYCOM
	at ucar.nc2.ft.fmrc.FmrcDataset.buildProto(FmrcDataset.java:258) ~[cdm-4.6.12.jar:4.6.12]
	at ucar.nc2.ft.fmrc.FmrcDataset.setInventory(FmrcDataset.java:237) ~[cdm-4.6.12.jar:4.6.12]
	at ucar.nc2.ft.fmrc.Fmrc.update(Fmrc.java:236) [cdm-4.6.12.jar:4.6.12]
	at thredds.catalog.InvDatasetFcFmrc.updateCollection(InvDatasetFcFmrc.java:107) [tdcommon-4.6.12.jar:4.6.12]
	at thredds.catalog.InvDatasetFeatureCollection.checkState(InvDatasetFeatureCollection.java:311) [tdcommon-4.6.12.jar:4.6.12]
	at thredds.catalog.InvDatasetFcFmrc.makeCatalog(InvDatasetFcFmrc.java:142) [tdcommon-4.6.12.jar:4.6.12]
	at thredds.servlet.DataRootHandler.makeDynamicCatalog(DataRootHandler.java:1435) [classes/:4.6.12]
	at thredds.servlet.DataRootHandler.getCatalog(DataRootHandler.java:1403) [classes/:4.6.12]
	at thredds.server.catalogservice.LocalCatalogServiceController.handleHtmlRequest(LocalCatalogServiceController.java:253) [classes/:4.6.12]
	at sun.reflect.NativeMethodAccessorImpl.invoke0(Native Method) ~[?:1.8.0_121]
	at sun.reflect.NativeMethodAccessorImpl.invoke(NativeMethodAccessorImpl.java:62) ~[?:1.8.0_121]
	at sun.reflect.DelegatingMethodAccessorImpl.invoke(DelegatingMethodAccessorImpl.java:43) ~[?:1.8.0_121]
	at java.lang.reflect.Method.invoke(Method.java:498) ~[?:1.8.0_121]
	at org.springframework.web.method.support.InvocableHandlerMethod.doInvoke(InvocableHandlerMethod.java:205) [spring-web-4.3.20.RELEASE.jar:4.3.20.RELEASE]
	at org.springframework.web.method.support.InvocableHandlerMethod.invokeForRequest(InvocableHandlerMethod.java:133) [spring-web-4.3.20.RELEASE.jar:4.3.20.RELEASE]
	at org.springframework.web.servlet.mvc.method.annotation.ServletInvocableHandlerMethod.invokeAndHandle(ServletInvocableHandlerMethod.java:97) [spring-webmvc-4.3.20.RELEASE.jar:4.3.20.RELEASE]
	at org.springframework.web.servlet.mvc.method.annotation.RequestMappingHandlerAdapter.invokeHandlerMethod(RequestMappingHandlerAdapter.java:849) [spring-webmvc-4.3.20.RELEASE.jar:4.3.20.RELEASE]
	at org.springframework.web.servlet.mvc.method.annotation.RequestMappingHandlerAdapter.handleInternal(RequestMappingHandlerAdapter.java:760) [spring-webmvc-4.3.20.RELEASE.jar:4.3.20.RELEASE]
	at org.springframework.web.servlet.mvc.method.AbstractHandlerMethodAdapter.handle(AbstractHandlerMethodAdapter.java:85) [spring-webmvc-4.3.20.RELEASE.jar:4.3.20.RELEASE]
	at org.springframework.web.servlet.DispatcherServlet.doDispatch(DispatcherServlet.java:967) [spring-webmvc-4.3.20.RELEASE.jar:4.3.20.RELEASE]
	at org.springframework.web.servlet.DispatcherServlet.doService(DispatcherServlet.java:901) [spring-webmvc-4.3.20.RELEASE.jar:4.3.20.RELEASE]
	at org.springframework.web.servlet.FrameworkServlet.processRequest(FrameworkServlet.java:970) [spring-webmvc-4.3.20.RELEASE.jar:4.3.20.RELEASE]
	at org.springframework.web.servlet.FrameworkServlet.doGet(FrameworkServlet.java:861) [spring-webmvc-4.3.20.RELEASE.jar:4.3.20.RELEASE]
	at javax.servlet.http.HttpServlet.service(HttpServlet.java:635) [servlet-api.jar:?]
	at org.springframework.web.servlet.FrameworkServlet.service(FrameworkServlet.java:846) [spring-webmvc-4.3.20.RELEASE.jar:4.3.20.RELEASE]
	at javax.servlet.http.HttpServlet.service(HttpServlet.java:742) [servlet-api.jar:?]
	at org.apache.catalina.core.ApplicationFilterChain.internalDoFilter(ApplicationFilterChain.java:231) [catalina.jar:8.5.37]
	at org.apache.catalina.core.ApplicationFilterChain.doFilter(ApplicationFilterChain.java:166) [catalina.jar:8.5.37]
	at thredds.servlet.filter.RequestQueryFilter.doFilter(RequestQueryFilter.java:118) [classes/:4.6.12]
	at org.apache.catalina.core.ApplicationFilterChain.internalDoFilter(ApplicationFilterChain.java:193) [catalina.jar:8.5.37]
	at org.apache.catalina.core.ApplicationFilterChain.doFilter(ApplicationFilterChain.java:166) [catalina.jar:8.5.37]
	at org.apache.tomcat.websocket.server.WsFilter.doFilter(WsFilter.java:52) [tomcat-websocket.jar:8.5.37]
	at org.apache.catalina.core.ApplicationFilterChain.internalDoFilter(ApplicationFilterChain.java:193) [catalina.jar:8.5.37]
	at org.apache.catalina.core.ApplicationFilterChain.doFilter(ApplicationFilterChain.java:166) [catalina.jar:8.5.37]
	at thredds.servlet.filter.RequestCORSFilter.doFilterInternal(RequestCORSFilter.java:49) [classes/:4.6.12]
	at org.springframework.web.filter.OncePerRequestFilter.doFilter(OncePerRequestFilter.java:107) [spring-web-4.3.20.RELEASE.jar:4.3.20.RELEASE]
	at org.springframework.web.filter.DelegatingFilterProxy.invokeDelegate(DelegatingFilterProxy.java:347) [spring-web-4.3.20.RELEASE.jar:4.3.20.RELEASE]
	at org.springframework.web.filter.DelegatingFilterProxy.doFilter(DelegatingFilterProxy.java:263) [spring-web-4.3.20.RELEASE.jar:4.3.20.RELEASE]
	at org.apache.catalina.core.ApplicationFilterChain.internalDoFilter(ApplicationFilterChain.java:193) [catalina.jar:8.5.37]
	at org.apache.catalina.core.ApplicationFilterChain.doFilter(ApplicationFilterChain.java:166) [catalina.jar:8.5.37]
	at thredds.servlet.filter.RequestPathFilter.doFilter(RequestPathFilter.java:94) [classes/:4.6.12]
	at org.apache.catalina.core.ApplicationFilterChain.internalDoFilter(ApplicationFilterChain.java:193) [catalina.jar:8.5.37]
	at org.apache.catalina.core.ApplicationFilterChain.doFilter(ApplicationFilterChain.java:166) [catalina.jar:8.5.37]
	at thredds.server.RequestBracketingLogMessageFilter.doFilter(RequestBracketingLogMessageFilter.java:81) [classes/:4.6.12]
	at org.apache.catalina.core.ApplicationFilterChain.internalDoFilter(ApplicationFilterChain.java:193) [catalina.jar:8.5.37]
	at org.apache.catalina.core.ApplicationFilterChain.doFilter(ApplicationFilterChain.java:166) [catalina.jar:8.5.37]
	at org.apache.logging.log4j.web.Log4jServletFilter.doFilter(Log4jServletFilter.java:71) [log4j-web-2.8.2.jar:2.8.2]
	at org.apache.catalina.core.ApplicationFilterChain.internalDoFilter(ApplicationFilterChain.java:193) [catalina.jar:8.5.37]
	at org.apache.catalina.core.ApplicationFilterChain.doFilter(ApplicationFilterChain.java:166) [catalina.jar:8.5.37]
	at org.apache.catalina.core.StandardWrapperValve.invoke(StandardWrapperValve.java:198) [catalina.jar:8.5.37]
	at org.apache.catalina.core.StandardContextValve.invoke(StandardContextValve.java:96) [catalina.jar:8.5.37]
	at org.apache.catalina.authenticator.AuthenticatorBase.invoke(AuthenticatorBase.java:493) [catalina.jar:8.5.37]
	at org.apache.catalina.core.StandardHostValve.invoke(StandardHostValve.java:140) [catalina.jar:8.5.37]
	at org.apache.catalina.valves.ErrorReportValve.invoke(ErrorReportValve.java:81) [catalina.jar:8.5.37]
	at org.apache.catalina.valves.AbstractAccessLogValve.invoke(AbstractAccessLogValve.java:650) [catalina.jar:8.5.37]
	at org.apache.catalina.core.StandardEngineValve.invoke(StandardEngineValve.java:87) [catalina.jar:8.5.37]
	at org.apache.catalina.connector.CoyoteAdapter.service(CoyoteAdapter.java:342) [catalina.jar:8.5.37]
	at org.apache.coyote.http11.Http11Processor.service(Http11Processor.java:800) [tomcat-coyote.jar:8.5.37]
	at org.apache.coyote.AbstractProcessorLight.process(AbstractProcessorLight.java:66) [tomcat-coyote.jar:8.5.37]
	at org.apache.coyote.AbstractProtocol$ConnectionHandler.process(AbstractProtocol.java:806) [tomcat-coyote.jar:8.5.37]
	at org.apache.tomcat.util.net.NioEndpoint$SocketProcessor.doRun(NioEndpoint.java:1498) [tomcat-coyote.jar:8.5.37]
	at org.apache.tomcat.util.net.SocketProcessorBase.run(SocketProcessorBase.java:49) [tomcat-coyote.jar:8.5.37]
	at java.util.concurrent.ThreadPoolExecutor.runWorker(ThreadPoolExecutor.java:1142) [?:1.8.0_121]
	at java.util.concurrent.ThreadPoolExecutor$Worker.run(ThreadPoolExecutor.java:617) [?:1.8.0_121]
	at org.apache.tomcat.util.threads.TaskThread$WrappingRunnable.run(TaskThread.java:61) [tomcat-util.jar:8.5.37]
	at java.lang.Thread.run(Thread.java:745) [?:1.8.0_121]
[2019-02-12T16:01:48.751+0000] ERROR ucar.nc2.ft.fmrc.FmrcDataset: Fmrc collection is empty =fmrc:HYCOM
[2019-02-12T16:01:48.752+0000] ERROR ucar.nc2.ft.fmrc.Fmrc: HYCOM: makeFmrcInv failed
java.lang.IllegalStateException: Fmrc collection is empty =fmrc:HYCOM
	at ucar.nc2.ft.fmrc.FmrcDataset.buildProto(FmrcDataset.java:258) ~[cdm-4.6.12.jar:4.6.12]
	at ucar.nc2.ft.fmrc.FmrcDataset.setInventory(FmrcDataset.java:237) ~[cdm-4.6.12.jar:4.6.12]
	at ucar.nc2.ft.fmrc.Fmrc.update(Fmrc.java:236) [cdm-4.6.12.jar:4.6.12]
	at thredds.catalog.InvDatasetFcFmrc.updateCollection(InvDatasetFcFmrc.java:107) [tdcommon-4.6.12.jar:4.6.12]
	at thredds.catalog.InvDatasetFeatureCollection.checkState(InvDatasetFeatureCollection.java:311) [tdcommon-4.6.12.jar:4.6.12]
	at thredds.catalog.InvDatasetFcFmrc.makeCatalog(InvDatasetFcFmrc.java:142) [tdcommon-4.6.12.jar:4.6.12]
	at thredds.servlet.DataRootHandler.makeDynamicCatalog(DataRootHandler.java:1435) [classes/:4.6.12]
	at thredds.servlet.DataRootHandler.getCatalog(DataRootHandler.java:1403) [classes/:4.6.12]
	at thredds.server.catalogservice.LocalCatalogServiceController.handleHtmlRequest(LocalCatalogServiceController.java:253) [classes/:4.6.12]
	at sun.reflect.NativeMethodAccessorImpl.invoke0(Native Method) ~[?:1.8.0_121]
	at sun.reflect.NativeMethodAccessorImpl.invoke(NativeMethodAccessorImpl.java:62) ~[?:1.8.0_121]
	at sun.reflect.DelegatingMethodAccessorImpl.invoke(DelegatingMethodAccessorImpl.java:43) ~[?:1.8.0_121]
	at java.lang.reflect.Method.invoke(Method.java:498) ~[?:1.8.0_121]
	at org.springframework.web.method.support.InvocableHandlerMethod.doInvoke(InvocableHandlerMethod.java:205) [spring-web-4.3.20.RELEASE.jar:4.3.20.RELEASE]
	at org.springframework.web.method.support.InvocableHandlerMethod.invokeForRequest(InvocableHandlerMethod.java:133) [spring-web-4.3.20.RELEASE.jar:4.3.20.RELEASE]
	at org.springframework.web.servlet.mvc.method.annotation.ServletInvocableHandlerMethod.invokeAndHandle(ServletInvocableHandlerMethod.java:97) [spring-webmvc-4.3.20.RELEASE.jar:4.3.20.RELEASE]
	at org.springframework.web.servlet.mvc.method.annotation.RequestMappingHandlerAdapter.invokeHandlerMethod(RequestMappingHandlerAdapter.java:849) [spring-webmvc-4.3.20.RELEASE.jar:4.3.20.RELEASE]
	at org.springframework.web.servlet.mvc.method.annotation.RequestMappingHandlerAdapter.handleInternal(RequestMappingHandlerAdapter.java:760) [spring-webmvc-4.3.20.RELEASE.jar:4.3.20.RELEASE]
	at org.springframework.web.servlet.mvc.method.AbstractHandlerMethodAdapter.handle(AbstractHandlerMethodAdapter.java:85) [spring-webmvc-4.3.20.RELEASE.jar:4.3.20.RELEASE]
	at org.springframework.web.servlet.DispatcherServlet.doDispatch(DispatcherServlet.java:967) [spring-webmvc-4.3.20.RELEASE.jar:4.3.20.RELEASE]
	at org.springframework.web.servlet.DispatcherServlet.doService(DispatcherServlet.java:901) [spring-webmvc-4.3.20.RELEASE.jar:4.3.20.RELEASE]
	at org.springframework.web.servlet.FrameworkServlet.processRequest(FrameworkServlet.java:970) [spring-webmvc-4.3.20.RELEASE.jar:4.3.20.RELEASE]
	at org.springframework.web.servlet.FrameworkServlet.doGet(FrameworkServlet.java:861) [spring-webmvc-4.3.20.RELEASE.jar:4.3.20.RELEASE]
	at javax.servlet.http.HttpServlet.service(HttpServlet.java:635) [servlet-api.jar:?]
	at org.springframework.web.servlet.FrameworkServlet.service(FrameworkServlet.java:846) [spring-webmvc-4.3.20.RELEASE.jar:4.3.20.RELEASE]
	at javax.servlet.http.HttpServlet.service(HttpServlet.java:742) [servlet-api.jar:?]
	at org.apache.catalina.core.ApplicationFilterChain.internalDoFilter(ApplicationFilterChain.java:231) [catalina.jar:8.5.37]
	at org.apache.catalina.core.ApplicationFilterChain.doFilter(ApplicationFilterChain.java:166) [catalina.jar:8.5.37]
	at thredds.servlet.filter.RequestQueryFilter.doFilter(RequestQueryFilter.java:118) [classes/:4.6.12]
	at org.apache.catalina.core.ApplicationFilterChain.internalDoFilter(ApplicationFilterChain.java:193) [catalina.jar:8.5.37]
	at org.apache.catalina.core.ApplicationFilterChain.doFilter(ApplicationFilterChain.java:166) [catalina.jar:8.5.37]
	at org.apache.tomcat.websocket.server.WsFilter.doFilter(WsFilter.java:52) [tomcat-websocket.jar:8.5.37]
	at org.apache.catalina.core.ApplicationFilterChain.internalDoFilter(ApplicationFilterChain.java:193) [catalina.jar:8.5.37]
	at org.apache.catalina.core.ApplicationFilterChain.doFilter(ApplicationFilterChain.java:166) [catalina.jar:8.5.37]
	at thredds.servlet.filter.RequestCORSFilter.doFilterInternal(RequestCORSFilter.java:49) [classes/:4.6.12]
	at org.springframework.web.filter.OncePerRequestFilter.doFilter(OncePerRequestFilter.java:107) [spring-web-4.3.20.RELEASE.jar:4.3.20.RELEASE]
	at org.springframework.web.filter.DelegatingFilterProxy.invokeDelegate(DelegatingFilterProxy.java:347) [spring-web-4.3.20.RELEASE.jar:4.3.20.RELEASE]
	at org.springframework.web.filter.DelegatingFilterProxy.doFilter(DelegatingFilterProxy.java:263) [spring-web-4.3.20.RELEASE.jar:4.3.20.RELEASE]
	at org.apache.catalina.core.ApplicationFilterChain.internalDoFilter(ApplicationFilterChain.java:193) [catalina.jar:8.5.37]
	at org.apache.catalina.core.ApplicationFilterChain.doFilter(ApplicationFilterChain.java:166) [catalina.jar:8.5.37]
	at thredds.servlet.filter.RequestPathFilter.doFilter(RequestPathFilter.java:94) [classes/:4.6.12]
	at org.apache.catalina.core.ApplicationFilterChain.internalDoFilter(ApplicationFilterChain.java:193) [catalina.jar:8.5.37]
	at org.apache.catalina.core.ApplicationFilterChain.doFilter(ApplicationFilterChain.java:166) [catalina.jar:8.5.37]
	at thredds.server.RequestBracketingLogMessageFilter.doFilter(RequestBracketingLogMessageFilter.java:81) [classes/:4.6.12]
	at org.apache.catalina.core.ApplicationFilterChain.internalDoFilter(ApplicationFilterChain.java:193) [catalina.jar:8.5.37]
	at org.apache.catalina.core.ApplicationFilterChain.doFilter(ApplicationFilterChain.java:166) [catalina.jar:8.5.37]
	at org.apache.logging.log4j.web.Log4jServletFilter.doFilter(Log4jServletFilter.java:71) [log4j-web-2.8.2.jar:2.8.2]
	at org.apache.catalina.core.ApplicationFilterChain.internalDoFilter(ApplicationFilterChain.java:193) [catalina.jar:8.5.37]
	at org.apache.catalina.core.ApplicationFilterChain.doFilter(ApplicationFilterChain.java:166) [catalina.jar:8.5.37]
	at org.apache.catalina.core.StandardWrapperValve.invoke(StandardWrapperValve.java:198) [catalina.jar:8.5.37]
	at org.apache.catalina.core.StandardContextValve.invoke(StandardContextValve.java:96) [catalina.jar:8.5.37]
	at org.apache.catalina.authenticator.AuthenticatorBase.invoke(AuthenticatorBase.java:493) [catalina.jar:8.5.37]
	at org.apache.catalina.core.StandardHostValve.invoke(StandardHostValve.java:140) [catalina.jar:8.5.37]
	at org.apache.catalina.valves.ErrorReportValve.invoke(ErrorReportValve.java:81) [catalina.jar:8.5.37]
	at org.apache.catalina.valves.AbstractAccessLogValve.invoke(AbstractAccessLogValve.java:650) [catalina.jar:8.5.37]
	at org.apache.catalina.core.StandardEngineValve.invoke(StandardEngineValve.java:87) [catalina.jar:8.5.37]
	at org.apache.catalina.connector.CoyoteAdapter.service(CoyoteAdapter.java:342) [catalina.jar:8.5.37]
	at org.apache.coyote.http11.Http11Processor.service(Http11Processor.java:800) [tomcat-coyote.jar:8.5.37]
	at org.apache.coyote.AbstractProcessorLight.process(AbstractProcessorLight.java:66) [tomcat-coyote.jar:8.5.37]
	at org.apache.coyote.AbstractProtocol$ConnectionHandler.process(AbstractProtocol.java:806) [tomcat-coyote.jar:8.5.37]
	at org.apache.tomcat.util.net.NioEndpoint$SocketProcessor.doRun(NioEndpoint.java:1498) [tomcat-coyote.jar:8.5.37]
	at org.apache.tomcat.util.net.SocketProcessorBase.run(SocketProcessorBase.java:49) [tomcat-coyote.jar:8.5.37]
	at java.util.concurrent.ThreadPoolExecutor.runWorker(ThreadPoolExecutor.java:1142) [?:1.8.0_121]
	at java.util.concurrent.ThreadPoolExecutor$Worker.run(ThreadPoolExecutor.java:617) [?:1.8.0_121]
	at org.apache.tomcat.util.threads.TaskThread$WrappingRunnable.run(TaskThread.java:61) [tomcat-util.jar:8.5.37]
	at java.lang.Thread.run(Thread.java:745) [?:1.8.0_121]
[2019-02-12T16:09:40.621+0000] ERROR ucar.nc2.ft.fmrc.FmrcDataset: Fmrc collection is empty =fmrc:HYCOM
[2019-02-12T16:09:40.622+0000] ERROR ucar.nc2.ft.fmrc.Fmrc: HYCOM: makeFmrcInv failed
java.lang.IllegalStateException: Fmrc collection is empty =fmrc:HYCOM
	at ucar.nc2.ft.fmrc.FmrcDataset.buildProto(FmrcDataset.java:258) ~[cdm-4.6.12.jar:4.6.12]
	at ucar.nc2.ft.fmrc.FmrcDataset.setInventory(FmrcDataset.java:237) ~[cdm-4.6.12.jar:4.6.12]
	at ucar.nc2.ft.fmrc.Fmrc.update(Fmrc.java:236) [cdm-4.6.12.jar:4.6.12]
	at thredds.catalog.InvDatasetFcFmrc.updateCollection(InvDatasetFcFmrc.java:107) [tdcommon-4.6.12.jar:4.6.12]
	at thredds.catalog.InvDatasetFeatureCollection.checkState(InvDatasetFeatureCollection.java:311) [tdcommon-4.6.12.jar:4.6.12]
	at thredds.catalog.InvDatasetFcFmrc.makeCatalog(InvDatasetFcFmrc.java:142) [tdcommon-4.6.12.jar:4.6.12]
	at thredds.servlet.DataRootHandler.makeDynamicCatalog(DataRootHandler.java:1435) [classes/:4.6.12]
	at thredds.servlet.DataRootHandler.getCatalog(DataRootHandler.java:1403) [classes/:4.6.12]
	at thredds.server.catalogservice.LocalCatalogServiceController.handleHtmlRequest(LocalCatalogServiceController.java:253) [classes/:4.6.12]
	at sun.reflect.NativeMethodAccessorImpl.invoke0(Native Method) ~[?:1.8.0_121]
	at sun.reflect.NativeMethodAccessorImpl.invoke(NativeMethodAccessorImpl.java:62) ~[?:1.8.0_121]
	at sun.reflect.DelegatingMethodAccessorImpl.invoke(DelegatingMethodAccessorImpl.java:43) ~[?:1.8.0_121]
	at java.lang.reflect.Method.invoke(Method.java:498) ~[?:1.8.0_121]
	at org.springframework.web.method.support.InvocableHandlerMethod.doInvoke(InvocableHandlerMethod.java:205) [spring-web-4.3.20.RELEASE.jar:4.3.20.RELEASE]
	at org.springframework.web.method.support.InvocableHandlerMethod.invokeForRequest(InvocableHandlerMethod.java:133) [spring-web-4.3.20.RELEASE.jar:4.3.20.RELEASE]
	at org.springframework.web.servlet.mvc.method.annotation.ServletInvocableHandlerMethod.invokeAndHandle(ServletInvocableHandlerMethod.java:97) [spring-webmvc-4.3.20.RELEASE.jar:4.3.20.RELEASE]
	at org.springframework.web.servlet.mvc.method.annotation.RequestMappingHandlerAdapter.invokeHandlerMethod(RequestMappingHandlerAdapter.java:849) [spring-webmvc-4.3.20.RELEASE.jar:4.3.20.RELEASE]
	at org.springframework.web.servlet.mvc.method.annotation.RequestMappingHandlerAdapter.handleInternal(RequestMappingHandlerAdapter.java:760) [spring-webmvc-4.3.20.RELEASE.jar:4.3.20.RELEASE]
	at org.springframework.web.servlet.mvc.method.AbstractHandlerMethodAdapter.handle(AbstractHandlerMethodAdapter.java:85) [spring-webmvc-4.3.20.RELEASE.jar:4.3.20.RELEASE]
	at org.springframework.web.servlet.DispatcherServlet.doDispatch(DispatcherServlet.java:967) [spring-webmvc-4.3.20.RELEASE.jar:4.3.20.RELEASE]
	at org.springframework.web.servlet.DispatcherServlet.doService(DispatcherServlet.java:901) [spring-webmvc-4.3.20.RELEASE.jar:4.3.20.RELEASE]
	at org.springframework.web.servlet.FrameworkServlet.processRequest(FrameworkServlet.java:970) [spring-webmvc-4.3.20.RELEASE.jar:4.3.20.RELEASE]
	at org.springframework.web.servlet.FrameworkServlet.doGet(FrameworkServlet.java:861) [spring-webmvc-4.3.20.RELEASE.jar:4.3.20.RELEASE]
	at javax.servlet.http.HttpServlet.service(HttpServlet.java:635) [servlet-api.jar:?]
	at org.springframework.web.servlet.FrameworkServlet.service(FrameworkServlet.java:846) [spring-webmvc-4.3.20.RELEASE.jar:4.3.20.RELEASE]
	at javax.servlet.http.HttpServlet.service(HttpServlet.java:742) [servlet-api.jar:?]
	at org.apache.catalina.core.ApplicationFilterChain.internalDoFilter(ApplicationFilterChain.java:231) [catalina.jar:8.5.37]
	at org.apache.catalina.core.ApplicationFilterChain.doFilter(ApplicationFilterChain.java:166) [catalina.jar:8.5.37]
	at thredds.servlet.filter.RequestQueryFilter.doFilter(RequestQueryFilter.java:118) [classes/:4.6.12]
	at org.apache.catalina.core.ApplicationFilterChain.internalDoFilter(ApplicationFilterChain.java:193) [catalina.jar:8.5.37]
	at org.apache.catalina.core.ApplicationFilterChain.doFilter(ApplicationFilterChain.java:166) [catalina.jar:8.5.37]
	at org.apache.tomcat.websocket.server.WsFilter.doFilter(WsFilter.java:52) [tomcat-websocket.jar:8.5.37]
	at org.apache.catalina.core.ApplicationFilterChain.internalDoFilter(ApplicationFilterChain.java:193) [catalina.jar:8.5.37]
	at org.apache.catalina.core.ApplicationFilterChain.doFilter(ApplicationFilterChain.java:166) [catalina.jar:8.5.37]
	at thredds.servlet.filter.RequestCORSFilter.doFilterInternal(RequestCORSFilter.java:49) [classes/:4.6.12]
	at org.springframework.web.filter.OncePerRequestFilter.doFilter(OncePerRequestFilter.java:107) [spring-web-4.3.20.RELEASE.jar:4.3.20.RELEASE]
	at org.springframework.web.filter.DelegatingFilterProxy.invokeDelegate(DelegatingFilterProxy.java:347) [spring-web-4.3.20.RELEASE.jar:4.3.20.RELEASE]
	at org.springframework.web.filter.DelegatingFilterProxy.doFilter(DelegatingFilterProxy.java:263) [spring-web-4.3.20.RELEASE.jar:4.3.20.RELEASE]
	at org.apache.catalina.core.ApplicationFilterChain.internalDoFilter(ApplicationFilterChain.java:193) [catalina.jar:8.5.37]
	at org.apache.catalina.core.ApplicationFilterChain.doFilter(ApplicationFilterChain.java:166) [catalina.jar:8.5.37]
	at thredds.servlet.filter.RequestPathFilter.doFilter(RequestPathFilter.java:94) [classes/:4.6.12]
	at org.apache.catalina.core.ApplicationFilterChain.internalDoFilter(ApplicationFilterChain.java:193) [catalina.jar:8.5.37]
	at org.apache.catalina.core.ApplicationFilterChain.doFilter(ApplicationFilterChain.java:166) [catalina.jar:8.5.37]
	at thredds.server.RequestBracketingLogMessageFilter.doFilter(RequestBracketingLogMessageFilter.java:81) [classes/:4.6.12]
	at org.apache.catalina.core.ApplicationFilterChain.internalDoFilter(ApplicationFilterChain.java:193) [catalina.jar:8.5.37]
	at org.apache.catalina.core.ApplicationFilterChain.doFilter(ApplicationFilterChain.java:166) [catalina.jar:8.5.37]
	at org.apache.logging.log4j.web.Log4jServletFilter.doFilter(Log4jServletFilter.java:71) [log4j-web-2.8.2.jar:2.8.2]
	at org.apache.catalina.core.ApplicationFilterChain.internalDoFilter(ApplicationFilterChain.java:193) [catalina.jar:8.5.37]
	at org.apache.catalina.core.ApplicationFilterChain.doFilter(ApplicationFilterChain.java:166) [catalina.jar:8.5.37]
	at org.apache.catalina.core.StandardWrapperValve.invoke(StandardWrapperValve.java:198) [catalina.jar:8.5.37]
	at org.apache.catalina.core.StandardContextValve.invoke(StandardContextValve.java:96) [catalina.jar:8.5.37]
	at org.apache.catalina.authenticator.AuthenticatorBase.invoke(AuthenticatorBase.java:493) [catalina.jar:8.5.37]
	at org.apache.catalina.core.StandardHostValve.invoke(StandardHostValve.java:140) [catalina.jar:8.5.37]
	at org.apache.catalina.valves.ErrorReportValve.invoke(ErrorReportValve.java:81) [catalina.jar:8.5.37]
	at org.apache.catalina.valves.AbstractAccessLogValve.invoke(AbstractAccessLogValve.java:650) [catalina.jar:8.5.37]
	at org.apache.catalina.core.StandardEngineValve.invoke(StandardEngineValve.java:87) [catalina.jar:8.5.37]
	at org.apache.catalina.connector.CoyoteAdapter.service(CoyoteAdapter.java:342) [catalina.jar:8.5.37]
	at org.apache.coyote.http11.Http11Processor.service(Http11Processor.java:800) [tomcat-coyote.jar:8.5.37]
	at org.apache.coyote.AbstractProcessorLight.process(AbstractProcessorLight.java:66) [tomcat-coyote.jar:8.5.37]
	at org.apache.coyote.AbstractProtocol$ConnectionHandler.process(AbstractProtocol.java:806) [tomcat-coyote.jar:8.5.37]
	at org.apache.tomcat.util.net.NioEndpoint$SocketProcessor.doRun(NioEndpoint.java:1498) [tomcat-coyote.jar:8.5.37]
	at org.apache.tomcat.util.net.SocketProcessorBase.run(SocketProcessorBase.java:49) [tomcat-coyote.jar:8.5.37]
	at java.util.concurrent.ThreadPoolExecutor.runWorker(ThreadPoolExecutor.java:1142) [?:1.8.0_121]
	at java.util.concurrent.ThreadPoolExecutor$Worker.run(ThreadPoolExecutor.java:617) [?:1.8.0_121]
	at org.apache.tomcat.util.threads.TaskThread$WrappingRunnable.run(TaskThread.java:61) [tomcat-util.jar:8.5.37]
	at java.lang.Thread.run(Thread.java:745) [?:1.8.0_121]
[2019-02-13T00:45:00.146+0000] INFO  ucar.nc2.ft.fmrc.GridDatasetInv:  cache out of date Tue Feb 12 14:33:56 UTC 2019 < Wed Feb 13 00:42:44 UTC 2019 for HYCOM_MV_20180203.nc
