2019-02-12T16:01:25.556 +0000 [    111576][       4] INFO  - threddsServlet - Remote host: 146.164.122.34 - Request: "GET /thredds/catalog/Boinha/catalog.html HTTP/1.1"
2019-02-12T16:01:25.564 +0000 [    111584][       4] INFO  - threddsServlet - Request Completed - 404 - -1 - 9
2019-02-12T16:01:35.014 +0000 [    121034][       5] INFO  - threddsServlet - Remote host: 146.164.122.34 - Request: "GET /thredds/catalog_remo.html HTTP/1.1"
2019-02-12T16:01:35.019 +0000 [    121039][       5] INFO  - threddsServlet - Request Completed - 200 - 2000 - 5
2019-02-12T16:01:35.215 +0000 [    121235][       6] INFO  - threddsServlet - Remote host: 146.164.122.34 - Request: "GET /thredds/logo_remo.png HTTP/1.1"
2019-02-12T16:01:35.217 +0000 [    121237][       6] INFO  - threddsServlet - Request Completed - 404 - -1 - 2
2019-02-12T16:01:40.494 +0000 [    126514][       7] INFO  - threddsServlet - Remote host: 146.164.122.34 - Request: "GET /thredds/catalog/remo/catalog.html HTTP/1.1"
2019-02-12T16:01:40.539 +0000 [    126559][       7] ERROR - thredds.server.catalogservice.LocalCatalogServiceController - handleRequestInternal(): Problem handling request.
java.lang.NullPointerException: null
	at ucar.nc2.ft.fmrc.FmrcDataset.getNetcdfDataset2D(FmrcDataset.java:182) ~[cdm-4.6.12.jar:4.6.12]
	at ucar.nc2.ft.fmrc.Fmrc.getDataset2D(Fmrc.java:187) ~[cdm-4.6.12.jar:4.6.12]
	at thredds.catalog.InvDatasetFcFmrc.updateCollection(InvDatasetFcFmrc.java:114) ~[tdcommon-4.6.12.jar:4.6.12]
	at thredds.catalog.InvDatasetFeatureCollection.checkState(InvDatasetFeatureCollection.java:311) ~[tdcommon-4.6.12.jar:4.6.12]
	at thredds.catalog.InvDatasetFcFmrc.makeCatalog(InvDatasetFcFmrc.java:142) ~[tdcommon-4.6.12.jar:4.6.12]
	at thredds.servlet.DataRootHandler.makeDynamicCatalog(DataRootHandler.java:1435) ~[classes/:4.6.12]
	at thredds.servlet.DataRootHandler.getCatalog(DataRootHandler.java:1403) ~[classes/:4.6.12]
	at thredds.server.catalogservice.LocalCatalogServiceController.handleHtmlRequest(LocalCatalogServiceController.java:253) [classes/:4.6.12]
	at sun.reflect.NativeMethodAccessorImpl.invoke0(Native Method) ~[?:1.8.0_121]
	at sun.reflect.NativeMethodAccessorImpl.invoke(NativeMethodAccessorImpl.java:62) ~[?:1.8.0_121]
	at sun.reflect.DelegatingMethodAccessorImpl.invoke(DelegatingMethodAccessorImpl.java:43) ~[?:1.8.0_121]
	at java.lang.reflect.Method.invoke(Method.java:498) ~[?:1.8.0_121]
	at org.springframework.web.method.support.InvocableHandlerMethod.doInvoke(InvocableHandlerMethod.java:205) [spring-web-4.3.20.RELEASE.jar:4.3.20.RELEASE]
	at org.springframework.web.method.support.InvocableHandlerMethod.invokeForRequest(InvocableHandlerMethod.java:133) [spring-web-4.3.20.RELEASE.jar:4.3.20.RELEASE]
	at org.springframework.web.servlet.mvc.method.annotation.ServletInvocableHandlerMethod.invokeAndHandle(ServletInvocableHandlerMethod.java:97) [spring-webmvc-4.3.20.RELEASE.jar:4.3.20.RELEASE]
	at org.springframework.web.servlet.mvc.method.annotation.RequestMappingHandlerAdapter.invokeHandlerMethod(RequestMappingHandlerAdapter.java:849) [spring-webmvc-4.3.20.RELEASE.jar:4.3.20.RELEASE]
	at org.springframework.web.servlet.mvc.method.annotation.RequestMappingHandlerAdapter.handleInternal(RequestMappingHandlerAdapter.java:760) [spring-webmvc-4.3.20.RELEASE.jar:4.3.20.RELEASE]
	at org.springframework.web.servlet.mvc.method.AbstractHandlerMethodAdapter.handle(AbstractHandlerMethodAdapter.java:85) [spring-webmvc-4.3.20.RELEASE.jar:4.3.20.RELEASE]
	at org.springframework.web.servlet.DispatcherServlet.doDispatch(DispatcherServlet.java:967) [spring-webmvc-4.3.20.RELEASE.jar:4.3.20.RELEASE]
	at org.springframework.web.servlet.DispatcherServlet.doService(DispatcherServlet.java:901) [spring-webmvc-4.3.20.RELEASE.jar:4.3.20.RELEASE]
	at org.springframework.web.servlet.FrameworkServlet.processRequest(FrameworkServlet.java:970) [spring-webmvc-4.3.20.RELEASE.jar:4.3.20.RELEASE]
	at org.springframework.web.servlet.FrameworkServlet.doGet(FrameworkServlet.java:861) [spring-webmvc-4.3.20.RELEASE.jar:4.3.20.RELEASE]
	at javax.servlet.http.HttpServlet.service(HttpServlet.java:635) [servlet-api.jar:?]
	at org.springframework.web.servlet.FrameworkServlet.service(FrameworkServlet.java:846) [spring-webmvc-4.3.20.RELEASE.jar:4.3.20.RELEASE]
	at javax.servlet.http.HttpServlet.service(HttpServlet.java:742) [servlet-api.jar:?]
	at org.apache.catalina.core.ApplicationFilterChain.internalDoFilter(ApplicationFilterChain.java:231) [catalina.jar:8.5.37]
	at org.apache.catalina.core.ApplicationFilterChain.doFilter(ApplicationFilterChain.java:166) [catalina.jar:8.5.37]
	at thredds.servlet.filter.RequestQueryFilter.doFilter(RequestQueryFilter.java:118) [classes/:4.6.12]
	at org.apache.catalina.core.ApplicationFilterChain.internalDoFilter(ApplicationFilterChain.java:193) [catalina.jar:8.5.37]
	at org.apache.catalina.core.ApplicationFilterChain.doFilter(ApplicationFilterChain.java:166) [catalina.jar:8.5.37]
	at org.apache.tomcat.websocket.server.WsFilter.doFilter(WsFilter.java:52) [tomcat-websocket.jar:8.5.37]
	at org.apache.catalina.core.ApplicationFilterChain.internalDoFilter(ApplicationFilterChain.java:193) [catalina.jar:8.5.37]
	at org.apache.catalina.core.ApplicationFilterChain.doFilter(ApplicationFilterChain.java:166) [catalina.jar:8.5.37]
	at thredds.servlet.filter.RequestCORSFilter.doFilterInternal(RequestCORSFilter.java:49) [classes/:4.6.12]
	at org.springframework.web.filter.OncePerRequestFilter.doFilter(OncePerRequestFilter.java:107) [spring-web-4.3.20.RELEASE.jar:4.3.20.RELEASE]
	at org.springframework.web.filter.DelegatingFilterProxy.invokeDelegate(DelegatingFilterProxy.java:347) [spring-web-4.3.20.RELEASE.jar:4.3.20.RELEASE]
	at org.springframework.web.filter.DelegatingFilterProxy.doFilter(DelegatingFilterProxy.java:263) [spring-web-4.3.20.RELEASE.jar:4.3.20.RELEASE]
	at org.apache.catalina.core.ApplicationFilterChain.internalDoFilter(ApplicationFilterChain.java:193) [catalina.jar:8.5.37]
	at org.apache.catalina.core.ApplicationFilterChain.doFilter(ApplicationFilterChain.java:166) [catalina.jar:8.5.37]
	at thredds.servlet.filter.RequestPathFilter.doFilter(RequestPathFilter.java:94) [classes/:4.6.12]
	at org.apache.catalina.core.ApplicationFilterChain.internalDoFilter(ApplicationFilterChain.java:193) [catalina.jar:8.5.37]
	at org.apache.catalina.core.ApplicationFilterChain.doFilter(ApplicationFilterChain.java:166) [catalina.jar:8.5.37]
	at thredds.server.RequestBracketingLogMessageFilter.doFilter(RequestBracketingLogMessageFilter.java:81) [classes/:4.6.12]
	at org.apache.catalina.core.ApplicationFilterChain.internalDoFilter(ApplicationFilterChain.java:193) [catalina.jar:8.5.37]
	at org.apache.catalina.core.ApplicationFilterChain.doFilter(ApplicationFilterChain.java:166) [catalina.jar:8.5.37]
	at org.apache.logging.log4j.web.Log4jServletFilter.doFilter(Log4jServletFilter.java:71) [log4j-web-2.8.2.jar:2.8.2]
	at org.apache.catalina.core.ApplicationFilterChain.internalDoFilter(ApplicationFilterChain.java:193) [catalina.jar:8.5.37]
	at org.apache.catalina.core.ApplicationFilterChain.doFilter(ApplicationFilterChain.java:166) [catalina.jar:8.5.37]
	at org.apache.catalina.core.StandardWrapperValve.invoke(StandardWrapperValve.java:198) [catalina.jar:8.5.37]
	at org.apache.catalina.core.StandardContextValve.invoke(StandardContextValve.java:96) [catalina.jar:8.5.37]
	at org.apache.catalina.authenticator.AuthenticatorBase.invoke(AuthenticatorBase.java:493) [catalina.jar:8.5.37]
	at org.apache.catalina.core.StandardHostValve.invoke(StandardHostValve.java:140) [catalina.jar:8.5.37]
	at org.apache.catalina.valves.ErrorReportValve.invoke(ErrorReportValve.java:81) [catalina.jar:8.5.37]
	at org.apache.catalina.valves.AbstractAccessLogValve.invoke(AbstractAccessLogValve.java:650) [catalina.jar:8.5.37]
	at org.apache.catalina.core.StandardEngineValve.invoke(StandardEngineValve.java:87) [catalina.jar:8.5.37]
	at org.apache.catalina.connector.CoyoteAdapter.service(CoyoteAdapter.java:342) [catalina.jar:8.5.37]
	at org.apache.coyote.http11.Http11Processor.service(Http11Processor.java:800) [tomcat-coyote.jar:8.5.37]
	at org.apache.coyote.AbstractProcessorLight.process(AbstractProcessorLight.java:66) [tomcat-coyote.jar:8.5.37]
	at org.apache.coyote.AbstractProtocol$ConnectionHandler.process(AbstractProtocol.java:806) [tomcat-coyote.jar:8.5.37]
	at org.apache.tomcat.util.net.NioEndpoint$SocketProcessor.doRun(NioEndpoint.java:1498) [tomcat-coyote.jar:8.5.37]
	at org.apache.tomcat.util.net.SocketProcessorBase.run(SocketProcessorBase.java:49) [tomcat-coyote.jar:8.5.37]
	at java.util.concurrent.ThreadPoolExecutor.runWorker(ThreadPoolExecutor.java:1142) [?:1.8.0_121]
	at java.util.concurrent.ThreadPoolExecutor$Worker.run(ThreadPoolExecutor.java:617) [?:1.8.0_121]
	at org.apache.tomcat.util.threads.TaskThread$WrappingRunnable.run(TaskThread.java:61) [tomcat-util.jar:8.5.37]
	at java.lang.Thread.run(Thread.java:745) [?:1.8.0_121]
2019-02-12T16:01:40.541 +0000 [    126561][       7] INFO  - threddsServlet - Request Completed - 500 - -1 - 47
2019-02-12T16:01:48.748 +0000 [    134768][       8] INFO  - threddsServlet - Remote host: 146.164.122.34 - Request: "GET /thredds/catalog/remo/catalog.html HTTP/1.1"
2019-02-12T16:01:48.754 +0000 [    134774][       8] ERROR - thredds.server.catalogservice.LocalCatalogServiceController - handleRequestInternal(): Problem handling request.
java.lang.NullPointerException: null
	at ucar.nc2.ft.fmrc.FmrcDataset.getNetcdfDataset2D(FmrcDataset.java:182) ~[cdm-4.6.12.jar:4.6.12]
	at ucar.nc2.ft.fmrc.Fmrc.getDataset2D(Fmrc.java:187) ~[cdm-4.6.12.jar:4.6.12]
	at thredds.catalog.InvDatasetFcFmrc.updateCollection(InvDatasetFcFmrc.java:114) ~[tdcommon-4.6.12.jar:4.6.12]
	at thredds.catalog.InvDatasetFeatureCollection.checkState(InvDatasetFeatureCollection.java:311) ~[tdcommon-4.6.12.jar:4.6.12]
	at thredds.catalog.InvDatasetFcFmrc.makeCatalog(InvDatasetFcFmrc.java:142) ~[tdcommon-4.6.12.jar:4.6.12]
	at thredds.servlet.DataRootHandler.makeDynamicCatalog(DataRootHandler.java:1435) ~[classes/:4.6.12]
	at thredds.servlet.DataRootHandler.getCatalog(DataRootHandler.java:1403) ~[classes/:4.6.12]
	at thredds.server.catalogservice.LocalCatalogServiceController.handleHtmlRequest(LocalCatalogServiceController.java:253) [classes/:4.6.12]
	at sun.reflect.NativeMethodAccessorImpl.invoke0(Native Method) ~[?:1.8.0_121]
	at sun.reflect.NativeMethodAccessorImpl.invoke(NativeMethodAccessorImpl.java:62) ~[?:1.8.0_121]
	at sun.reflect.DelegatingMethodAccessorImpl.invoke(DelegatingMethodAccessorImpl.java:43) ~[?:1.8.0_121]
	at java.lang.reflect.Method.invoke(Method.java:498) ~[?:1.8.0_121]
	at org.springframework.web.method.support.InvocableHandlerMethod.doInvoke(InvocableHandlerMethod.java:205) [spring-web-4.3.20.RELEASE.jar:4.3.20.RELEASE]
	at org.springframework.web.method.support.InvocableHandlerMethod.invokeForRequest(InvocableHandlerMethod.java:133) [spring-web-4.3.20.RELEASE.jar:4.3.20.RELEASE]
	at org.springframework.web.servlet.mvc.method.annotation.ServletInvocableHandlerMethod.invokeAndHandle(ServletInvocableHandlerMethod.java:97) [spring-webmvc-4.3.20.RELEASE.jar:4.3.20.RELEASE]
	at org.springframework.web.servlet.mvc.method.annotation.RequestMappingHandlerAdapter.invokeHandlerMethod(RequestMappingHandlerAdapter.java:849) [spring-webmvc-4.3.20.RELEASE.jar:4.3.20.RELEASE]
	at org.springframework.web.servlet.mvc.method.annotation.RequestMappingHandlerAdapter.handleInternal(RequestMappingHandlerAdapter.java:760) [spring-webmvc-4.3.20.RELEASE.jar:4.3.20.RELEASE]
	at org.springframework.web.servlet.mvc.method.AbstractHandlerMethodAdapter.handle(AbstractHandlerMethodAdapter.java:85) [spring-webmvc-4.3.20.RELEASE.jar:4.3.20.RELEASE]
	at org.springframework.web.servlet.DispatcherServlet.doDispatch(DispatcherServlet.java:967) [spring-webmvc-4.3.20.RELEASE.jar:4.3.20.RELEASE]
	at org.springframework.web.servlet.DispatcherServlet.doService(DispatcherServlet.java:901) [spring-webmvc-4.3.20.RELEASE.jar:4.3.20.RELEASE]
	at org.springframework.web.servlet.FrameworkServlet.processRequest(FrameworkServlet.java:970) [spring-webmvc-4.3.20.RELEASE.jar:4.3.20.RELEASE]
	at org.springframework.web.servlet.FrameworkServlet.doGet(FrameworkServlet.java:861) [spring-webmvc-4.3.20.RELEASE.jar:4.3.20.RELEASE]
	at javax.servlet.http.HttpServlet.service(HttpServlet.java:635) [servlet-api.jar:?]
	at org.springframework.web.servlet.FrameworkServlet.service(FrameworkServlet.java:846) [spring-webmvc-4.3.20.RELEASE.jar:4.3.20.RELEASE]
	at javax.servlet.http.HttpServlet.service(HttpServlet.java:742) [servlet-api.jar:?]
	at org.apache.catalina.core.ApplicationFilterChain.internalDoFilter(ApplicationFilterChain.java:231) [catalina.jar:8.5.37]
	at org.apache.catalina.core.ApplicationFilterChain.doFilter(ApplicationFilterChain.java:166) [catalina.jar:8.5.37]
	at thredds.servlet.filter.RequestQueryFilter.doFilter(RequestQueryFilter.java:118) [classes/:4.6.12]
	at org.apache.catalina.core.ApplicationFilterChain.internalDoFilter(ApplicationFilterChain.java:193) [catalina.jar:8.5.37]
	at org.apache.catalina.core.ApplicationFilterChain.doFilter(ApplicationFilterChain.java:166) [catalina.jar:8.5.37]
	at org.apache.tomcat.websocket.server.WsFilter.doFilter(WsFilter.java:52) [tomcat-websocket.jar:8.5.37]
	at org.apache.catalina.core.ApplicationFilterChain.internalDoFilter(ApplicationFilterChain.java:193) [catalina.jar:8.5.37]
	at org.apache.catalina.core.ApplicationFilterChain.doFilter(ApplicationFilterChain.java:166) [catalina.jar:8.5.37]
	at thredds.servlet.filter.RequestCORSFilter.doFilterInternal(RequestCORSFilter.java:49) [classes/:4.6.12]
	at org.springframework.web.filter.OncePerRequestFilter.doFilter(OncePerRequestFilter.java:107) [spring-web-4.3.20.RELEASE.jar:4.3.20.RELEASE]
	at org.springframework.web.filter.DelegatingFilterProxy.invokeDelegate(DelegatingFilterProxy.java:347) [spring-web-4.3.20.RELEASE.jar:4.3.20.RELEASE]
	at org.springframework.web.filter.DelegatingFilterProxy.doFilter(DelegatingFilterProxy.java:263) [spring-web-4.3.20.RELEASE.jar:4.3.20.RELEASE]
	at org.apache.catalina.core.ApplicationFilterChain.internalDoFilter(ApplicationFilterChain.java:193) [catalina.jar:8.5.37]
	at org.apache.catalina.core.ApplicationFilterChain.doFilter(ApplicationFilterChain.java:166) [catalina.jar:8.5.37]
	at thredds.servlet.filter.RequestPathFilter.doFilter(RequestPathFilter.java:94) [classes/:4.6.12]
	at org.apache.catalina.core.ApplicationFilterChain.internalDoFilter(ApplicationFilterChain.java:193) [catalina.jar:8.5.37]
	at org.apache.catalina.core.ApplicationFilterChain.doFilter(ApplicationFilterChain.java:166) [catalina.jar:8.5.37]
	at thredds.server.RequestBracketingLogMessageFilter.doFilter(RequestBracketingLogMessageFilter.java:81) [classes/:4.6.12]
	at org.apache.catalina.core.ApplicationFilterChain.internalDoFilter(ApplicationFilterChain.java:193) [catalina.jar:8.5.37]
	at org.apache.catalina.core.ApplicationFilterChain.doFilter(ApplicationFilterChain.java:166) [catalina.jar:8.5.37]
	at org.apache.logging.log4j.web.Log4jServletFilter.doFilter(Log4jServletFilter.java:71) [log4j-web-2.8.2.jar:2.8.2]
	at org.apache.catalina.core.ApplicationFilterChain.internalDoFilter(ApplicationFilterChain.java:193) [catalina.jar:8.5.37]
	at org.apache.catalina.core.ApplicationFilterChain.doFilter(ApplicationFilterChain.java:166) [catalina.jar:8.5.37]
	at org.apache.catalina.core.StandardWrapperValve.invoke(StandardWrapperValve.java:198) [catalina.jar:8.5.37]
	at org.apache.catalina.core.StandardContextValve.invoke(StandardContextValve.java:96) [catalina.jar:8.5.37]
	at org.apache.catalina.authenticator.AuthenticatorBase.invoke(AuthenticatorBase.java:493) [catalina.jar:8.5.37]
	at org.apache.catalina.core.StandardHostValve.invoke(StandardHostValve.java:140) [catalina.jar:8.5.37]
	at org.apache.catalina.valves.ErrorReportValve.invoke(ErrorReportValve.java:81) [catalina.jar:8.5.37]
	at org.apache.catalina.valves.AbstractAccessLogValve.invoke(AbstractAccessLogValve.java:650) [catalina.jar:8.5.37]
	at org.apache.catalina.core.StandardEngineValve.invoke(StandardEngineValve.java:87) [catalina.jar:8.5.37]
	at org.apache.catalina.connector.CoyoteAdapter.service(CoyoteAdapter.java:342) [catalina.jar:8.5.37]
	at org.apache.coyote.http11.Http11Processor.service(Http11Processor.java:800) [tomcat-coyote.jar:8.5.37]
	at org.apache.coyote.AbstractProcessorLight.process(AbstractProcessorLight.java:66) [tomcat-coyote.jar:8.5.37]
	at org.apache.coyote.AbstractProtocol$ConnectionHandler.process(AbstractProtocol.java:806) [tomcat-coyote.jar:8.5.37]
	at org.apache.tomcat.util.net.NioEndpoint$SocketProcessor.doRun(NioEndpoint.java:1498) [tomcat-coyote.jar:8.5.37]
	at org.apache.tomcat.util.net.SocketProcessorBase.run(SocketProcessorBase.java:49) [tomcat-coyote.jar:8.5.37]
	at java.util.concurrent.ThreadPoolExecutor.runWorker(ThreadPoolExecutor.java:1142) [?:1.8.0_121]
	at java.util.concurrent.ThreadPoolExecutor$Worker.run(ThreadPoolExecutor.java:617) [?:1.8.0_121]
	at org.apache.tomcat.util.threads.TaskThread$WrappingRunnable.run(TaskThread.java:61) [tomcat-util.jar:8.5.37]
	at java.lang.Thread.run(Thread.java:745) [?:1.8.0_121]
2019-02-12T16:01:48.757 +0000 [    134777][       8] INFO  - threddsServlet - Request Completed - 500 - -1 - 10
2019-02-12T16:09:40.618 +0000 [    606638][       9] INFO  - threddsServlet - Remote host: 146.164.122.34 - Request: "GET /thredds/catalog/remo/catalog.html HTTP/1.1"
2019-02-12T16:09:40.623 +0000 [    606643][       9] ERROR - thredds.server.catalogservice.LocalCatalogServiceController - handleRequestInternal(): Problem handling request.
java.lang.NullPointerException: null
	at ucar.nc2.ft.fmrc.FmrcDataset.getNetcdfDataset2D(FmrcDataset.java:182) ~[cdm-4.6.12.jar:4.6.12]
	at ucar.nc2.ft.fmrc.Fmrc.getDataset2D(Fmrc.java:187) ~[cdm-4.6.12.jar:4.6.12]
	at thredds.catalog.InvDatasetFcFmrc.updateCollection(InvDatasetFcFmrc.java:114) ~[tdcommon-4.6.12.jar:4.6.12]
	at thredds.catalog.InvDatasetFeatureCollection.checkState(InvDatasetFeatureCollection.java:311) ~[tdcommon-4.6.12.jar:4.6.12]
	at thredds.catalog.InvDatasetFcFmrc.makeCatalog(InvDatasetFcFmrc.java:142) ~[tdcommon-4.6.12.jar:4.6.12]
	at thredds.servlet.DataRootHandler.makeDynamicCatalog(DataRootHandler.java:1435) ~[classes/:4.6.12]
	at thredds.servlet.DataRootHandler.getCatalog(DataRootHandler.java:1403) ~[classes/:4.6.12]
	at thredds.server.catalogservice.LocalCatalogServiceController.handleHtmlRequest(LocalCatalogServiceController.java:253) [classes/:4.6.12]
	at sun.reflect.NativeMethodAccessorImpl.invoke0(Native Method) ~[?:1.8.0_121]
	at sun.reflect.NativeMethodAccessorImpl.invoke(NativeMethodAccessorImpl.java:62) ~[?:1.8.0_121]
	at sun.reflect.DelegatingMethodAccessorImpl.invoke(DelegatingMethodAccessorImpl.java:43) ~[?:1.8.0_121]
	at java.lang.reflect.Method.invoke(Method.java:498) ~[?:1.8.0_121]
	at org.springframework.web.method.support.InvocableHandlerMethod.doInvoke(InvocableHandlerMethod.java:205) [spring-web-4.3.20.RELEASE.jar:4.3.20.RELEASE]
	at org.springframework.web.method.support.InvocableHandlerMethod.invokeForRequest(InvocableHandlerMethod.java:133) [spring-web-4.3.20.RELEASE.jar:4.3.20.RELEASE]
	at org.springframework.web.servlet.mvc.method.annotation.ServletInvocableHandlerMethod.invokeAndHandle(ServletInvocableHandlerMethod.java:97) [spring-webmvc-4.3.20.RELEASE.jar:4.3.20.RELEASE]
	at org.springframework.web.servlet.mvc.method.annotation.RequestMappingHandlerAdapter.invokeHandlerMethod(RequestMappingHandlerAdapter.java:849) [spring-webmvc-4.3.20.RELEASE.jar:4.3.20.RELEASE]
	at org.springframework.web.servlet.mvc.method.annotation.RequestMappingHandlerAdapter.handleInternal(RequestMappingHandlerAdapter.java:760) [spring-webmvc-4.3.20.RELEASE.jar:4.3.20.RELEASE]
	at org.springframework.web.servlet.mvc.method.AbstractHandlerMethodAdapter.handle(AbstractHandlerMethodAdapter.java:85) [spring-webmvc-4.3.20.RELEASE.jar:4.3.20.RELEASE]
	at org.springframework.web.servlet.DispatcherServlet.doDispatch(DispatcherServlet.java:967) [spring-webmvc-4.3.20.RELEASE.jar:4.3.20.RELEASE]
	at org.springframework.web.servlet.DispatcherServlet.doService(DispatcherServlet.java:901) [spring-webmvc-4.3.20.RELEASE.jar:4.3.20.RELEASE]
	at org.springframework.web.servlet.FrameworkServlet.processRequest(FrameworkServlet.java:970) [spring-webmvc-4.3.20.RELEASE.jar:4.3.20.RELEASE]
	at org.springframework.web.servlet.FrameworkServlet.doGet(FrameworkServlet.java:861) [spring-webmvc-4.3.20.RELEASE.jar:4.3.20.RELEASE]
	at javax.servlet.http.HttpServlet.service(HttpServlet.java:635) [servlet-api.jar:?]
	at org.springframework.web.servlet.FrameworkServlet.service(FrameworkServlet.java:846) [spring-webmvc-4.3.20.RELEASE.jar:4.3.20.RELEASE]
	at javax.servlet.http.HttpServlet.service(HttpServlet.java:742) [servlet-api.jar:?]
	at org.apache.catalina.core.ApplicationFilterChain.internalDoFilter(ApplicationFilterChain.java:231) [catalina.jar:8.5.37]
	at org.apache.catalina.core.ApplicationFilterChain.doFilter(ApplicationFilterChain.java:166) [catalina.jar:8.5.37]
	at thredds.servlet.filter.RequestQueryFilter.doFilter(RequestQueryFilter.java:118) [classes/:4.6.12]
	at org.apache.catalina.core.ApplicationFilterChain.internalDoFilter(ApplicationFilterChain.java:193) [catalina.jar:8.5.37]
	at org.apache.catalina.core.ApplicationFilterChain.doFilter(ApplicationFilterChain.java:166) [catalina.jar:8.5.37]
	at org.apache.tomcat.websocket.server.WsFilter.doFilter(WsFilter.java:52) [tomcat-websocket.jar:8.5.37]
	at org.apache.catalina.core.ApplicationFilterChain.internalDoFilter(ApplicationFilterChain.java:193) [catalina.jar:8.5.37]
	at org.apache.catalina.core.ApplicationFilterChain.doFilter(ApplicationFilterChain.java:166) [catalina.jar:8.5.37]
	at thredds.servlet.filter.RequestCORSFilter.doFilterInternal(RequestCORSFilter.java:49) [classes/:4.6.12]
	at org.springframework.web.filter.OncePerRequestFilter.doFilter(OncePerRequestFilter.java:107) [spring-web-4.3.20.RELEASE.jar:4.3.20.RELEASE]
	at org.springframework.web.filter.DelegatingFilterProxy.invokeDelegate(DelegatingFilterProxy.java:347) [spring-web-4.3.20.RELEASE.jar:4.3.20.RELEASE]
	at org.springframework.web.filter.DelegatingFilterProxy.doFilter(DelegatingFilterProxy.java:263) [spring-web-4.3.20.RELEASE.jar:4.3.20.RELEASE]
	at org.apache.catalina.core.ApplicationFilterChain.internalDoFilter(ApplicationFilterChain.java:193) [catalina.jar:8.5.37]
	at org.apache.catalina.core.ApplicationFilterChain.doFilter(ApplicationFilterChain.java:166) [catalina.jar:8.5.37]
	at thredds.servlet.filter.RequestPathFilter.doFilter(RequestPathFilter.java:94) [classes/:4.6.12]
	at org.apache.catalina.core.ApplicationFilterChain.internalDoFilter(ApplicationFilterChain.java:193) [catalina.jar:8.5.37]
	at org.apache.catalina.core.ApplicationFilterChain.doFilter(ApplicationFilterChain.java:166) [catalina.jar:8.5.37]
	at thredds.server.RequestBracketingLogMessageFilter.doFilter(RequestBracketingLogMessageFilter.java:81) [classes/:4.6.12]
	at org.apache.catalina.core.ApplicationFilterChain.internalDoFilter(ApplicationFilterChain.java:193) [catalina.jar:8.5.37]
	at org.apache.catalina.core.ApplicationFilterChain.doFilter(ApplicationFilterChain.java:166) [catalina.jar:8.5.37]
	at org.apache.logging.log4j.web.Log4jServletFilter.doFilter(Log4jServletFilter.java:71) [log4j-web-2.8.2.jar:2.8.2]
	at org.apache.catalina.core.ApplicationFilterChain.internalDoFilter(ApplicationFilterChain.java:193) [catalina.jar:8.5.37]
	at org.apache.catalina.core.ApplicationFilterChain.doFilter(ApplicationFilterChain.java:166) [catalina.jar:8.5.37]
	at org.apache.catalina.core.StandardWrapperValve.invoke(StandardWrapperValve.java:198) [catalina.jar:8.5.37]
	at org.apache.catalina.core.StandardContextValve.invoke(StandardContextValve.java:96) [catalina.jar:8.5.37]
	at org.apache.catalina.authenticator.AuthenticatorBase.invoke(AuthenticatorBase.java:493) [catalina.jar:8.5.37]
	at org.apache.catalina.core.StandardHostValve.invoke(StandardHostValve.java:140) [catalina.jar:8.5.37]
	at org.apache.catalina.valves.ErrorReportValve.invoke(ErrorReportValve.java:81) [catalina.jar:8.5.37]
	at org.apache.catalina.valves.AbstractAccessLogValve.invoke(AbstractAccessLogValve.java:650) [catalina.jar:8.5.37]
	at org.apache.catalina.core.StandardEngineValve.invoke(StandardEngineValve.java:87) [catalina.jar:8.5.37]
	at org.apache.catalina.connector.CoyoteAdapter.service(CoyoteAdapter.java:342) [catalina.jar:8.5.37]
	at org.apache.coyote.http11.Http11Processor.service(Http11Processor.java:800) [tomcat-coyote.jar:8.5.37]
	at org.apache.coyote.AbstractProcessorLight.process(AbstractProcessorLight.java:66) [tomcat-coyote.jar:8.5.37]
	at org.apache.coyote.AbstractProtocol$ConnectionHandler.process(AbstractProtocol.java:806) [tomcat-coyote.jar:8.5.37]
	at org.apache.tomcat.util.net.NioEndpoint$SocketProcessor.doRun(NioEndpoint.java:1498) [tomcat-coyote.jar:8.5.37]
	at org.apache.tomcat.util.net.SocketProcessorBase.run(SocketProcessorBase.java:49) [tomcat-coyote.jar:8.5.37]
	at java.util.concurrent.ThreadPoolExecutor.runWorker(ThreadPoolExecutor.java:1142) [?:1.8.0_121]
	at java.util.concurrent.ThreadPoolExecutor$Worker.run(ThreadPoolExecutor.java:617) [?:1.8.0_121]
	at org.apache.tomcat.util.threads.TaskThread$WrappingRunnable.run(TaskThread.java:61) [tomcat-util.jar:8.5.37]
	at java.lang.Thread.run(Thread.java:745) [?:1.8.0_121]
2019-02-12T16:09:40.625 +0000 [    606645][       9] INFO  - threddsServlet - Request Completed - 500 - -1 - 7
2019-02-12T16:47:14.860 +0000 [   2860880][      10] INFO  - threddsServlet - Remote host: 146.164.122.34 - Request: "GET /thredds/catalog_remo.html HTTP/1.1"
2019-02-12T16:47:14.870 +0000 [   2860890][      10] INFO  - threddsServlet - Request Completed - 200 - 2000 - 10
2019-02-12T16:47:15.067 +0000 [   2861087][      11] INFO  - threddsServlet - Remote host: 146.164.122.34 - Request: "GET /thredds/logo_remo.png HTTP/1.1"
2019-02-12T16:47:15.069 +0000 [   2861089][      11] INFO  - threddsServlet - Request Completed - 404 - -1 - 2
2019-02-12T16:47:20.660 +0000 [   2866680][      12] INFO  - threddsServlet - Remote host: 146.164.122.34 - Request: "GET /thredds/catalog_remo.html HTTP/1.1"
2019-02-12T16:47:20.662 +0000 [   2866682][      12] INFO  - threddsServlet - Request Completed - 200 - 2000 - 2
2019-02-12T16:47:20.860 +0000 [   2866880][      13] INFO  - threddsServlet - Remote host: 146.164.122.34 - Request: "GET /thredds/logo_remo.png HTTP/1.1"
2019-02-12T16:47:20.863 +0000 [   2866883][      13] INFO  - threddsServlet - Request Completed - 404 - -1 - 3
2019-02-12T16:47:23.767 +0000 [   2869787][      14] INFO  - threddsServlet - Remote host: 146.164.122.34 - Request: "GET /thredds/catalog/remo/catalog.html HTTP/1.1"
2019-02-12T16:47:23.770 +0000 [   2869790][      14] INFO  - threddsServlet - Request Completed - 200 - 1656 - 3
2019-02-12T16:47:23.961 +0000 [   2869981][      15] INFO  - threddsServlet - Remote host: 146.164.122.34 - Request: "GET /thredds/logo_remo.png HTTP/1.1"
2019-02-12T16:47:23.962 +0000 [   2869982][      15] INFO  - threddsServlet - Request Completed - 404 - -1 - 2
2019-02-12T16:47:26.120 +0000 [   2872140][      16] INFO  - threddsServlet - Remote host: 146.164.122.34 - Request: "GET /thredds/catalog/remo/catalog.html?dataset=remo/HYCOM_best.ncd HTTP/1.1"
2019-02-12T16:47:26.126 +0000 [   2872146][      16] INFO  - threddsServlet - Request Completed - 200 - -1 - 6
2019-02-12T16:47:26.320 +0000 [   2872340][      17] INFO  - threddsServlet - Remote host: 146.164.122.34 - Request: "GET /thredds/logo_remo.png HTTP/1.1"
2019-02-12T16:47:26.321 +0000 [   2872341][      17] INFO  - threddsServlet - Request Completed - 404 - -1 - 2
2019-02-12T16:47:34.380 +0000 [   2880400][      18] INFO  - threddsServlet - Remote host: 146.164.122.34 - Request: "GET /thredds/godiva2/wms?REQUEST=GetLegendGraphic&COLORBARONLY=true&WIDTH=1&HEIGHT=398 HTTP/1.1"
2019-02-12T16:47:34.433 +0000 [   2880453][      18] INFO  - threddsServlet - Request Completed - 404 - -1 - 53
2019-02-12T16:50:55.567 +0000 [     13048][       1] INFO  - threddsServlet - Remote host: 146.164.122.34 - Request: "GET /thredds/ HTTP/1.1"
2019-02-12T16:50:55.606 +0000 [     13087][       1] INFO  - threddsServlet - Request Completed - 302 - -1 - 41
2019-02-12T16:50:56.491 +0000 [     13972][       2] INFO  - threddsServlet - Remote host: 146.164.122.34 - Request: "GET /thredds/catalog.html HTTP/1.1"
2019-02-12T16:50:56.528 +0000 [     14009][       2] INFO  - threddsServlet - Request Completed - 200 - 2775 - 37
2019-02-12T16:50:56.726 +0000 [     14207][       3] INFO  - threddsServlet - Remote host: 146.164.122.34 - Request: "GET /thredds/logo_remo.png HTTP/1.1"
2019-02-12T16:50:56.739 +0000 [     14220][       3] INFO  - threddsServlet - Request Completed - 404 - -1 - 13
2019-02-12T16:51:02.166 +0000 [     19647][       4] INFO  - threddsServlet - Remote host: 146.164.122.34 - Request: "GET /thredds/catalog/testAll/catalog.html HTTP/1.1"
2019-02-12T16:51:02.172 +0000 [     19653][       4] INFO  - threddsServlet - Request Completed - 404 - -1 - 6
2019-02-12T16:51:20.979 +0000 [     38460][       5] INFO  - threddsServlet - Remote host: 146.164.122.34 - Request: "GET /thredds/enhancedCatalog.html HTTP/1.1"
2019-02-12T16:51:20.984 +0000 [     38465][       5] INFO  - threddsServlet - Request Completed - 200 - 1711 - 5
2019-02-12T16:51:21.180 +0000 [     38661][       6] INFO  - threddsServlet - Remote host: 146.164.122.34 - Request: "GET /thredds/logo_remo.png HTTP/1.1"
2019-02-12T16:51:21.183 +0000 [     38664][       6] INFO  - threddsServlet - Request Completed - 404 - -1 - 3
2019-02-12T16:51:22.158 +0000 [     39639][       7] INFO  - threddsServlet - Remote host: 146.164.122.34 - Request: "GET /thredds/catalog/testEnhanced/catalog.html HTTP/1.1"
2019-02-12T16:51:22.186 +0000 [     39667][       7] INFO  - threddsServlet - Request Completed - 200 - 2868 - 27
2019-02-12T16:51:22.388 +0000 [     39869][       8] INFO  - threddsServlet - Remote host: 146.164.122.34 - Request: "GET /thredds/logo_remo.png HTTP/1.1"
2019-02-12T16:51:22.391 +0000 [     39872][       8] INFO  - threddsServlet - Request Completed - 404 - -1 - 3
2019-02-12T16:51:23.646 +0000 [     41127][       9] INFO  - threddsServlet - Remote host: 146.164.122.34 - Request: "GET /thredds/catalog/testEnhanced/catalog.html?dataset=testEnhanced/2004050400_eta_211.nc HTTP/1.1"
2019-02-12T16:51:23.653 +0000 [     41134][       9] INFO  - threddsServlet - Request Completed - 200 - -1 - 7
2019-02-12T16:51:23.856 +0000 [     41337][      10] INFO  - threddsServlet - Remote host: 146.164.122.34 - Request: "GET /thredds/logo_remo.png HTTP/1.1"
2019-02-12T16:51:23.858 +0000 [     41339][      10] INFO  - threddsServlet - Request Completed - 404 - -1 - 2
2019-02-12T16:54:02.215 +0000 [    199696][      11] INFO  - threddsServlet - Remote host: 146.164.122.34 - Request: "GET /thredds/catalog.html HTTP/1.1"
2019-02-12T16:54:02.219 +0000 [    199700][      11] INFO  - threddsServlet - Request Completed - 200 - 2775 - 4
2019-02-12T16:54:02.408 +0000 [    199889][      12] INFO  - threddsServlet - Remote host: 146.164.122.34 - Request: "GET /thredds/logo_remo.png HTTP/1.1"
2019-02-12T16:54:02.410 +0000 [    199891][      12] INFO  - threddsServlet - Request Completed - 404 - -1 - 2
2019-02-12T16:54:04.552 +0000 [    202033][      13] INFO  - threddsServlet - Remote host: 146.164.122.34 - Request: "GET /thredds/catalog/Boinha/catalog.html HTTP/1.1"
2019-02-12T16:54:04.554 +0000 [    202035][      13] INFO  - threddsServlet - Request Completed - 404 - -1 - 2
