2019-02-12T13:04:30.738 +0000 INFO  - FeatureCollection added = FeatureCollectionConfig name ='rodas' collectionName='rodas' type='FMRC'
  spec='/usr/local/tds/datasets/remo/rodas/**/HYCOM_MV_#yyyyMMdd#\.nc$'
  olderThan =1 min
  timePartition =directory
  updateConfig =UpdateConfig{userDefined=true, recheckAfter='null', rescan='0 0/5 * * * ? *', triggerOk=true, updateType=test}
  tdmConfig =UpdateConfig{userDefined=false, recheckAfter='null', rescan='null', triggerOk=true, updateType=test}
  ProtoConfig{choice=Penultimate, change='null', param='null', outerNcml='null', cacheAll=true}
  hasInnerNcml =true
  fmrcConfig =FmrcConfig: regularize=false datasetTypes=[Best]

2019-02-12T13:04:30.738 +0000 WARN  - MFileCollectionManager parse error =  Directory /usr/local/tds/datasets/remo/rodas does not exist 
 
2019-02-12T13:04:30.739 +0000 INFO  - scheduleJob startup scan force=test for 'rodas' at 2019-02-12T13:04:33.739+0000
2019-02-12T13:04:30.739 +0000 INFO  - scheduleJob recurring scan for 'rodas' cronExpr=0 0/5 * * * ? *
2019-02-12T13:04:33.741 +0000 ERROR - rodas: Invalid collection= MCollection{name='/usr/local/tds/datasets/remo/rodas', dirName='/usr/local/tds/datasets/remo/rodas', wantSubdirs=true, filter=WildcardMatchOnPath{wildcard=null regexp=HYCOM_MV_........\.nc$}}
2019-02-12T13:04:33.742 +0000 WARN  - MFileCollectionManager: No files found for rodas
2019-02-12T13:05:00.005 +0000 ERROR - rodas: Invalid collection= MCollection{name='/usr/local/tds/datasets/remo/rodas', dirName='/usr/local/tds/datasets/remo/rodas', wantSubdirs=true, filter=WildcardMatchOnPath{wildcard=null regexp=HYCOM_MV_........\.nc$}}
2019-02-12T13:05:00.005 +0000 WARN  - MFileCollectionManager: No files found for rodas
2019-02-12T13:10:00.006 +0000 ERROR - rodas: Invalid collection= MCollection{name='/usr/local/tds/datasets/remo/rodas', dirName='/usr/local/tds/datasets/remo/rodas', wantSubdirs=true, filter=WildcardMatchOnPath{wildcard=null regexp=HYCOM_MV_........\.nc$}}
2019-02-12T13:10:00.006 +0000 WARN  - MFileCollectionManager: No files found for rodas
2019-02-12T13:11:49.962 +0000 INFO  - FeatureCollection added = FeatureCollectionConfig name ='rodas' collectionName='rodas' type='FMRC'
  spec='/usr/local/tds/datasets/remo/rodas/**/HYCOM_MV_#yyyyMMdd#\.nc$'
  olderThan =1 min
  timePartition =directory
  updateConfig =UpdateConfig{userDefined=true, recheckAfter='null', rescan='0 0/5 * * * ? *', triggerOk=true, updateType=test}
  tdmConfig =UpdateConfig{userDefined=false, recheckAfter='null', rescan='null', triggerOk=true, updateType=test}
  ProtoConfig{choice=Penultimate, change='null', param='null', outerNcml='null', cacheAll=true}
  hasInnerNcml =true
  fmrcConfig =FmrcConfig: regularize=false datasetTypes=[Best]

2019-02-12T13:11:49.963 +0000 WARN  - MFileCollectionManager parse error =  Directory /usr/local/tds/datasets/remo/rodas does not exist 
 
2019-02-12T13:11:49.963 +0000 INFO  - scheduleJob startup scan force=test for 'rodas' at 2019-02-12T13:11:52.963+0000
2019-02-12T13:11:49.964 +0000 INFO  - scheduleJob recurring scan for 'rodas' cronExpr=0 0/5 * * * ? *
2019-02-12T13:11:52.964 +0000 ERROR - rodas: Invalid collection= MCollection{name='/usr/local/tds/datasets/remo/rodas', dirName='/usr/local/tds/datasets/remo/rodas', wantSubdirs=true, filter=WildcardMatchOnPath{wildcard=null regexp=HYCOM_MV_........\.nc$}}
2019-02-12T13:11:52.964 +0000 WARN  - MFileCollectionManager: No files found for rodas
2019-02-12T13:15:00.008 +0000 ERROR - rodas: Invalid collection= MCollection{name='/usr/local/tds/datasets/remo/rodas', dirName='/usr/local/tds/datasets/remo/rodas', wantSubdirs=true, filter=WildcardMatchOnPath{wildcard=null regexp=HYCOM_MV_........\.nc$}}
2019-02-12T13:15:00.008 +0000 WARN  - MFileCollectionManager: No files found for rodas
2019-02-12T13:20:00.006 +0000 ERROR - rodas: Invalid collection= MCollection{name='/usr/local/tds/datasets/remo/rodas', dirName='/usr/local/tds/datasets/remo/rodas', wantSubdirs=true, filter=WildcardMatchOnPath{wildcard=null regexp=HYCOM_MV_........\.nc$}}
2019-02-12T13:20:00.006 +0000 WARN  - MFileCollectionManager: No files found for rodas
2019-02-12T13:25:00.007 +0000 ERROR - rodas: Invalid collection= MCollection{name='/usr/local/tds/datasets/remo/rodas', dirName='/usr/local/tds/datasets/remo/rodas', wantSubdirs=true, filter=WildcardMatchOnPath{wildcard=null regexp=HYCOM_MV_........\.nc$}}
2019-02-12T13:25:00.007 +0000 WARN  - MFileCollectionManager: No files found for rodas
2019-02-12T13:30:00.004 +0000 ERROR - rodas: Invalid collection= MCollection{name='/usr/local/tds/datasets/remo/rodas', dirName='/usr/local/tds/datasets/remo/rodas', wantSubdirs=true, filter=WildcardMatchOnPath{wildcard=null regexp=HYCOM_MV_........\.nc$}}
2019-02-12T13:30:00.005 +0000 WARN  - MFileCollectionManager: No files found for rodas
2019-02-12T13:35:00.003 +0000 ERROR - rodas: Invalid collection= MCollection{name='/usr/local/tds/datasets/remo/rodas', dirName='/usr/local/tds/datasets/remo/rodas', wantSubdirs=true, filter=WildcardMatchOnPath{wildcard=null regexp=HYCOM_MV_........\.nc$}}
2019-02-12T13:35:00.003 +0000 WARN  - MFileCollectionManager: No files found for rodas
2019-02-12T13:40:00.004 +0000 ERROR - rodas: Invalid collection= MCollection{name='/usr/local/tds/datasets/remo/rodas', dirName='/usr/local/tds/datasets/remo/rodas', wantSubdirs=true, filter=WildcardMatchOnPath{wildcard=null regexp=HYCOM_MV_........\.nc$}}
2019-02-12T13:40:00.004 +0000 WARN  - MFileCollectionManager: No files found for rodas
2019-02-12T13:45:00.005 +0000 ERROR - rodas: Invalid collection= MCollection{name='/usr/local/tds/datasets/remo/rodas', dirName='/usr/local/tds/datasets/remo/rodas', wantSubdirs=true, filter=WildcardMatchOnPath{wildcard=null regexp=HYCOM_MV_........\.nc$}}
2019-02-12T13:45:00.005 +0000 WARN  - MFileCollectionManager: No files found for rodas
2019-02-12T13:50:00.004 +0000 ERROR - rodas: Invalid collection= MCollection{name='/usr/local/tds/datasets/remo/rodas', dirName='/usr/local/tds/datasets/remo/rodas', wantSubdirs=true, filter=WildcardMatchOnPath{wildcard=null regexp=HYCOM_MV_........\.nc$}}
2019-02-12T13:50:00.004 +0000 WARN  - MFileCollectionManager: No files found for rodas
2019-02-12T13:55:00.003 +0000 ERROR - rodas: Invalid collection= MCollection{name='/usr/local/tds/datasets/remo/rodas', dirName='/usr/local/tds/datasets/remo/rodas', wantSubdirs=true, filter=WildcardMatchOnPath{wildcard=null regexp=HYCOM_MV_........\.nc$}}
2019-02-12T13:55:00.003 +0000 WARN  - MFileCollectionManager: No files found for rodas
