2019-02-12T13:04:30.769 +0000 INFO  - FeatureCollection added = FeatureCollectionConfig name ='TGIGSS' collectionName='TGIGSS' type='FMRC'
  spec='/usr/local/tds/datasets/remo/costeiros/tgigss/**/delft_TGIGSS_#yyyyMMdd#\.nc$'
  olderThan =10 min
  timePartition =directory
  updateConfig =UpdateConfig{userDefined=true, recheckAfter='null', rescan='0 0/5 * * * ? *', triggerOk=true, updateType=test}
  tdmConfig =UpdateConfig{userDefined=false, recheckAfter='null', rescan='null', triggerOk=true, updateType=test}
  ProtoConfig{choice=Penultimate, change='null', param='null', outerNcml='null', cacheAll=true}
  hasInnerNcml =true
  fmrcConfig =FmrcConfig: regularize=false datasetTypes=[Best]

2019-02-12T13:04:30.769 +0000 WARN  - MFileCollectionManager parse error =  Directory /usr/local/tds/datasets/remo/costeiros/tgigss does not exist 
 
2019-02-12T13:04:30.770 +0000 INFO  - scheduleJob startup scan force=test for 'TGIGSS' at 2019-02-12T13:04:33.770+0000
2019-02-12T13:04:30.770 +0000 INFO  - scheduleJob recurring scan for 'TGIGSS' cronExpr=0 0/5 * * * ? *
2019-02-12T13:04:33.783 +0000 ERROR - TGIGSS: Invalid collection= MCollection{name='/usr/local/tds/datasets/remo/costeiros/tgigss', dirName='/usr/local/tds/datasets/remo/costeiros/tgigss', wantSubdirs=true, filter=WildcardMatchOnPath{wildcard=null regexp=delft_TGIGSS_........\.nc$}}
2019-02-12T13:04:33.783 +0000 WARN  - MFileCollectionManager: No files found for TGIGSS
2019-02-12T13:05:00.005 +0000 ERROR - TGIGSS: Invalid collection= MCollection{name='/usr/local/tds/datasets/remo/costeiros/tgigss', dirName='/usr/local/tds/datasets/remo/costeiros/tgigss', wantSubdirs=true, filter=WildcardMatchOnPath{wildcard=null regexp=delft_TGIGSS_........\.nc$}}
2019-02-12T13:05:00.005 +0000 WARN  - MFileCollectionManager: No files found for TGIGSS
2019-02-12T13:10:00.007 +0000 ERROR - TGIGSS: Invalid collection= MCollection{name='/usr/local/tds/datasets/remo/costeiros/tgigss', dirName='/usr/local/tds/datasets/remo/costeiros/tgigss', wantSubdirs=true, filter=WildcardMatchOnPath{wildcard=null regexp=delft_TGIGSS_........\.nc$}}
2019-02-12T13:10:00.007 +0000 WARN  - MFileCollectionManager: No files found for TGIGSS
2019-02-12T13:11:50.000 +0000 INFO  - FeatureCollection added = FeatureCollectionConfig name ='TGIGSS' collectionName='TGIGSS' type='FMRC'
  spec='/usr/local/tds/datasets/remo/costeiros/tgigss/**/delft_TGIGSS_#yyyyMMdd#\.nc$'
  olderThan =10 min
  timePartition =directory
  updateConfig =UpdateConfig{userDefined=true, recheckAfter='null', rescan='0 0/5 * * * ? *', triggerOk=true, updateType=test}
  tdmConfig =UpdateConfig{userDefined=false, recheckAfter='null', rescan='null', triggerOk=true, updateType=test}
  ProtoConfig{choice=Penultimate, change='null', param='null', outerNcml='null', cacheAll=true}
  hasInnerNcml =true
  fmrcConfig =FmrcConfig: regularize=false datasetTypes=[Best]

2019-02-12T13:11:50.000 +0000 WARN  - MFileCollectionManager parse error =  Directory /usr/local/tds/datasets/remo/costeiros/tgigss does not exist 
 
2019-02-12T13:11:50.001 +0000 INFO  - scheduleJob startup scan force=test for 'TGIGSS' at 2019-02-12T13:11:53.001+0000
2019-02-12T13:11:50.001 +0000 INFO  - scheduleJob recurring scan for 'TGIGSS' cronExpr=0 0/5 * * * ? *
2019-02-12T13:11:53.018 +0000 ERROR - TGIGSS: Invalid collection= MCollection{name='/usr/local/tds/datasets/remo/costeiros/tgigss', dirName='/usr/local/tds/datasets/remo/costeiros/tgigss', wantSubdirs=true, filter=WildcardMatchOnPath{wildcard=null regexp=delft_TGIGSS_........\.nc$}}
2019-02-12T13:11:53.019 +0000 WARN  - MFileCollectionManager: No files found for TGIGSS
2019-02-12T13:15:00.007 +0000 ERROR - TGIGSS: Invalid collection= MCollection{name='/usr/local/tds/datasets/remo/costeiros/tgigss', dirName='/usr/local/tds/datasets/remo/costeiros/tgigss', wantSubdirs=true, filter=WildcardMatchOnPath{wildcard=null regexp=delft_TGIGSS_........\.nc$}}
2019-02-12T13:15:00.007 +0000 WARN  - MFileCollectionManager: No files found for TGIGSS
2019-02-12T13:20:00.005 +0000 ERROR - TGIGSS: Invalid collection= MCollection{name='/usr/local/tds/datasets/remo/costeiros/tgigss', dirName='/usr/local/tds/datasets/remo/costeiros/tgigss', wantSubdirs=true, filter=WildcardMatchOnPath{wildcard=null regexp=delft_TGIGSS_........\.nc$}}
2019-02-12T13:20:00.005 +0000 WARN  - MFileCollectionManager: No files found for TGIGSS
2019-02-12T13:25:00.004 +0000 ERROR - TGIGSS: Invalid collection= MCollection{name='/usr/local/tds/datasets/remo/costeiros/tgigss', dirName='/usr/local/tds/datasets/remo/costeiros/tgigss', wantSubdirs=true, filter=WildcardMatchOnPath{wildcard=null regexp=delft_TGIGSS_........\.nc$}}
2019-02-12T13:25:00.004 +0000 WARN  - MFileCollectionManager: No files found for TGIGSS
2019-02-12T13:30:00.004 +0000 ERROR - TGIGSS: Invalid collection= MCollection{name='/usr/local/tds/datasets/remo/costeiros/tgigss', dirName='/usr/local/tds/datasets/remo/costeiros/tgigss', wantSubdirs=true, filter=WildcardMatchOnPath{wildcard=null regexp=delft_TGIGSS_........\.nc$}}
2019-02-12T13:30:00.004 +0000 WARN  - MFileCollectionManager: No files found for TGIGSS
2019-02-12T13:35:00.002 +0000 ERROR - TGIGSS: Invalid collection= MCollection{name='/usr/local/tds/datasets/remo/costeiros/tgigss', dirName='/usr/local/tds/datasets/remo/costeiros/tgigss', wantSubdirs=true, filter=WildcardMatchOnPath{wildcard=null regexp=delft_TGIGSS_........\.nc$}}
2019-02-12T13:35:00.002 +0000 WARN  - MFileCollectionManager: No files found for TGIGSS
2019-02-12T13:40:00.003 +0000 ERROR - TGIGSS: Invalid collection= MCollection{name='/usr/local/tds/datasets/remo/costeiros/tgigss', dirName='/usr/local/tds/datasets/remo/costeiros/tgigss', wantSubdirs=true, filter=WildcardMatchOnPath{wildcard=null regexp=delft_TGIGSS_........\.nc$}}
2019-02-12T13:40:00.003 +0000 WARN  - MFileCollectionManager: No files found for TGIGSS
2019-02-12T13:45:00.005 +0000 ERROR - TGIGSS: Invalid collection= MCollection{name='/usr/local/tds/datasets/remo/costeiros/tgigss', dirName='/usr/local/tds/datasets/remo/costeiros/tgigss', wantSubdirs=true, filter=WildcardMatchOnPath{wildcard=null regexp=delft_TGIGSS_........\.nc$}}
2019-02-12T13:45:00.005 +0000 WARN  - MFileCollectionManager: No files found for TGIGSS
2019-02-12T13:50:00.003 +0000 ERROR - TGIGSS: Invalid collection= MCollection{name='/usr/local/tds/datasets/remo/costeiros/tgigss', dirName='/usr/local/tds/datasets/remo/costeiros/tgigss', wantSubdirs=true, filter=WildcardMatchOnPath{wildcard=null regexp=delft_TGIGSS_........\.nc$}}
2019-02-12T13:50:00.003 +0000 WARN  - MFileCollectionManager: No files found for TGIGSS
2019-02-12T13:55:00.003 +0000 ERROR - TGIGSS: Invalid collection= MCollection{name='/usr/local/tds/datasets/remo/costeiros/tgigss', dirName='/usr/local/tds/datasets/remo/costeiros/tgigss', wantSubdirs=true, filter=WildcardMatchOnPath{wildcard=null regexp=delft_TGIGSS_........\.nc$}}
2019-02-12T13:55:00.003 +0000 WARN  - MFileCollectionManager: No files found for TGIGSS
