2019-08-04T04:28:35.689+0000 [     21614][        ] INFO  org.springframework.web.context.ContextLoader: Root WebApplicationContext: initialization started
2019-08-04T04:28:35.747+0000 [     21672][        ] INFO  org.springframework.web.context.support.XmlWebApplicationContext: Refreshing Root WebApplicationContext: startup date [Sun Aug 04 04:28:35 UTC 2019]; root of context hierarchy
2019-08-04T04:28:35.864+0000 [     21789][        ] INFO  org.springframework.beans.factory.xml.XmlBeanDefinitionReader: Loading XML bean definitions from ServletContext resource [/WEB-INF/applicationContext-tdsConfig.xml]
2019-08-04T04:28:36.901+0000 [     22826][        ] INFO  org.springframework.beans.factory.support.DefaultListableBeanFactory: Overriding bean definition for bean 'wmsConfig' with a different definition: replacing [Generic bean: class [thredds.server.config.WmsConfig]; scope=singleton; abstract=false; lazyInit=false; autowireMode=0; dependencyCheck=0; autowireCandidate=true; primary=false; factoryBeanName=null; factoryMethodName=null; initMethodName=null; destroyMethodName=null; defined in file [/opt/apache-tomcat-8.5.37/webapps/thredds/WEB-INF/classes/thredds/server/config/WmsConfig.class]] with [Generic bean: class [thredds.server.config.WmsConfig]; scope=; abstract=false; lazyInit=false; autowireMode=0; dependencyCheck=0; autowireCandidate=true; primary=false; factoryBeanName=null; factoryMethodName=null; initMethodName=null; destroyMethodName=null; defined in ServletContext resource [/WEB-INF/applicationContext-tdsConfig.xml]]
2019-08-04T04:28:36.902+0000 [     22827][        ] INFO  org.springframework.beans.factory.support.DefaultListableBeanFactory: Overriding bean definition for bean 'corsConfig' with a different definition: replacing [Generic bean: class [thredds.server.config.CorsConfig]; scope=singleton; abstract=false; lazyInit=false; autowireMode=0; dependencyCheck=0; autowireCandidate=true; primary=false; factoryBeanName=null; factoryMethodName=null; initMethodName=null; destroyMethodName=null; defined in file [/opt/apache-tomcat-8.5.37/webapps/thredds/WEB-INF/classes/thredds/server/config/CorsConfig.class]] with [Generic bean: class [thredds.server.config.CorsConfig]; scope=; abstract=false; lazyInit=false; autowireMode=0; dependencyCheck=0; autowireCandidate=true; primary=false; factoryBeanName=null; factoryMethodName=null; initMethodName=null; destroyMethodName=null; defined in ServletContext resource [/WEB-INF/applicationContext-tdsConfig.xml]]
2019-08-04T04:28:37.542+0000 [     23467][        ] INFO  org.springframework.web.servlet.mvc.method.annotation.RequestMappingHandlerMapping: Mapped "{[/admin/collection/showStatus]}" onto protected org.springframework.web.servlet.ModelAndView thredds.server.admin.CollectionController.handleCollectionStatus(javax.servlet.http.HttpServletRequest,javax.servlet.http.HttpServletResponse) throws java.lang.Exception
2019-08-04T04:28:37.543+0000 [     23468][        ] INFO  org.springframework.web.servlet.mvc.method.annotation.RequestMappingHandlerMapping: Mapped "{[/admin/collection/showStatus.csv]}" onto protected org.springframework.web.servlet.ModelAndView thredds.server.admin.CollectionController.handleCollectionStatusCsv(javax.servlet.http.HttpServletRequest,javax.servlet.http.HttpServletResponse) throws java.lang.Exception
2019-08-04T04:28:37.544+0000 [     23469][        ] INFO  org.springframework.web.servlet.mvc.method.annotation.RequestMappingHandlerMapping: Mapped "{[/admin/collection || /admin/collection/trigger]}" onto protected org.springframework.web.servlet.ModelAndView thredds.server.admin.CollectionController.handleCollectionTriggers(javax.servlet.http.HttpServletRequest,javax.servlet.http.HttpServletResponse) throws java.lang.Exception
2019-08-04T04:28:37.544+0000 [     23469][        ] INFO  org.springframework.web.servlet.mvc.method.annotation.RequestMappingHandlerMapping: Mapped "{[/admin/showFmrc || /admin/showFmrc/*]}" onto protected org.springframework.web.servlet.ModelAndView thredds.server.admin.CollectionController.showFmrcCache(javax.servlet.http.HttpServletRequest,javax.servlet.http.HttpServletResponse) throws java.lang.Exception
2019-08-04T04:28:37.546+0000 [     23471][        ] INFO  org.springframework.web.servlet.mvc.method.annotation.RequestMappingHandlerMapping: Mapped "{[/admin/debug || /admin/debug/*],methods=[GET]}" onto protected void thredds.server.admin.DebugController.showDebugPage(javax.servlet.http.HttpServletRequest,javax.servlet.http.HttpServletResponse) throws java.io.IOException
2019-08-04T04:28:37.546+0000 [     23471][        ] INFO  org.springframework.web.servlet.mvc.method.annotation.RequestMappingHandlerMapping: Mapped "{[/admin/**]}" onto protected org.springframework.web.servlet.ModelAndView thredds.server.admin.DirDisplayController.handleRequestInternal(javax.servlet.http.HttpServletRequest,javax.servlet.http.HttpServletResponse) throws java.lang.Exception
2019-08-04T04:28:37.547+0000 [     23472][        ] INFO  org.springframework.web.servlet.mvc.method.annotation.RequestMappingHandlerMapping: Mapped "{[/admin/log/** || /admin/roots],methods=[GET]}" onto protected org.springframework.web.servlet.ModelAndView thredds.server.admin.LogController.handleRequestInternal(javax.servlet.http.HttpServletRequest,javax.servlet.http.HttpServletResponse) throws java.lang.Exception
2019-08-04T04:28:37.548+0000 [     23473][        ] INFO  org.springframework.web.servlet.mvc.method.annotation.RequestMappingHandlerMapping: Mapped "{[/requestMaps],methods=[GET]}" onto public void thredds.server.admin.SpringDocController.show(org.springframework.ui.Model)
2019-08-04T04:28:37.553+0000 [     23478][        ] INFO  org.springframework.web.servlet.mvc.method.annotation.RequestMappingHandlerMapping: Mapped "{[/**/*.xml],methods=[GET || HEAD]}" onto protected org.springframework.web.servlet.ModelAndView thredds.server.catalogservice.LocalCatalogServiceController.handleXmlRequest(javax.servlet.http.HttpServletRequest,javax.servlet.http.HttpServletResponse) throws java.lang.Exception
2019-08-04T04:28:37.553+0000 [     23478][        ] INFO  org.springframework.web.servlet.mvc.method.annotation.RequestMappingHandlerMapping: Mapped "{[/**/*.html],methods=[GET || HEAD]}" onto protected org.springframework.web.servlet.ModelAndView thredds.server.catalogservice.LocalCatalogServiceController.handleHtmlRequest(javax.servlet.http.HttpServletRequest,javax.servlet.http.HttpServletResponse) throws java.lang.Exception
2019-08-04T04:28:37.556+0000 [     23481][        ] INFO  org.springframework.web.servlet.mvc.method.annotation.RequestMappingHandlerMapping: Mapped "{[/remoteCatalogService/** || /remoteCatalogValidation.html/**]}" onto protected org.springframework.web.servlet.ModelAndView thredds.server.catalogservice.RemoteCatalogServiceController.handleAll(javax.servlet.http.HttpServletRequest,javax.servlet.http.HttpServletResponse) throws java.lang.Exception
2019-08-04T04:28:37.562+0000 [     23487][        ] INFO  org.springframework.web.servlet.mvc.method.annotation.RequestMappingHandlerMapping: Mapped "{[/cdmremote/**]}" onto public void thredds.server.cdmremote.CdmRemoteController.handleRequest(javax.servlet.http.HttpServletRequest,javax.servlet.http.HttpServletResponse,thredds.server.cdmremote.CdmRemoteQueryBean,org.springframework.validation.BindingResult) throws java.io.IOException
2019-08-04T04:28:37.567+0000 [     23492][        ] INFO  org.springframework.web.servlet.mvc.method.annotation.RequestMappingHandlerMapping: Mapped "{[/cdmrfeature/**],methods=[GET],params=[req!=data && req!=dataForm && req!=header]}" onto public org.springframework.http.ResponseEntity<java.lang.String> thredds.server.cdmremote.CdmrfController.metadataRequestHandler(javax.servlet.http.HttpServletRequest,javax.servlet.http.HttpServletResponse,thredds.server.cdmremote.params.CdmrfQueryBean,org.springframework.validation.BindingResult) throws java.io.IOException
2019-08-04T04:28:37.568+0000 [     23493][        ] INFO  org.springframework.web.servlet.mvc.method.annotation.RequestMappingHandlerMapping: Mapped "{[/cdmrfeature/**],methods=[GET],params=[req=header]}" onto public void thredds.server.cdmremote.CdmrfController.headerRequestHandler(javax.servlet.http.HttpServletRequest,javax.servlet.http.HttpServletResponse,thredds.server.cdmremote.params.CdmrfQueryBean,org.springframework.validation.BindingResult) throws java.io.IOException
2019-08-04T04:28:37.568+0000 [     23493][        ] INFO  org.springframework.web.servlet.mvc.method.annotation.RequestMappingHandlerMapping: Mapped "{[/cdmrfeature/**],methods=[GET],params=[req=data]}" onto public void thredds.server.cdmremote.CdmrfController.dataRequestHandler(javax.servlet.http.HttpServletRequest,javax.servlet.http.HttpServletResponse,thredds.server.cdmremote.params.CdmrfQueryBean,org.springframework.validation.BindingResult) throws java.io.IOException
2019-08-04T04:28:37.577+0000 [     23502][        ] INFO  org.springframework.web.servlet.mvc.method.annotation.RequestMappingHandlerMapping: Mapped "{[/dap4/**]}" onto public void thredds.server.dap4.Dap4Controller.handleRequest(javax.servlet.http.HttpServletRequest,javax.servlet.http.HttpServletResponse) throws java.io.IOException
2019-08-04T04:28:37.578+0000 [     23503][        ] INFO  org.springframework.web.servlet.mvc.method.annotation.RequestMappingHandlerMapping: Mapped "{[/DLwriter/**]}" onto public void thredds.server.dl.DLwriterController.doGet(javax.servlet.http.HttpServletRequest,javax.servlet.http.HttpServletResponse) throws javax.servlet.ServletException,java.io.IOException
2019-08-04T04:28:37.579+0000 [     23504][        ] INFO  org.springframework.web.servlet.mvc.method.annotation.RequestMappingHandlerMapping: Mapped "{[/fileServer/**]}" onto public void thredds.server.fileserver.FileServerController.doGet(javax.servlet.http.HttpServletRequest,javax.servlet.http.HttpServletResponse) throws javax.servlet.ServletException,java.io.IOException
2019-08-04T04:28:37.583+0000 [     23508][        ] INFO  org.springframework.web.servlet.mvc.method.annotation.RequestMappingHandlerMapping: Mapped "{[/metadata/**]}" onto public void thredds.server.metadata.MetadataController.getMetadata(thredds.server.metadata.MetadataRequestParameterBean,org.springframework.validation.BindingResult,javax.servlet.http.HttpServletResponse,javax.servlet.http.HttpServletRequest) throws java.io.IOException
2019-08-04T04:28:37.587+0000 [     23512][        ] INFO  org.springframework.web.servlet.mvc.method.annotation.RequestMappingHandlerMapping: Mapped "{[/ncss/**]}" onto public void thredds.server.ncss.controller.NcssController.handleRequest(javax.servlet.http.HttpServletRequest,javax.servlet.http.HttpServletResponse,thredds.server.ncss.params.NcssParamsBean,org.springframework.validation.BindingResult) throws java.lang.Exception
2019-08-04T04:28:37.589+0000 [     23514][        ] INFO  org.springframework.web.servlet.mvc.method.annotation.RequestMappingHandlerMapping: Mapped "{[/ncss/**/datasetBoundaries.xml]}" onto void thredds.server.ncss.controller.NcssDatasetBoundariesController.getDatasetBoundaries(thredds.server.ncss.params.NcssParamsBean,javax.servlet.http.HttpServletRequest,javax.servlet.http.HttpServletResponse) throws java.io.IOException,thredds.server.ncss.exception.UnsupportedResponseFormatException
2019-08-04T04:28:37.591+0000 [     23516][        ] INFO  org.springframework.web.servlet.mvc.method.annotation.RequestMappingHandlerMapping: Mapped "{[/ncss/**/dataset.html || /ncss/**/dataset.xml || /ncss/**/pointDataset.html || /ncss/**/pointDataset.xml],params=[!var]}" onto void thredds.server.ncss.controller.NcssDatasetInfoController.getDatasetDescription(javax.servlet.http.HttpServletRequest,javax.servlet.http.HttpServletResponse) throws java.io.IOException,javax.xml.transform.TransformerException,org.jdom2.JDOMException
2019-08-04T04:28:37.592+0000 [     23517][        ] INFO  org.springframework.web.servlet.mvc.method.annotation.RequestMappingHandlerMapping: Mapped "{[/ncss/**/station.xml]}" onto void thredds.server.ncss.controller.NcssDatasetInfoController.getStations(javax.servlet.http.HttpServletRequest,javax.servlet.http.HttpServletResponse,thredds.server.ncss.params.NcssParamsBean) throws java.io.IOException
2019-08-04T04:28:37.607+0000 [     23532][        ] INFO  org.springframework.web.servlet.mvc.method.annotation.RequestMappingHandlerMapping: Mapped "{[/radarServer/**/{dataset}],params=[station=all]}" onto public thredds.server.radarServer2.StationList thredds.server.radarServer2.RadarServerController.stations(java.lang.String,javax.servlet.http.HttpServletRequest)
2019-08-04T04:28:37.607+0000 [     23532][        ] INFO  org.springframework.web.servlet.mvc.method.annotation.RequestMappingHandlerMapping: Mapped "{[/radarServer/catalog.xml]}" onto public org.springframework.http.HttpEntity<byte[]> thredds.server.radarServer2.RadarServerController.topLevelCatalog() throws java.io.IOException
2019-08-04T04:28:37.608+0000 [     23533][        ] INFO  org.springframework.web.servlet.mvc.method.annotation.RequestMappingHandlerMapping: Mapped "{[/radarServer/**/dataset.xml]}" onto public org.springframework.http.HttpEntity<byte[]> thredds.server.radarServer2.RadarServerController.datasetCatalog(javax.servlet.http.HttpServletRequest) throws java.io.IOException
2019-08-04T04:28:37.608+0000 [     23533][        ] INFO  org.springframework.web.servlet.mvc.method.annotation.RequestMappingHandlerMapping: Mapped "{[/radarServer/**/stations.xml]}" onto public thredds.server.radarServer2.StationList thredds.server.radarServer2.RadarServerController.stationsFile(javax.servlet.http.HttpServletRequest)
2019-08-04T04:28:37.608+0000 [     23533][        ] INFO  org.springframework.web.servlet.mvc.method.annotation.RequestMappingHandlerMapping: Mapped "{[/radarServer/**/{dataset}]}" onto org.springframework.http.HttpEntity<byte[]> thredds.server.radarServer2.RadarServerController.handleQuery(java.lang.String,java.lang.String[],java.lang.Double,java.lang.Double,java.lang.Double,java.lang.Double,java.lang.Double,java.lang.Double,java.lang.String,java.lang.String,java.lang.String,java.lang.String,java.lang.String,java.lang.String[],javax.servlet.http.HttpServletRequest) throws java.text.ParseException,java.lang.UnsupportedOperationException,java.io.IOException
2019-08-04T04:28:37.609+0000 [     23534][        ] INFO  org.springframework.web.servlet.mvc.method.annotation.RequestMappingHandlerMapping: Mapped "{[/]}" onto public java.lang.String thredds.server.root.RootController.getRootPage()
2019-08-04T04:28:37.609+0000 [     23534][        ] INFO  org.springframework.web.servlet.mvc.method.annotation.RequestMappingHandlerMapping: Mapped "{[/*.css || /*.gif || /*.jpg || /*.png]}" onto public org.springframework.web.servlet.ModelAndView thredds.server.root.RootController.checkPublicDirectory(javax.servlet.http.HttpServletRequest,javax.servlet.http.HttpServletResponse) throws java.io.IOException,javax.servlet.ServletException
2019-08-04T04:28:37.610+0000 [     23535][        ] INFO  org.springframework.web.servlet.mvc.method.annotation.RequestMappingHandlerMapping: Mapped "{[/serverVersion.txt]}" onto protected org.springframework.web.servlet.ModelAndView thredds.server.serverinfo.ServerInfoController.getServerVersion()
2019-08-04T04:28:37.610+0000 [     23535][        ] INFO  org.springframework.web.servlet.mvc.method.annotation.RequestMappingHandlerMapping: Mapped "{[/serverInfo.html]}" onto protected org.springframework.web.servlet.ModelAndView thredds.server.serverinfo.ServerInfoController.getServerInfoHtml()
2019-08-04T04:28:37.610+0000 [     23535][        ] INFO  org.springframework.web.servlet.mvc.method.annotation.RequestMappingHandlerMapping: Mapped "{[/serverInfo.xml]}" onto protected org.springframework.web.servlet.ModelAndView thredds.server.serverinfo.ServerInfoController.getServerInfoXML()
2019-08-04T04:28:37.611+0000 [     23536][        ] INFO  org.springframework.web.servlet.mvc.method.annotation.RequestMappingHandlerMapping: Mapped "{[/view/{viewer}.jnlp],methods=[GET]}" onto public void thredds.server.viewer.ViewerController.launchViewer(thredds.server.viewer.ViewerRequestParamsBean,org.springframework.validation.BindingResult,javax.servlet.http.HttpServletResponse,javax.servlet.http.HttpServletRequest) throws java.io.IOException
2019-08-04T04:28:37.613+0000 [     23538][        ] INFO  org.springframework.web.servlet.mvc.method.annotation.RequestMappingHandlerMapping: Mapped "{[/wcs/**]}" onto public void thredds.server.wcs.WCSController.doGet(javax.servlet.http.HttpServletRequest,javax.servlet.http.HttpServletResponse) throws javax.servlet.ServletException,java.io.IOException
2019-08-04T04:28:37.614+0000 [     23539][        ] INFO  org.springframework.web.servlet.mvc.method.annotation.RequestMappingHandlerMapping: Mapped "{[/sos/**]}" onto public void thredds.server.ncsos.controller.SosController.handleSOSRequest(javax.servlet.http.HttpServletRequest,javax.servlet.http.HttpServletResponse) throws javax.servlet.ServletException,java.io.IOException
2019-08-04T04:28:37.616+0000 [     23541][        ] INFO  org.springframework.web.servlet.mvc.method.annotation.RequestMappingHandlerMapping: Mapped "{[/iso/**]}" onto public void thredds.server.metadata.controller.IsoController.handleMetadataRequest(javax.servlet.http.HttpServletRequest,javax.servlet.http.HttpServletResponse) throws javax.servlet.ServletException,java.io.IOException
2019-08-04T04:28:37.617+0000 [     23542][        ] INFO  org.springframework.web.servlet.mvc.method.annotation.RequestMappingHandlerMapping: Mapped "{[/ncml/**]}" onto public void thredds.server.metadata.controller.NcmlController.handleMetadataRequest(javax.servlet.http.HttpServletRequest,javax.servlet.http.HttpServletResponse) throws javax.servlet.ServletException,java.io.IOException
2019-08-04T04:28:37.618+0000 [     23543][        ] INFO  org.springframework.web.servlet.mvc.method.annotation.RequestMappingHandlerMapping: Mapped "{[/uddc/**]}" onto public void thredds.server.metadata.controller.UddcController.handleMetadataRequest(javax.servlet.http.HttpServletRequest,javax.servlet.http.HttpServletResponse) throws javax.servlet.ServletException
2019-08-04T04:28:38.188+0000 [     24113][        ] INFO  org.springframework.web.servlet.mvc.method.annotation.RequestMappingHandlerAdapter: Looking for @ControllerAdvice: Root WebApplicationContext: startup date [Sun Aug 04 04:28:35 UTC 2019]; root of context hierarchy
2019-08-04T04:28:38.352+0000 [     24277][        ] INFO  org.springframework.web.servlet.mvc.method.annotation.RequestMappingHandlerAdapter: Looking for @ControllerAdvice: Root WebApplicationContext: startup date [Sun Aug 04 04:28:35 UTC 2019]; root of context hierarchy
2019-08-04T04:28:38.755+0000 [     24680][        ] INFO  serverStartup: TdsContext version= 4.6.12 - 2018-12-11T10:06:52-0700
2019-08-04T04:28:38.756+0000 [     24681][        ] INFO  serverStartup: TdsContext intialized logging in /opt/apache-tomcat-8.5.37/content/thredds/logs
2019-08-04T04:28:38.758+0000 [     24683][        ] INFO  serverStartup: ThreddsConfigReader reading xml file = /opt/apache-tomcat-8.5.37/content/thredds/threddsConfig.xml
2019-08-04T04:28:39.181+0000 [     25106][        ] WARN  serverStartup: ThreddsConfigReader nj22Config: CoordSysBuilder class not found= edu.univ.ny.stuff.FooFiles; check your classpath
CoordSysBuilder class not found= test.Foo; check your classpath
CoordSysBuilder class not found= my.stuff.atmosSigmaLog; check your classpath
CoordSysBuilder class not found= gov.noaa.obscure.file.Flabulate; check your classpath

2019-08-04T04:28:39.185+0000 [     25110][        ] INFO  serverStartup: ThreddsConfig: adding catalogRoot = myExtraCatalog.xml
2019-08-04T04:28:39.185+0000 [     25110][        ] INFO  serverStartup: ThreddsConfig: adding catalogRoot = myOtherExtraCatalog.xml
2019-08-04T04:28:40.075+0000 [     26000][        ] INFO  serverStartup: TdsContext: latest development version = 5.0.0
2019-08-04T04:28:40.076+0000 [     26001][        ] INFO  serverStartup: TdsContext: latest stable version = 4.6.14
2019-08-04T04:28:40.139+0000 [     26064][        ] INFO  serverStartup: CdmInit getContentRootPathAbsolute= /opt/apache-tomcat-8.5.37/content
2019-08-04T04:28:40.152+0000 [     26077][        ] INFO  serverStartup: CdmInit: catalogWriting.useBytesForDataSize= false
2019-08-04T04:28:40.152+0000 [     26077][        ] INFO  serverStartup: CdmInit: set LoggerFactorySpecial with logging directory /opt/apache-tomcat-8.5.37/content/thredds/logs
2019-08-04T04:28:40.301+0000 [     26226][        ] INFO  serverStartup: Nc4Iosp: NetCDF-4 C library loaded (jna_path='/usr/local/lib', libname='netcdf').
2019-08-04T04:28:40.310+0000 [     26235][        ] INFO  serverStartup: CdmInit: Aggregation.setTypicalDatasetMode= penultimate
2019-08-04T04:28:40.395+0000 [     26320][        ] INFO  serverStartup: CdmInit: CdmCache= /opt/apache-tomcat-8.5.37/content/thredds/cache/cdm scour = 3600 maxSize = 1000000000
2019-08-04T04:28:40.399+0000 [     26324][        ] INFO  serverStartup: CdmInit: AggregationCache= /opt/apache-tomcat-8.5.37/content/thredds/cache/agg scour = 86400 maxAgeSecs = 7776000
2019-08-04T04:28:40.400+0000 [     26325][        ] INFO  serverStartup: CdmInit: GribIndex=DiskCache2{cachePathPolicy=NestedDirectory, alwaysUseCache=false, cachePathPolicyParam='null', root='/opt/apache-tomcat-8.5.37/content/thredds/cache/grib/', scourEveryMinutes=0, persistMinutes=129600, fail=false}
2019-08-04T04:28:40.400+0000 [     26325][        ] INFO  serverStartup: CdmInit: CdmRemote= /opt/apache-tomcat-8.5.37/content/thredds/cache/cdmr scour = 1800 maxAgeSecs = 3600
2019-08-04T04:28:40.408+0000 [     26333][        ] INFO  serverStartup: CdmInit: CollectionManagerAbstract.setMetadataStore= /opt/apache-tomcat-8.5.37/content/thredds/cache/collection/
2019-08-04T04:28:40.413+0000 [     26338][        ] INFO  serverStartup: CdmInit: RandomAccessFile.initPartitionCache= [400,500] scour = 660
2019-08-04T04:28:40.418+0000 [     26343][        ] INFO  serverStartup: CdmInit: NetcdfDataset.initNetcdfFileCache= [50,100] scour = 660
2019-08-04T04:28:40.450+0000 [     26375][        ] INFO  serverStartup: CdmInit: GribCdmIndex.initDefaultCollectionCache= [100,150] scour = 780
2019-08-04T04:28:40.450+0000 [     26375][        ] INFO  serverStartup: CdmInit complete
2019-08-04T04:28:40.462+0000 [     26387][        ] INFO  serverStartup: thredds.server.dap4.Dap4Controller initialization start
2019-08-04T04:28:40.469+0000 [     26394][        ] INFO  serverStartup: DLwriterServlet.init() - done: 
2019-08-04T04:28:40.560+0000 [     26485][        ] INFO  serverStartup: WCS:allow= true
2019-08-04T04:28:40.568+0000 [     26493][        ] INFO  serverStartup: WCS service - init done - 
2019-08-04T04:28:40.591+0000 [     26516][        ] INFO  serverStartup: DataRootHandler: staticCache= true
2019-08-04T04:28:40.740+0000 [     26665][        ] INFO  serverStartup: LoggerFactorySpecial add logger= fc.HYCOM file= /opt/apache-tomcat-8.5.37/content/thredds/logs/fc.HYCOM.log
2019-08-04T04:28:40.922+0000 [     26847][        ] INFO  serverStartup: Metadata ISO - initialization start
2019-08-04T04:28:40.923+0000 [     26848][        ] INFO  serverStartup: NCISO.isoAllow = true
2019-08-04T04:28:40.927+0000 [     26852][        ] INFO  serverStartup: Metadata NCML - initialization start
2019-08-04T04:28:40.927+0000 [     26852][        ] INFO  serverStartup: NCISO.ncmlAllow = true
2019-08-04T04:28:40.931+0000 [     26856][        ] INFO  serverStartup: Metadata UDDC - initialization start
2019-08-04T04:28:40.931+0000 [     26856][        ] INFO  serverStartup: NCISO.uddcAllow = true
2019-08-04T04:28:40.990+0000 [     26915][        ] INFO  org.springframework.web.context.ContextLoader: Root WebApplicationContext: initialization completed in 5298 ms
2019-08-04T04:28:41.021+0000 [     26946][        ] INFO  org.springframework.web.servlet.DispatcherServlet: FrameworkServlet 'root': initialization started
2019-08-04T04:28:41.025+0000 [     26950][        ] INFO  org.springframework.web.context.support.XmlWebApplicationContext: Refreshing WebApplicationContext for namespace 'root-servlet': startup date [Sun Aug 04 04:28:41 UTC 2019]; parent: Root WebApplicationContext
2019-08-04T04:28:41.025+0000 [     26950][        ] INFO  org.springframework.beans.factory.xml.XmlBeanDefinitionReader: Loading XML bean definitions from ServletContext resource [/WEB-INF/servlet-context.xml]
2019-08-04T04:28:41.088+0000 [     27013][        ] INFO  org.springframework.web.servlet.handler.SimpleUrlHandlerMapping: Mapped URL path [/**] onto handler 'org.springframework.web.servlet.resource.ResourceHttpRequestHandler#0'
2019-08-04T04:28:41.105+0000 [     27030][        ] INFO  org.springframework.beans.factory.xml.XmlBeanDefinitionReader: Loading XML bean definitions from ServletContext resource [/WEB-INF/view.xml]
2019-08-04T04:28:41.112+0000 [     27037][        ] INFO  org.springframework.web.context.support.GenericWebApplicationContext: Refreshing org.springframework.web.context.support.GenericWebApplicationContext@79d60cb: startup date [Sun Aug 04 04:28:41 UTC 2019]; parent: WebApplicationContext for namespace 'root-servlet'
2019-08-04T04:28:41.154+0000 [     27079][        ] INFO  org.springframework.web.servlet.DispatcherServlet: FrameworkServlet 'root': initialization completed in 133 ms
2019-08-04T04:28:41.156+0000 [     27081][        ] INFO  serverStartup: thredds.server.opendap.OpendapServlet initialization start
2019-08-04T04:28:41.156+0000 [     27081][        ] INFO  serverStartup: thredds.server.opendap.OpendapServlet version= opendap/3.7 ascLimit = 50 binLimit = 500
2019-08-04T04:28:41.156+0000 [     27081][        ] INFO  serverStartup: thredds.server.opendap.OpendapServlet initialization done
2019-08-04T04:28:41.170+0000 [     27095][        ] INFO  org.springframework.web.servlet.DispatcherServlet: FrameworkServlet 'wms': initialization started
2019-08-04T04:28:41.171+0000 [     27096][        ] INFO  org.springframework.web.context.support.XmlWebApplicationContext: Refreshing WebApplicationContext for namespace 'wms-servlet': startup date [Sun Aug 04 04:28:41 UTC 2019]; parent: Root WebApplicationContext
2019-08-04T04:28:41.171+0000 [     27096][        ] INFO  org.springframework.beans.factory.xml.XmlBeanDefinitionReader: Loading XML bean definitions from ServletContext resource [/WEB-INF/wms-servlet.xml]
2019-08-04T04:28:41.306+0000 [     27231][        ] INFO  serverStartup: WMS:allow= true
2019-08-04T04:28:41.306+0000 [     27231][        ] INFO  serverStartup: WMS:allowRemote= true
2019-08-04T04:28:41.375+0000 [     27300][        ] INFO  serverStartup: init(): Loaded WMS configuration from wmsConfig.xml
2019-08-04T04:28:41.379+0000 [     27304][        ] INFO  org.springframework.web.servlet.handler.SimpleUrlHandlerMapping: Mapped URL path [/**] onto handler 'wmsController'
2019-08-04T04:28:41.387+0000 [     27312][        ] INFO  org.springframework.web.servlet.DispatcherServlet: FrameworkServlet 'wms': initialization completed in 217 ms
